2024-10-15 07:24:42.628 [info] Added views:outline in workbench.view.explorer
2024-10-15 07:24:42.628 [info] Added views:workbench.view.search in workbench.view.search
2024-10-15 07:24:42.628 [info] Added views:workbench.scm in workbench.view.scm
2024-10-15 07:24:42.628 [info] Added views:workbench.panel.markers.view in workbench.panel.markers
2024-10-15 07:24:42.628 [info] Added views:workbench.panel.output in workbench.panel.output
2024-10-15 07:24:42.628 [info] Added views:terminal in terminal
2024-10-15 07:24:42.628 [info] Added views:timeline in workbench.view.explorer
2024-10-15 07:24:42.628 [info] Added views:workbench.explorer.emptyView in workbench.view.explorer
2024-10-15 07:24:42.682 [info] Added views:workbench.debug.variablesView,workbench.debug.watchExpressionsView,workbench.debug.callStackView,workbench.debug.breakPointsView in workbench.view.debug
2024-10-15 07:24:42.964 [info] Added views:~remote.forwardedPorts in ~remote.forwardedPortsContainer
2024-10-15 07:24:43.078 [info] Added views:workbench.panel.repl.view in workbench.panel.repl
2024-10-15 07:24:43.079 [info] Removed views:workbench.debug.breakPointsView,workbench.debug.callStackView,workbench.debug.watchExpressionsView,workbench.debug.variablesView from workbench.view.debug
2024-10-15 07:24:43.079 [info] Added views:workbench.debug.welcome in workbench.view.debug
2024-10-15 07:25:03.969 [info] Added views:outline in workbench.view.explorer
2024-10-15 07:25:03.969 [info] Added views:workbench.view.search in workbench.view.search
2024-10-15 07:25:03.969 [info] Added views:workbench.scm in workbench.view.scm
2024-10-15 07:25:03.969 [info] Added views:workbench.panel.markers.view in workbench.panel.markers
2024-10-15 07:25:03.969 [info] Added views:workbench.panel.output in workbench.panel.output
2024-10-15 07:25:03.969 [info] Added views:terminal in terminal
2024-10-15 07:25:03.969 [info] Added views:timeline in workbench.view.explorer
2024-10-15 07:25:03.969 [info] Added views:workbench.explorer.fileView in workbench.view.explorer
2024-10-15 07:25:04.064 [info] Added views:workbench.debug.variablesView,workbench.debug.watchExpressionsView,workbench.debug.callStackView,workbench.debug.breakPointsView in workbench.view.debug
2024-10-15 07:25:04.200 [info] Added views:~remote.forwardedPorts in ~remote.forwardedPortsContainer
2024-10-15 07:25:04.306 [info] Added views:workbench.panel.repl.view in workbench.panel.repl
2024-10-15 07:25:04.307 [info] Removed views:workbench.debug.breakPointsView,workbench.debug.callStackView,workbench.debug.watchExpressionsView,workbench.debug.variablesView from workbench.view.debug
2024-10-15 07:25:04.307 [info] Added views:workbench.debug.welcome in workbench.view.debug
