[0.570s] Invoking command in '/home/2024-tfg-eva-fernandez/pruebas/moving_nao/build/moving_nao': PYTHONPATH=/home/2024-tfg-eva-fernandez/pruebas/moving_nao/build/moving_nao/prefix_override:/usr/lib/python3/dist-packages/colcon_core/task/python/colcon_distutils_commands:/home/2024-tfg-eva-fernandez/pruebas/moving_nao/install/moving_nao/lib/python3.10/site-packages:${PYTHONPATH} /usr/bin/python3 -W ignore:setup.py install is deprecated setup.py develop --editable --build-directory /home/2024-tfg-eva-fernandez/pruebas/moving_nao/build/moving_nao/build --no-deps symlink_data --force
[0.816s] running develop
[0.816s] /usr/lib/python3/dist-packages/setuptools/command/easy_install.py:158: EasyInstallDeprecationWarning: easy_install command is deprecated. Use build and pip and other standards-based tools.
[0.816s]   warnings.warn(
[0.931s] running egg_info
[0.931s] writing moving_nao.egg-info/PKG-INFO
[0.931s] writing dependency_links to moving_nao.egg-info/dependency_links.txt
[0.931s] writing entry points to moving_nao.egg-info/entry_points.txt
[0.932s] writing requirements to moving_nao.egg-info/requires.txt
[0.932s] writing top-level names to moving_nao.egg-info/top_level.txt
[0.933s] reading manifest file 'moving_nao.egg-info/SOURCES.txt'
[0.934s] writing manifest file 'moving_nao.egg-info/SOURCES.txt'
[0.935s] running build_ext
[0.935s] Creating /home/2024-tfg-eva-fernandez/pruebas/moving_nao/install/moving_nao/lib/python3.10/site-packages/moving-nao.egg-link (link to .)
[0.937s] Installing nao_controller script to /home/2024-tfg-eva-fernandez/pruebas/moving_nao/install/moving_nao/lib/moving_nao
[0.937s] 
[0.937s] Installed /home/2024-tfg-eva-fernandez/pruebas/moving_nao/build/moving_nao
[0.937s] running symlink_data
[0.937s] symbolically linking /home/2024-tfg-eva-fernandez/pruebas/moving_nao/build/moving_nao/launch/launcher.launch.py -> /home/2024-tfg-eva-fernandez/pruebas/moving_nao/install/moving_nao/share/moving_nao/launch
[0.961s] Invoked command in '/home/2024-tfg-eva-fernandez/pruebas/moving_nao/build/moving_nao' returned '0': PYTHONPATH=/home/2024-tfg-eva-fernandez/pruebas/moving_nao/build/moving_nao/prefix_override:/usr/lib/python3/dist-packages/colcon_core/task/python/colcon_distutils_commands:/home/2024-tfg-eva-fernandez/pruebas/moving_nao/install/moving_nao/lib/python3.10/site-packages:${PYTHONPATH} /usr/bin/python3 -W ignore:setup.py install is deprecated setup.py develop --editable --build-directory /home/2024-tfg-eva-fernandez/pruebas/moving_nao/build/moving_nao/build --no-deps symlink_data --force
