running egg_info
creating build/greennao/greennao.egg-info
writing build/greennao/greennao.egg-info/PKG-INFO
writing dependency_links to build/greennao/greennao.egg-info/dependency_links.txt
writing entry points to build/greennao/greennao.egg-info/entry_points.txt
writing requirements to build/greennao/greennao.egg-info/requires.txt
writing top-level names to build/greennao/greennao.egg-info/top_level.txt
writing manifest file 'build/greennao/greennao.egg-info/SOURCES.txt'
reading manifest file 'build/greennao/greennao.egg-info/SOURCES.txt'
writing manifest file 'build/greennao/greennao.egg-info/SOURCES.txt'
running build
running build_py
creating /home/evichan/Desktop/2024-tfg-eva-fernandez/GreenNao/greennao/build/greennao/build
creating /home/evichan/Desktop/2024-tfg-eva-fernandez/GreenNao/greennao/build/greennao/build/lib
creating /home/evichan/Desktop/2024-tfg-eva-fernandez/GreenNao/greennao/build/greennao/build/lib/greennao
copying greennao/__init__.py -> /home/evichan/Desktop/2024-tfg-eva-fernandez/GreenNao/greennao/build/greennao/build/lib/greennao
copying greennao/movement_interpreter.py -> /home/evichan/Desktop/2024-tfg-eva-fernandez/GreenNao/greennao/build/greennao/build/lib/greennao
running install
running install_lib
creating /home/evichan/Desktop/2024-tfg-eva-fernandez/GreenNao/greennao/install/greennao/lib/python3.10/site-packages/greennao
copying /home/evichan/Desktop/2024-tfg-eva-fernandez/GreenNao/greennao/build/greennao/build/lib/greennao/__init__.py -> /home/evichan/Desktop/2024-tfg-eva-fernandez/GreenNao/greennao/install/greennao/lib/python3.10/site-packages/greennao
copying /home/evichan/Desktop/2024-tfg-eva-fernandez/GreenNao/greennao/build/greennao/build/lib/greennao/movement_interpreter.py -> /home/evichan/Desktop/2024-tfg-eva-fernandez/GreenNao/greennao/install/greennao/lib/python3.10/site-packages/greennao
byte-compiling /home/evichan/Desktop/2024-tfg-eva-fernandez/GreenNao/greennao/install/greennao/lib/python3.10/site-packages/greennao/__init__.py to __init__.cpython-310.pyc
byte-compiling /home/evichan/Desktop/2024-tfg-eva-fernandez/GreenNao/greennao/install/greennao/lib/python3.10/site-packages/greennao/movement_interpreter.py to movement_interpreter.cpython-310.pyc
running install_data
copying package.xml -> /home/evichan/Desktop/2024-tfg-eva-fernandez/GreenNao/greennao/install/greennao/share/greennao
creating /home/evichan/Desktop/2024-tfg-eva-fernandez/GreenNao/greennao/install/greennao/share/greennao/launch
copying launch/launcher.launch.py -> /home/evichan/Desktop/2024-tfg-eva-fernandez/GreenNao/greennao/install/greennao/share/greennao/launch
creating /home/evichan/Desktop/2024-tfg-eva-fernandez/GreenNao/greennao/install/greennao/share/ament_index
creating /home/evichan/Desktop/2024-tfg-eva-fernandez/GreenNao/greennao/install/greennao/share/ament_index/resource_index
creating /home/evichan/Desktop/2024-tfg-eva-fernandez/GreenNao/greennao/install/greennao/share/ament_index/resource_index/packages
copying resource/greennao -> /home/evichan/Desktop/2024-tfg-eva-fernandez/GreenNao/greennao/install/greennao/share/ament_index/resource_index/packages
running install_egg_info
Copying build/greennao/greennao.egg-info to /home/evichan/Desktop/2024-tfg-eva-fernandez/GreenNao/greennao/install/greennao/lib/python3.10/site-packages/greennao-0.0.0-py3.10.egg-info
running install_scripts
Installing movement_interpreter script to /home/evichan/Desktop/2024-tfg-eva-fernandez/GreenNao/greennao/install/greennao/lib/greennao
writing list of installed files to '/home/evichan/Desktop/2024-tfg-eva-fernandez/GreenNao/greennao/build/greennao/install.log'
