[0.290s] Invoking command in '/home/evichan/Desktop/2024-tfg-eva-fernandez/GreenNao/greennao': PYTHONPATH=/home/evichan/Desktop/2024-tfg-eva-fernandez/GreenNao/greennao/build/greennao/prefix_override:/usr/lib/python3/dist-packages/colcon_core/task/python/colcon_distutils_commands:/home/evichan/Desktop/2024-tfg-eva-fernandez/GreenNao/greennao/install/greennao/lib/python3.10/site-packages:${PYTHONPATH} /usr/bin/python3 -W ignore:setup.py install is deprecated -W ignore:easy_install command is deprecated setup.py egg_info --egg-base build/greennao build --build-base /home/evichan/Desktop/2024-tfg-eva-fernandez/GreenNao/greennao/build/greennao/build install --record /home/evichan/Desktop/2024-tfg-eva-fernandez/GreenNao/greennao/build/greennao/install.log --single-version-externally-managed install_data
[0.403s] running egg_info
[0.404s] creating build/greennao/greennao.egg-info
[0.404s] writing build/greennao/greennao.egg-info/PKG-INFO
[0.404s] writing dependency_links to build/greennao/greennao.egg-info/dependency_links.txt
[0.404s] writing entry points to build/greennao/greennao.egg-info/entry_points.txt
[0.404s] writing requirements to build/greennao/greennao.egg-info/requires.txt
[0.404s] writing top-level names to build/greennao/greennao.egg-info/top_level.txt
[0.404s] writing manifest file 'build/greennao/greennao.egg-info/SOURCES.txt'
[0.405s] reading manifest file 'build/greennao/greennao.egg-info/SOURCES.txt'
[0.405s] writing manifest file 'build/greennao/greennao.egg-info/SOURCES.txt'
[0.405s] running build
[0.405s] running build_py
[0.405s] creating /home/evichan/Desktop/2024-tfg-eva-fernandez/GreenNao/greennao/build/greennao/build
[0.405s] creating /home/evichan/Desktop/2024-tfg-eva-fernandez/GreenNao/greennao/build/greennao/build/lib
[0.405s] creating /home/evichan/Desktop/2024-tfg-eva-fernandez/GreenNao/greennao/build/greennao/build/lib/greennao
[0.405s] copying greennao/__init__.py -> /home/evichan/Desktop/2024-tfg-eva-fernandez/GreenNao/greennao/build/greennao/build/lib/greennao
[0.405s] copying greennao/movement_interpreter.py -> /home/evichan/Desktop/2024-tfg-eva-fernandez/GreenNao/greennao/build/greennao/build/lib/greennao
[0.405s] running install
[0.405s] running install_lib
[0.406s] creating /home/evichan/Desktop/2024-tfg-eva-fernandez/GreenNao/greennao/install/greennao/lib/python3.10/site-packages/greennao
[0.406s] copying /home/evichan/Desktop/2024-tfg-eva-fernandez/GreenNao/greennao/build/greennao/build/lib/greennao/__init__.py -> /home/evichan/Desktop/2024-tfg-eva-fernandez/GreenNao/greennao/install/greennao/lib/python3.10/site-packages/greennao
[0.406s] copying /home/evichan/Desktop/2024-tfg-eva-fernandez/GreenNao/greennao/build/greennao/build/lib/greennao/movement_interpreter.py -> /home/evichan/Desktop/2024-tfg-eva-fernandez/GreenNao/greennao/install/greennao/lib/python3.10/site-packages/greennao
[0.406s] byte-compiling /home/evichan/Desktop/2024-tfg-eva-fernandez/GreenNao/greennao/install/greennao/lib/python3.10/site-packages/greennao/__init__.py to __init__.cpython-310.pyc
[0.406s] byte-compiling /home/evichan/Desktop/2024-tfg-eva-fernandez/GreenNao/greennao/install/greennao/lib/python3.10/site-packages/greennao/movement_interpreter.py to movement_interpreter.cpython-310.pyc
[0.407s] running install_data
[0.407s] copying package.xml -> /home/evichan/Desktop/2024-tfg-eva-fernandez/GreenNao/greennao/install/greennao/share/greennao
[0.407s] creating /home/evichan/Desktop/2024-tfg-eva-fernandez/GreenNao/greennao/install/greennao/share/greennao/launch
[0.407s] copying launch/launcher.launch.py -> /home/evichan/Desktop/2024-tfg-eva-fernandez/GreenNao/greennao/install/greennao/share/greennao/launch
[0.407s] creating /home/evichan/Desktop/2024-tfg-eva-fernandez/GreenNao/greennao/install/greennao/share/ament_index
[0.407s] creating /home/evichan/Desktop/2024-tfg-eva-fernandez/GreenNao/greennao/install/greennao/share/ament_index/resource_index
[0.407s] creating /home/evichan/Desktop/2024-tfg-eva-fernandez/GreenNao/greennao/install/greennao/share/ament_index/resource_index/packages
[0.407s] copying resource/greennao -> /home/evichan/Desktop/2024-tfg-eva-fernandez/GreenNao/greennao/install/greennao/share/ament_index/resource_index/packages
[0.407s] running install_egg_info
[0.408s] Copying build/greennao/greennao.egg-info to /home/evichan/Desktop/2024-tfg-eva-fernandez/GreenNao/greennao/install/greennao/lib/python3.10/site-packages/greennao-0.0.0-py3.10.egg-info
[0.408s] running install_scripts
[0.420s] Installing movement_interpreter script to /home/evichan/Desktop/2024-tfg-eva-fernandez/GreenNao/greennao/install/greennao/lib/greennao
[0.420s] writing list of installed files to '/home/evichan/Desktop/2024-tfg-eva-fernandez/GreenNao/greennao/build/greennao/install.log'
[0.431s] Invoked command in '/home/evichan/Desktop/2024-tfg-eva-fernandez/GreenNao/greennao' returned '0': PYTHONPATH=/home/evichan/Desktop/2024-tfg-eva-fernandez/GreenNao/greennao/build/greennao/prefix_override:/usr/lib/python3/dist-packages/colcon_core/task/python/colcon_distutils_commands:/home/evichan/Desktop/2024-tfg-eva-fernandez/GreenNao/greennao/install/greennao/lib/python3.10/site-packages:${PYTHONPATH} /usr/bin/python3 -W ignore:setup.py install is deprecated -W ignore:easy_install command is deprecated setup.py egg_info --egg-base build/greennao build --build-base /home/evichan/Desktop/2024-tfg-eva-fernandez/GreenNao/greennao/build/greennao/build install --record /home/evichan/Desktop/2024-tfg-eva-fernandez/GreenNao/greennao/build/greennao/install.log --single-version-externally-managed install_data
