[0.011s] Invoking command in '/home/2024-tfg-eva-fernandez/pruebas/NAO_controller/build/NAO_controller': CMAKE_PREFIX_PATH=/opt/ros/humble /usr/bin/cmake /home/2024-tfg-eva-fernandez/pruebas/NAO_controller -DCMAKE_INSTALL_PREFIX=/home/2024-tfg-eva-fernandez/pruebas/NAO_controller/install/NAO_controller
[0.169s] -- The C compiler identification is GNU 11.4.0
[0.249s] -- The CXX compiler identification is GNU 11.4.0
[0.256s] -- Detecting C compiler ABI info
[0.308s] -- Detecting C compiler ABI info - done
[0.315s] -- Check for working C compiler: /usr/bin/cc - skipped
[0.315s] -- Detecting C compile features
[0.315s] -- Detecting C compile features - done
[0.318s] -- Detecting CXX compiler ABI info
[0.374s] -- Detecting CXX compiler ABI info - done
[0.378s] -- Check for working CXX compiler: /usr/bin/c++ - skipped
[0.378s] -- Detecting CXX compile features
[0.378s] -- Detecting CXX compile features - done
[0.383s] -- Found ament_cmake: 1.3.10 (/opt/ros/humble/share/ament_cmake/cmake)
[0.497s] -- Found Python3: /usr/bin/python3 (found version "3.10.12") found components: Interpreter 
[0.579s] -- Found rclcpp: 16.0.10 (/opt/ros/humble/share/rclcpp/cmake)
[0.626s] -- Found rosidl_generator_c: 3.1.5 (/opt/ros/humble/share/rosidl_generator_c/cmake)
[0.630s] -- Found rosidl_adapter: 3.1.5 (/opt/ros/humble/share/rosidl_adapter/cmake)
[0.638s] -- Found rosidl_generator_cpp: 3.1.5 (/opt/ros/humble/share/rosidl_generator_cpp/cmake)
[0.649s] -- Using all available rosidl_typesupport_c: rosidl_typesupport_fastrtps_c;rosidl_typesupport_introspection_c
[0.663s] -- Using all available rosidl_typesupport_cpp: rosidl_typesupport_fastrtps_cpp;rosidl_typesupport_introspection_cpp
[0.701s] -- Found rmw_implementation_cmake: 6.1.2 (/opt/ros/humble/share/rmw_implementation_cmake/cmake)
[0.704s] -- Found rmw_fastrtps_cpp: 6.2.7 (/opt/ros/humble/share/rmw_fastrtps_cpp/cmake)
[0.789s] -- Found OpenSSL: /usr/lib/x86_64-linux-gnu/libcrypto.so (found version "3.0.2")  
[0.817s] -- Found FastRTPS: /opt/ros/humble/include  
[0.847s] -- Using RMW implementation 'rmw_fastrtps_cpp' as default
[0.858s] -- Looking for pthread.h
[0.918s] -- Looking for pthread.h - found
[0.918s] -- Performing Test CMAKE_HAVE_LIBC_PTHREAD
[0.987s] -- Performing Test CMAKE_HAVE_LIBC_PTHREAD - Success
[0.988s] -- Found Threads: TRUE  
[1.042s] [31mCMake Error at CMakeLists.txt:11 (find_package):
[1.042s]   By not providing "Findgazebo.cmake" in CMAKE_MODULE_PATH this project has
[1.042s]   asked CMake to find a package configuration file provided by "gazebo", but
[1.042s]   CMake did not find one.
[1.042s] 
[1.042s]   Could not find a package configuration file provided by "gazebo" with any
[1.042s]   of the following names:
[1.042s] 
[1.042s]     gazeboConfig.cmake
[1.042s]     gazebo-config.cmake
[1.042s] 
[1.042s]   Add the installation prefix of "gazebo" to CMAKE_PREFIX_PATH or set
[1.042s]   "gazebo_DIR" to a directory containing one of the above files.  If "gazebo"
[1.042s]   provides a separate development package or SDK, be sure it has been
[1.042s]   installed.
[1.042s] 
[1.042s] [0m
[1.042s] -- Configuring incomplete, errors occurred!
[1.042s] See also "/home/2024-tfg-eva-fernandez/pruebas/NAO_controller/build/NAO_controller/CMakeFiles/CMakeOutput.log".
[1.046s] Invoked command in '/home/2024-tfg-eva-fernandez/pruebas/NAO_controller/build/NAO_controller' returned '1': CMAKE_PREFIX_PATH=/opt/ros/humble /usr/bin/cmake /home/2024-tfg-eva-fernandez/pruebas/NAO_controller -DCMAKE_INSTALL_PREFIX=/home/2024-tfg-eva-fernandez/pruebas/NAO_controller/install/NAO_controller
