2024-10-22 07:49:37.177 [info] [main] Log level: Info
2024-10-22 07:49:37.177 [info] [main] Validating found git in: "git"
2024-10-22 07:49:37.177 [info] [main] Using git "2.34.1" from "git"
2024-10-22 07:49:37.177 [info] [Model][doInitialScan] Initial repository scan started
2024-10-22 07:49:37.177 [info] > git rev-parse --show-toplevel [4ms]
2024-10-22 07:49:37.178 [info] > git rev-parse --show-toplevel [1ms]
2024-10-22 07:49:37.181 [info] > git rev-parse --show-toplevel [0ms]
2024-10-22 07:49:37.185 [info] > git rev-parse --show-toplevel [1ms]
2024-10-22 07:49:37.189 [info] > git rev-parse --show-toplevel [1ms]
2024-10-22 07:49:37.194 [info] > git rev-parse --show-toplevel [3ms]
2024-10-22 07:49:37.198 [info] > git rev-parse --show-toplevel [1ms]
2024-10-22 07:49:37.203 [info] > git rev-parse --show-toplevel [2ms]
2024-10-22 07:49:37.208 [info] > git rev-parse --show-toplevel [2ms]
2024-10-22 07:49:37.212 [info] > git rev-parse --show-toplevel [1ms]
2024-10-22 07:49:37.216 [info] > git rev-parse --show-toplevel [2ms]
2024-10-22 07:49:37.220 [info] > git rev-parse --show-toplevel [1ms]
2024-10-22 07:49:37.223 [info] > git rev-parse --show-toplevel [1ms]
2024-10-22 07:49:37.228 [info] > git rev-parse --show-toplevel [2ms]
2024-10-22 07:49:37.232 [info] > git rev-parse --show-toplevel [2ms]
2024-10-22 07:49:37.236 [info] > git rev-parse --show-toplevel [1ms]
2024-10-22 07:49:37.239 [info] > git rev-parse --show-toplevel [1ms]
2024-10-22 07:49:37.244 [info] > git rev-parse --show-toplevel [1ms]
2024-10-22 07:49:37.249 [info] > git rev-parse --show-toplevel [1ms]
2024-10-22 07:49:37.253 [info] > git rev-parse --show-toplevel [1ms]
2024-10-22 07:49:37.257 [info] > git rev-parse --show-toplevel [1ms]
2024-10-22 07:49:37.262 [info] > git rev-parse --show-toplevel [1ms]
2024-10-22 07:49:37.268 [info] > git rev-parse --show-toplevel [4ms]
2024-10-22 07:49:37.273 [info] > git rev-parse --show-toplevel [2ms]
2024-10-22 07:49:37.276 [info] > git rev-parse --show-toplevel [1ms]
2024-10-22 07:49:37.279 [info] > git rev-parse --show-toplevel [1ms]
2024-10-22 07:49:37.281 [info] [Model][doInitialScan] Initial repository scan completed - repositories (0), closed repositories (0), parent repositories (1), unsafe repositories (0)
2024-10-22 07:49:37.285 [info] > git rev-parse --show-toplevel [1ms]
2024-10-22 07:49:37.288 [info] > git rev-parse --show-toplevel [1ms]
2024-10-22 07:49:39.065 [info] > git rev-parse --show-toplevel [1ms]
