[1.051s] Invoking command in '/home/pc/Escritorio/2024-tfg-eva-fernandez/pruebas/moving_nao': DEBUGINFOD_URLS=https://debuginfod.ubuntu.com PYTHONPATH=/home/pc/Escritorio/2024-tfg-eva-fernandez/pruebas/moving_nao/build/moving_nao/prefix_override:/usr/lib/python3/dist-packages/colcon_core/task/python/colcon_distutils_commands:/home/pc/Escritorio/2024-tfg-eva-fernandez/pruebas/moving_nao/install/moving_nao/lib/python3.12/site-packages:${PYTHONPATH} /usr/bin/python3 -W ignore:setup.py install is deprecated -W ignore:easy_install command is deprecated setup.py egg_info --egg-base build/moving_nao build --build-base /home/pc/Escritorio/2024-tfg-eva-fernandez/pruebas/moving_nao/build/moving_nao/build install --record /home/pc/Escritorio/2024-tfg-eva-fernandez/pruebas/moving_nao/build/moving_nao/install.log --single-version-externally-managed install_data
[1.401s] running egg_info
[1.425s] writing build/moving_nao/moving_nao.egg-info/PKG-INFO
[1.425s] writing dependency_links to build/moving_nao/moving_nao.egg-info/dependency_links.txt
[1.425s] writing entry points to build/moving_nao/moving_nao.egg-info/entry_points.txt
[1.425s] writing requirements to build/moving_nao/moving_nao.egg-info/requires.txt
[1.425s] writing top-level names to build/moving_nao/moving_nao.egg-info/top_level.txt
[1.476s] reading manifest file 'build/moving_nao/moving_nao.egg-info/SOURCES.txt'
[1.477s] writing manifest file 'build/moving_nao/moving_nao.egg-info/SOURCES.txt'
[1.477s] running build
[1.477s] running build_py
[1.478s] running install
[1.482s] running install_lib
[1.508s] running install_data
[1.508s] running install_egg_info
[1.533s] removing '/home/pc/Escritorio/2024-tfg-eva-fernandez/pruebas/moving_nao/install/moving_nao/lib/python3.12/site-packages/moving_nao-0.0.0-py3.12.egg-info' (and everything under it)
[1.533s] Copying build/moving_nao/moving_nao.egg-info to /home/pc/Escritorio/2024-tfg-eva-fernandez/pruebas/moving_nao/install/moving_nao/lib/python3.12/site-packages/moving_nao-0.0.0-py3.12.egg-info
[1.534s] running install_scripts
[1.698s] Installing butterfly_swim script to /home/pc/Escritorio/2024-tfg-eva-fernandez/pruebas/moving_nao/install/moving_nao/lib/moving_nao
[1.699s] Installing moving_in_motion script to /home/pc/Escritorio/2024-tfg-eva-fernandez/pruebas/moving_nao/install/moving_nao/lib/moving_nao
[1.699s] Installing moving_in_pattern script to /home/pc/Escritorio/2024-tfg-eva-fernandez/pruebas/moving_nao/install/moving_nao/lib/moving_nao
[1.699s] Installing nao_controller script to /home/pc/Escritorio/2024-tfg-eva-fernandez/pruebas/moving_nao/install/moving_nao/lib/moving_nao
[1.699s] Installing walk script to /home/pc/Escritorio/2024-tfg-eva-fernandez/pruebas/moving_nao/install/moving_nao/lib/moving_nao
[1.699s] Installing walk_with_json script to /home/pc/Escritorio/2024-tfg-eva-fernandez/pruebas/moving_nao/install/moving_nao/lib/moving_nao
[1.699s] writing list of installed files to '/home/pc/Escritorio/2024-tfg-eva-fernandez/pruebas/moving_nao/build/moving_nao/install.log'
[1.718s] Invoked command in '/home/pc/Escritorio/2024-tfg-eva-fernandez/pruebas/moving_nao' returned '0': DEBUGINFOD_URLS=https://debuginfod.ubuntu.com PYTHONPATH=/home/pc/Escritorio/2024-tfg-eva-fernandez/pruebas/moving_nao/build/moving_nao/prefix_override:/usr/lib/python3/dist-packages/colcon_core/task/python/colcon_distutils_commands:/home/pc/Escritorio/2024-tfg-eva-fernandez/pruebas/moving_nao/install/moving_nao/lib/python3.12/site-packages:${PYTHONPATH} /usr/bin/python3 -W ignore:setup.py install is deprecated -W ignore:easy_install command is deprecated setup.py egg_info --egg-base build/moving_nao build --build-base /home/pc/Escritorio/2024-tfg-eva-fernandez/pruebas/moving_nao/build/moving_nao/build install --record /home/pc/Escritorio/2024-tfg-eva-fernandez/pruebas/moving_nao/build/moving_nao/install.log --single-version-externally-managed install_data
