2024-10-29 06:12:05.728 [error] [network] #1: https://az764295.vo.msecnd.net/extensions/marketplace.json - error GET net::ERR_NAME_NOT_RESOLVED
2024-10-29 06:12:07.805 [error] [network] #2: https://mobile.events.data.microsoft.com/OneCollector/1.0?cors=true&content-type=application/x-json-stream - error POST net::ERR_NAME_NOT_RESOLVED
2024-10-29 06:13:40.070 [error] [network] #3: https://mobile.events.data.microsoft.com/OneCollector/1.0?cors=true&content-type=application/x-json-stream - error POST net::ERR_NAME_NOT_RESOLVED
2024-10-29 06:13:40.072 [error] [network] #4: https://mobile.events.data.microsoft.com/OneCollector/1.0?cors=true&content-type=application/x-json-stream - error POST net::ERR_NAME_NOT_RESOLVED
2024-10-29 06:14:59.422 [error] [network] #6: https://mobile.events.data.microsoft.com/OneCollector/1.0?cors=true&content-type=application/x-json-stream - error POST net::ERR_NAME_NOT_RESOLVED
2024-10-29 06:14:59.423 [error] [network] #5: https://mobile.events.data.microsoft.com/OneCollector/1.0?cors=true&content-type=application/x-json-stream - error POST net::ERR_NAME_NOT_RESOLVED
2024-10-29 06:15:59.440 [error] [network] #7: https://mobile.events.data.microsoft.com/OneCollector/1.0?cors=true&content-type=application/x-json-stream - error POST net::ERR_NAME_NOT_RESOLVED
2024-10-29 06:15:59.441 [error] [network] #8: https://mobile.events.data.microsoft.com/OneCollector/1.0?cors=true&content-type=application/x-json-stream - error POST net::ERR_NAME_NOT_RESOLVED
2024-10-29 06:17:57.977 [error] [network] #11: https://az764295.vo.msecnd.net/extensions/marketplace.json - error GET net::ERR_TIMED_OUT
2024-10-29 06:18:07.715 [error] [network] #9: https://mobile.events.data.microsoft.com/OneCollector/1.0?cors=true&content-type=application/x-json-stream - error POST net::ERR_TIMED_OUT
2024-10-29 06:18:09.481 [error] [network] #10: https://mobile.events.data.microsoft.com/OneCollector/1.0?cors=true&content-type=application/x-json-stream - error POST net::ERR_TIMED_OUT
2024-10-29 06:20:00.310 [error] [network] #12: https://mobile.events.data.microsoft.com/OneCollector/1.0?cors=true&content-type=application/x-json-stream - error POST net::ERR_HTTP2_PROTOCOL_ERROR
2024-10-29 06:20:00.311 [error] [network] #13: https://mobile.events.data.microsoft.com/OneCollector/1.0?cors=true&content-type=application/x-json-stream - error POST net::ERR_HTTP2_PROTOCOL_ERROR
2024-10-29 06:23:15.020 [error] [network] #16: https://mobile.events.data.microsoft.com/OneCollector/1.0?cors=true&content-type=application/x-json-stream - error POST net::ERR_TIMED_OUT
2024-10-29 06:23:15.021 [error] [network] #17: https://mobile.events.data.microsoft.com/OneCollector/1.0?cors=true&content-type=application/x-json-stream - error POST net::ERR_TIMED_OUT
2024-10-29 06:24:03.434 [error] [network] #20: https://mobile.events.data.microsoft.com/OneCollector/1.0?cors=true&content-type=application/x-json-stream - error POST net::ERR_TIMED_OUT
2024-10-29 06:24:03.915 [error] [network] #19: https://mobile.events.data.microsoft.com/OneCollector/1.0?cors=true&content-type=application/x-json-stream - error POST net::ERR_TIMED_OUT
2024-10-29 06:24:06.198 [error] [network] #21: https://mobile.events.data.microsoft.com/OneCollector/1.0?cors=true&content-type=application/x-json-stream - error POST net::ERR_TIMED_OUT
2024-10-29 06:24:20.469 [error] [network] #18: https://az764295.vo.msecnd.net/extensions/marketplace.json - error GET net::ERR_TIMED_OUT
2024-10-29 06:24:50.492 [error] [network] #22: https://mobile.events.data.microsoft.com/OneCollector/1.0?cors=true&content-type=application/x-json-stream - error POST net::ERR_TIMED_OUT
