2024-10-29 06:10:34.153 [info] [main] Log level: Info
2024-10-29 06:10:34.153 [info] [main] Validating found git in: "git"
2024-10-29 06:10:34.153 [info] [main] Using git "2.34.1" from "git"
2024-10-29 06:10:34.153 [info] [Model][doInitialScan] Initial repository scan started
2024-10-29 06:10:34.153 [info] [Model][doInitialScan] Initial repository scan completed - repositories (0), closed repositories (0), parent repositories (0), unsafe repositories (0)
2024-10-29 06:11:01.057 [info] [main] Log level: Info
2024-10-29 06:11:01.057 [info] [main] Validating found git in: "git"
2024-10-29 06:11:01.057 [info] [main] Using git "2.34.1" from "git"
2024-10-29 06:11:01.057 [info] [Model][doInitialScan] Initial repository scan started
2024-10-29 06:11:01.064 [info] > git rev-parse --show-toplevel [12ms]
2024-10-29 06:11:01.073 [info] > git rev-parse --show-toplevel [2ms]
2024-10-29 06:11:01.082 [info] > git rev-parse --show-toplevel [2ms]
2024-10-29 06:11:01.091 [info] > git rev-parse --show-toplevel [2ms]
2024-10-29 06:11:01.099 [info] > git rev-parse --show-toplevel [2ms]
2024-10-29 06:11:01.107 [info] > git rev-parse --show-toplevel [2ms]
2024-10-29 06:11:01.114 [info] > git rev-parse --show-toplevel [2ms]
2024-10-29 06:11:01.126 [info] > git rev-parse --show-toplevel [7ms]
2024-10-29 06:11:01.133 [info] > git rev-parse --show-toplevel [2ms]
2024-10-29 06:11:01.140 [info] > git rev-parse --show-toplevel [2ms]
2024-10-29 06:11:01.147 [info] > git rev-parse --show-toplevel [2ms]
2024-10-29 06:11:01.153 [info] > git rev-parse --show-toplevel [1ms]
2024-10-29 06:11:01.160 [info] > git rev-parse --show-toplevel [2ms]
2024-10-29 06:11:01.167 [info] > git rev-parse --show-toplevel [2ms]
2024-10-29 06:11:01.174 [info] > git rev-parse --show-toplevel [2ms]
2024-10-29 06:11:01.181 [info] > git rev-parse --show-toplevel [2ms]
2024-10-29 06:11:01.188 [info] > git rev-parse --show-toplevel [2ms]
2024-10-29 06:11:01.195 [info] > git rev-parse --show-toplevel [2ms]
2024-10-29 06:11:01.202 [info] > git rev-parse --show-toplevel [2ms]
2024-10-29 06:11:01.209 [info] > git rev-parse --show-toplevel [2ms]
2024-10-29 06:11:01.216 [info] > git rev-parse --show-toplevel [2ms]
2024-10-29 06:11:01.224 [info] > git rev-parse --show-toplevel [1ms]
2024-10-29 06:11:01.234 [info] > git rev-parse --show-toplevel [3ms]
2024-10-29 06:11:01.243 [info] > git rev-parse --show-toplevel [2ms]
2024-10-29 06:11:01.253 [info] > git rev-parse --show-toplevel [3ms]
2024-10-29 06:11:01.266 [info] > git rev-parse --show-toplevel [3ms]
2024-10-29 06:11:01.271 [info] [Model][doInitialScan] Initial repository scan completed - repositories (0), closed repositories (0), parent repositories (1), unsafe repositories (0)
2024-10-29 06:11:16.016 [info] > git rev-parse --show-toplevel [1ms]
2024-10-29 06:11:20.240 [info] > git rev-parse --show-toplevel [1ms]
2024-10-29 06:11:24.619 [info] > git rev-parse --show-toplevel [4ms]
2024-10-29 06:11:26.858 [info] > git rev-parse --show-toplevel [3ms]
2024-10-29 06:11:58.654 [info] > git rev-parse --show-toplevel [1ms]
2024-10-29 06:13:07.529 [info] > git rev-parse --show-toplevel [2ms]
2024-10-29 06:26:45.731 [info] > git rev-parse --show-toplevel [2ms]
2024-10-29 06:26:54.469 [info] > git rev-parse --show-toplevel [3ms]
2024-10-29 06:28:28.299 [info] > git rev-parse --show-toplevel [2ms]
2024-10-29 06:31:22.469 [info] > git rev-parse --show-toplevel [3ms]
2024-10-29 06:31:24.431 [info] > git rev-parse --show-toplevel [3ms]
