[0.160s] Invoking command in '/home/evichan/Desktop/2024-tfg-eva-fernandez/build/nao_controller': CMAKE_PREFIX_PATH=/home/evichan/Desktop/2024-tfg-eva-fernandez/pruebas/moving_nao/install/moving_nao:/opt/ros/humble /usr/bin/cmake /home/evichan/Desktop/2024-tfg-eva-fernandez/pruebas/nao_controller -DCMAKE_INSTALL_PREFIX=/home/evichan/Desktop/2024-tfg-eva-fernandez/install/nao_controller
[0.244s] -- The C compiler identification is GNU 11.4.0
[0.304s] -- The CXX compiler identification is GNU 11.4.0
[0.311s] -- Detecting C compiler ABI info
[0.356s] -- Detecting C compiler ABI info - done
[0.361s] -- Check for working C compiler: /usr/bin/cc - skipped
[0.361s] -- Detecting C compile features
[0.362s] -- Detecting C compile features - done
[0.364s] -- Detecting CXX compiler ABI info
[0.412s] -- Detecting CXX compiler ABI info - done
[0.417s] -- Check for working CXX compiler: /usr/bin/c++ - skipped
[0.417s] -- Detecting CXX compile features
[0.417s] -- Detecting CXX compile features - done
[0.421s] -- Found ament_cmake: 1.3.11 (/opt/ros/humble/share/ament_cmake/cmake)
[0.521s] -- Found Python3: /usr/bin/python3 (found version "3.10.12") found components: Interpreter 
[0.648s] -- Configuring done
[0.649s] -- Generating done
[0.650s] -- Build files have been written to: /home/evichan/Desktop/2024-tfg-eva-fernandez/build/nao_controller
[0.654s] Invoked command in '/home/evichan/Desktop/2024-tfg-eva-fernandez/build/nao_controller' returned '0': CMAKE_PREFIX_PATH=/home/evichan/Desktop/2024-tfg-eva-fernandez/pruebas/moving_nao/install/moving_nao:/opt/ros/humble /usr/bin/cmake /home/evichan/Desktop/2024-tfg-eva-fernandez/pruebas/nao_controller -DCMAKE_INSTALL_PREFIX=/home/evichan/Desktop/2024-tfg-eva-fernandez/install/nao_controller
[0.654s] Invoking command in '/home/evichan/Desktop/2024-tfg-eva-fernandez/build/nao_controller': CMAKE_PREFIX_PATH=/home/evichan/Desktop/2024-tfg-eva-fernandez/pruebas/moving_nao/install/moving_nao:/opt/ros/humble /usr/bin/cmake --build /home/evichan/Desktop/2024-tfg-eva-fernandez/build/nao_controller -- -j20 -l20
[0.675s] Invoked command in '/home/evichan/Desktop/2024-tfg-eva-fernandez/build/nao_controller' returned '0': CMAKE_PREFIX_PATH=/home/evichan/Desktop/2024-tfg-eva-fernandez/pruebas/moving_nao/install/moving_nao:/opt/ros/humble /usr/bin/cmake --build /home/evichan/Desktop/2024-tfg-eva-fernandez/build/nao_controller -- -j20 -l20
[0.681s] Invoking command in '/home/evichan/Desktop/2024-tfg-eva-fernandez/build/nao_controller': CMAKE_PREFIX_PATH=/home/evichan/Desktop/2024-tfg-eva-fernandez/pruebas/moving_nao/install/moving_nao:/opt/ros/humble /usr/bin/cmake --install /home/evichan/Desktop/2024-tfg-eva-fernandez/build/nao_controller
[0.687s] -- Install configuration: ""
[0.687s] -- Installing: /home/evichan/Desktop/2024-tfg-eva-fernandez/install/nao_controller/share/nao_controller/launch
[0.687s] -- Installing: /home/evichan/Desktop/2024-tfg-eva-fernandez/install/nao_controller/share/nao_controller/launch/launcher.launch.py
[0.687s] -- Installing: /home/evichan/Desktop/2024-tfg-eva-fernandez/install/nao_controller/share/ament_index/resource_index/package_run_dependencies/nao_controller
[0.687s] -- Installing: /home/evichan/Desktop/2024-tfg-eva-fernandez/install/nao_controller/share/ament_index/resource_index/parent_prefix_path/nao_controller
[0.688s] -- Installing: /home/evichan/Desktop/2024-tfg-eva-fernandez/install/nao_controller/share/nao_controller/environment/ament_prefix_path.sh
[0.688s] -- Installing: /home/evichan/Desktop/2024-tfg-eva-fernandez/install/nao_controller/share/nao_controller/environment/ament_prefix_path.dsv
[0.688s] -- Installing: /home/evichan/Desktop/2024-tfg-eva-fernandez/install/nao_controller/share/nao_controller/environment/path.sh
[0.688s] -- Installing: /home/evichan/Desktop/2024-tfg-eva-fernandez/install/nao_controller/share/nao_controller/environment/path.dsv
[0.688s] -- Installing: /home/evichan/Desktop/2024-tfg-eva-fernandez/install/nao_controller/share/nao_controller/local_setup.bash
[0.688s] -- Installing: /home/evichan/Desktop/2024-tfg-eva-fernandez/install/nao_controller/share/nao_controller/local_setup.sh
[0.688s] -- Installing: /home/evichan/Desktop/2024-tfg-eva-fernandez/install/nao_controller/share/nao_controller/local_setup.zsh
[0.688s] -- Installing: /home/evichan/Desktop/2024-tfg-eva-fernandez/install/nao_controller/share/nao_controller/local_setup.dsv
[0.688s] -- Installing: /home/evichan/Desktop/2024-tfg-eva-fernandez/install/nao_controller/share/nao_controller/package.dsv
[0.688s] -- Installing: /home/evichan/Desktop/2024-tfg-eva-fernandez/install/nao_controller/share/ament_index/resource_index/packages/nao_controller
[0.688s] -- Installing: /home/evichan/Desktop/2024-tfg-eva-fernandez/install/nao_controller/share/nao_controller/cmake/nao_controllerConfig.cmake
[0.688s] -- Installing: /home/evichan/Desktop/2024-tfg-eva-fernandez/install/nao_controller/share/nao_controller/cmake/nao_controllerConfig-version.cmake
[0.688s] -- Installing: /home/evichan/Desktop/2024-tfg-eva-fernandez/install/nao_controller/share/nao_controller/package.xml
[0.690s] Invoked command in '/home/evichan/Desktop/2024-tfg-eva-fernandez/build/nao_controller' returned '0': CMAKE_PREFIX_PATH=/home/evichan/Desktop/2024-tfg-eva-fernandez/pruebas/moving_nao/install/moving_nao:/opt/ros/humble /usr/bin/cmake --install /home/evichan/Desktop/2024-tfg-eva-fernandez/build/nao_controller
