running develop
Removing /home/2024-tfg-eva-fernandez/pruebas/moving_nao/install/moving_nao/lib/python3.10/site-packages/moving-nao.egg-link (link to .)
running egg_info
writing build/moving_nao/moving_nao.egg-info/PKG-INFO
writing dependency_links to build/moving_nao/moving_nao.egg-info/dependency_links.txt
writing entry points to build/moving_nao/moving_nao.egg-info/entry_points.txt
writing requirements to build/moving_nao/moving_nao.egg-info/requires.txt
writing top-level names to build/moving_nao/moving_nao.egg-info/top_level.txt
reading manifest file 'build/moving_nao/moving_nao.egg-info/SOURCES.txt'
adding license file 'LICENSE'
writing manifest file 'build/moving_nao/moving_nao.egg-info/SOURCES.txt'
running build
running build_py
copying moving_nao/nao_controller.py -> /home/2024-tfg-eva-fernandez/pruebas/moving_nao/build/moving_nao/build/lib/moving_nao
running install
running install_lib
copying /home/2024-tfg-eva-fernandez/pruebas/moving_nao/build/moving_nao/build/lib/moving_nao/__init__.py -> /home/2024-tfg-eva-fernandez/pruebas/moving_nao/install/moving_nao/lib/python3.10/site-packages/moving_nao
copying /home/2024-tfg-eva-fernandez/pruebas/moving_nao/build/moving_nao/build/lib/moving_nao/nao_controller.py -> /home/2024-tfg-eva-fernandez/pruebas/moving_nao/install/moving_nao/lib/python3.10/site-packages/moving_nao
byte-compiling /home/2024-tfg-eva-fernandez/pruebas/moving_nao/install/moving_nao/lib/python3.10/site-packages/moving_nao/__init__.py to __init__.cpython-310.pyc
byte-compiling /home/2024-tfg-eva-fernandez/pruebas/moving_nao/install/moving_nao/lib/python3.10/site-packages/moving_nao/nao_controller.py to nao_controller.cpython-310.pyc
running install_data
copying package.xml -> /home/2024-tfg-eva-fernandez/pruebas/moving_nao/install/moving_nao/share/moving_nao
copying launch/launcher.launch.py -> /home/2024-tfg-eva-fernandez/pruebas/moving_nao/install/moving_nao/share/moving_nao/launch
copying resource/moving_nao -> /home/2024-tfg-eva-fernandez/pruebas/moving_nao/install/moving_nao/share/ament_index/resource_index/packages
running install_egg_info
Copying build/moving_nao/moving_nao.egg-info to /home/2024-tfg-eva-fernandez/pruebas/moving_nao/install/moving_nao/lib/python3.10/site-packages/moving_nao-0.0.0-py3.10.egg-info
running install_scripts
Installing nao_controller script to /home/2024-tfg-eva-fernandez/pruebas/moving_nao/install/moving_nao/lib/moving_nao
writing list of installed files to '/home/2024-tfg-eva-fernandez/pruebas/moving_nao/build/moving_nao/install.log'
