[0.780s] Invoking command in '/home/2024-tfg-eva-fernandez/pruebas/moving_nao/build/moving_nao': PYTHONPATH=/home/2024-tfg-eva-fernandez/pruebas/moving_nao/build/moving_nao/prefix_override:/usr/lib/python3/dist-packages/colcon_core/task/python/colcon_distutils_commands:/home/2024-tfg-eva-fernandez/pruebas/moving_nao/install/moving_nao/lib/python3.10/site-packages:${PYTHONPATH} /usr/bin/python3 -W ignore:setup.py install is deprecated setup.py develop --uninstall --editable --build-directory /home/2024-tfg-eva-fernandez/pruebas/moving_nao/build/moving_nao/build
[1.103s] running develop
[1.104s] /usr/lib/python3/dist-packages/setuptools/command/easy_install.py:158: EasyInstallDeprecationWarning: easy_install command is deprecated. Use build and pip and other standards-based tools.
[1.104s]   warnings.warn(
[1.271s] Removing /home/2024-tfg-eva-fernandez/pruebas/moving_nao/install/moving_nao/lib/python3.10/site-packages/moving-nao.egg-link (link to .)
[1.298s] Invoked command in '/home/2024-tfg-eva-fernandez/pruebas/moving_nao/build/moving_nao' returned '0': PYTHONPATH=/home/2024-tfg-eva-fernandez/pruebas/moving_nao/build/moving_nao/prefix_override:/usr/lib/python3/dist-packages/colcon_core/task/python/colcon_distutils_commands:/home/2024-tfg-eva-fernandez/pruebas/moving_nao/install/moving_nao/lib/python3.10/site-packages:${PYTHONPATH} /usr/bin/python3 -W ignore:setup.py install is deprecated setup.py develop --uninstall --editable --build-directory /home/2024-tfg-eva-fernandez/pruebas/moving_nao/build/moving_nao/build
[1.300s] Invoking command in '/home/2024-tfg-eva-fernandez/pruebas/moving_nao': PYTHONPATH=/home/2024-tfg-eva-fernandez/pruebas/moving_nao/build/moving_nao/prefix_override:/usr/lib/python3/dist-packages/colcon_core/task/python/colcon_distutils_commands:/home/2024-tfg-eva-fernandez/pruebas/moving_nao/install/moving_nao/lib/python3.10/site-packages:${PYTHONPATH} /usr/bin/python3 -W ignore:setup.py install is deprecated setup.py egg_info --egg-base build/moving_nao build --build-base /home/2024-tfg-eva-fernandez/pruebas/moving_nao/build/moving_nao/build install --record /home/2024-tfg-eva-fernandez/pruebas/moving_nao/build/moving_nao/install.log --single-version-externally-managed install_data --force
[1.554s] running egg_info
[1.555s] writing build/moving_nao/moving_nao.egg-info/PKG-INFO
[1.555s] writing dependency_links to build/moving_nao/moving_nao.egg-info/dependency_links.txt
[1.555s] writing entry points to build/moving_nao/moving_nao.egg-info/entry_points.txt
[1.555s] writing requirements to build/moving_nao/moving_nao.egg-info/requires.txt
[1.555s] writing top-level names to build/moving_nao/moving_nao.egg-info/top_level.txt
[1.557s] reading manifest file 'build/moving_nao/moving_nao.egg-info/SOURCES.txt'
[1.557s] adding license file 'LICENSE'
[1.558s] writing manifest file 'build/moving_nao/moving_nao.egg-info/SOURCES.txt'
[1.558s] running build
[1.558s] running build_py
[1.559s] copying moving_nao/nao_controller.py -> /home/2024-tfg-eva-fernandez/pruebas/moving_nao/build/moving_nao/build/lib/moving_nao
[1.559s] running install
[1.559s] running install_lib
[1.560s] copying /home/2024-tfg-eva-fernandez/pruebas/moving_nao/build/moving_nao/build/lib/moving_nao/__init__.py -> /home/2024-tfg-eva-fernandez/pruebas/moving_nao/install/moving_nao/lib/python3.10/site-packages/moving_nao
[1.561s] copying /home/2024-tfg-eva-fernandez/pruebas/moving_nao/build/moving_nao/build/lib/moving_nao/nao_controller.py -> /home/2024-tfg-eva-fernandez/pruebas/moving_nao/install/moving_nao/lib/python3.10/site-packages/moving_nao
[1.561s] byte-compiling /home/2024-tfg-eva-fernandez/pruebas/moving_nao/install/moving_nao/lib/python3.10/site-packages/moving_nao/__init__.py to __init__.cpython-310.pyc
[1.562s] byte-compiling /home/2024-tfg-eva-fernandez/pruebas/moving_nao/install/moving_nao/lib/python3.10/site-packages/moving_nao/nao_controller.py to nao_controller.cpython-310.pyc
[1.563s] running install_data
[1.563s] copying package.xml -> /home/2024-tfg-eva-fernandez/pruebas/moving_nao/install/moving_nao/share/moving_nao
[1.563s] copying launch/launcher.launch.py -> /home/2024-tfg-eva-fernandez/pruebas/moving_nao/install/moving_nao/share/moving_nao/launch
[1.563s] copying resource/moving_nao -> /home/2024-tfg-eva-fernandez/pruebas/moving_nao/install/moving_nao/share/ament_index/resource_index/packages
[1.563s] running install_egg_info
[1.566s] Copying build/moving_nao/moving_nao.egg-info to /home/2024-tfg-eva-fernandez/pruebas/moving_nao/install/moving_nao/lib/python3.10/site-packages/moving_nao-0.0.0-py3.10.egg-info
[1.567s] running install_scripts
[1.612s] Installing nao_controller script to /home/2024-tfg-eva-fernandez/pruebas/moving_nao/install/moving_nao/lib/moving_nao
[1.613s] writing list of installed files to '/home/2024-tfg-eva-fernandez/pruebas/moving_nao/build/moving_nao/install.log'
[1.645s] Invoked command in '/home/2024-tfg-eva-fernandez/pruebas/moving_nao' returned '0': PYTHONPATH=/home/2024-tfg-eva-fernandez/pruebas/moving_nao/build/moving_nao/prefix_override:/usr/lib/python3/dist-packages/colcon_core/task/python/colcon_distutils_commands:/home/2024-tfg-eva-fernandez/pruebas/moving_nao/install/moving_nao/lib/python3.10/site-packages:${PYTHONPATH} /usr/bin/python3 -W ignore:setup.py install is deprecated setup.py egg_info --egg-base build/moving_nao build --build-base /home/2024-tfg-eva-fernandez/pruebas/moving_nao/build/moving_nao/build install --record /home/2024-tfg-eva-fernandez/pruebas/moving_nao/build/moving_nao/install.log --single-version-externally-managed install_data --force
