[0.628s] Invoking command in '/home/2024-tfg-eva-fernandez/pruebas/moving_nao': PYTHONPATH=/home/2024-tfg-eva-fernandez/pruebas/moving_nao/build/moving_nao/prefix_override:/usr/lib/python3/dist-packages/colcon_core/task/python/colcon_distutils_commands:/home/2024-tfg-eva-fernandez/pruebas/moving_nao/install/moving_nao/lib/python3.10/site-packages:${PYTHONPATH} /usr/bin/python3 -W ignore:setup.py install is deprecated setup.py egg_info --egg-base build/moving_nao build --build-base /home/2024-tfg-eva-fernandez/pruebas/moving_nao/build/moving_nao/build install --record /home/2024-tfg-eva-fernandez/pruebas/moving_nao/build/moving_nao/install.log --single-version-externally-managed install_data
[0.847s] running egg_info
[0.848s] creating build/moving_nao/moving_nao.egg-info
[0.848s] writing build/moving_nao/moving_nao.egg-info/PKG-INFO
[0.848s] writing dependency_links to build/moving_nao/moving_nao.egg-info/dependency_links.txt
[0.849s] writing entry points to build/moving_nao/moving_nao.egg-info/entry_points.txt
[0.849s] writing requirements to build/moving_nao/moving_nao.egg-info/requires.txt
[0.849s] writing top-level names to build/moving_nao/moving_nao.egg-info/top_level.txt
[0.849s] writing manifest file 'build/moving_nao/moving_nao.egg-info/SOURCES.txt'
[0.850s] reading manifest file 'build/moving_nao/moving_nao.egg-info/SOURCES.txt'
[0.850s] adding license file 'LICENSE'
[0.851s] writing manifest file 'build/moving_nao/moving_nao.egg-info/SOURCES.txt'
[0.851s] running build
[0.851s] running build_py
[0.851s] creating /home/2024-tfg-eva-fernandez/pruebas/moving_nao/build/moving_nao/build
[0.851s] creating /home/2024-tfg-eva-fernandez/pruebas/moving_nao/build/moving_nao/build/lib
[0.852s] creating /home/2024-tfg-eva-fernandez/pruebas/moving_nao/build/moving_nao/build/lib/moving_nao
[0.852s] copying moving_nao/__init__.py -> /home/2024-tfg-eva-fernandez/pruebas/moving_nao/build/moving_nao/build/lib/moving_nao
[0.852s] copying moving_nao/nao_controller.py -> /home/2024-tfg-eva-fernandez/pruebas/moving_nao/build/moving_nao/build/lib/moving_nao
[0.852s] copying moving_nao/launcher.launch.py -> /home/2024-tfg-eva-fernandez/pruebas/moving_nao/build/moving_nao/build/lib/moving_nao
[0.852s] running install
[0.852s] running install_lib
[0.853s] creating /home/2024-tfg-eva-fernandez/pruebas/moving_nao/install/moving_nao/lib/python3.10/site-packages/moving_nao
[0.853s] copying /home/2024-tfg-eva-fernandez/pruebas/moving_nao/build/moving_nao/build/lib/moving_nao/__init__.py -> /home/2024-tfg-eva-fernandez/pruebas/moving_nao/install/moving_nao/lib/python3.10/site-packages/moving_nao
[0.853s] copying /home/2024-tfg-eva-fernandez/pruebas/moving_nao/build/moving_nao/build/lib/moving_nao/nao_controller.py -> /home/2024-tfg-eva-fernandez/pruebas/moving_nao/install/moving_nao/lib/python3.10/site-packages/moving_nao
[0.853s] copying /home/2024-tfg-eva-fernandez/pruebas/moving_nao/build/moving_nao/build/lib/moving_nao/launcher.launch.py -> /home/2024-tfg-eva-fernandez/pruebas/moving_nao/install/moving_nao/lib/python3.10/site-packages/moving_nao
[0.854s] byte-compiling /home/2024-tfg-eva-fernandez/pruebas/moving_nao/install/moving_nao/lib/python3.10/site-packages/moving_nao/__init__.py to __init__.cpython-310.pyc
[0.854s] byte-compiling /home/2024-tfg-eva-fernandez/pruebas/moving_nao/install/moving_nao/lib/python3.10/site-packages/moving_nao/nao_controller.py to nao_controller.cpython-310.pyc
[0.854s] byte-compiling /home/2024-tfg-eva-fernandez/pruebas/moving_nao/install/moving_nao/lib/python3.10/site-packages/moving_nao/launcher.launch.py to launcher.launch.cpython-310.pyc
[0.856s] running install_data
[0.856s] creating /home/2024-tfg-eva-fernandez/pruebas/moving_nao/install/moving_nao/share/ament_index
[0.856s] creating /home/2024-tfg-eva-fernandez/pruebas/moving_nao/install/moving_nao/share/ament_index/resource_index
[0.856s] creating /home/2024-tfg-eva-fernandez/pruebas/moving_nao/install/moving_nao/share/ament_index/resource_index/packages
[0.856s] copying resource/moving_nao -> /home/2024-tfg-eva-fernandez/pruebas/moving_nao/install/moving_nao/share/ament_index/resource_index/packages
[0.856s] copying package.xml -> /home/2024-tfg-eva-fernandez/pruebas/moving_nao/install/moving_nao/share/moving_nao
[0.856s] running install_egg_info
[0.858s] Copying build/moving_nao/moving_nao.egg-info to /home/2024-tfg-eva-fernandez/pruebas/moving_nao/install/moving_nao/lib/python3.10/site-packages/moving_nao-0.0.0-py3.10.egg-info
[0.858s] running install_scripts
[0.881s] Installing nao_controller script to /home/2024-tfg-eva-fernandez/pruebas/moving_nao/install/moving_nao/lib/moving_nao
[0.881s] writing list of installed files to '/home/2024-tfg-eva-fernandez/pruebas/moving_nao/build/moving_nao/install.log'
[0.903s] Invoked command in '/home/2024-tfg-eva-fernandez/pruebas/moving_nao' returned '0': PYTHONPATH=/home/2024-tfg-eva-fernandez/pruebas/moving_nao/build/moving_nao/prefix_override:/usr/lib/python3/dist-packages/colcon_core/task/python/colcon_distutils_commands:/home/2024-tfg-eva-fernandez/pruebas/moving_nao/install/moving_nao/lib/python3.10/site-packages:${PYTHONPATH} /usr/bin/python3 -W ignore:setup.py install is deprecated setup.py egg_info --egg-base build/moving_nao build --build-base /home/2024-tfg-eva-fernandez/pruebas/moving_nao/build/moving_nao/build install --record /home/2024-tfg-eva-fernandez/pruebas/moving_nao/build/moving_nao/install.log --single-version-externally-managed install_data
