[0.158s] DEBUG:colcon:Command line arguments: ['/usr/bin/colcon', 'build']
[0.158s] DEBUG:colcon:Parsed command line arguments: Namespace(log_base=None, log_level=None, verb_name='build', build_base='build', install_base='install', merge_install=False, symlink_install=False, test_result_base=None, continue_on_error=False, executor='parallel', parallel_workers=20, event_handlers=None, ignore_user_meta=False, metas=['./colcon.meta'], base_paths=['.'], packages_ignore=None, packages_ignore_regex=None, paths=None, packages_up_to=None, packages_up_to_regex=None, packages_above=None, packages_above_and_dependencies=None, packages_above_depth=None, packages_select_by_dep=None, packages_skip_by_dep=None, packages_skip_up_to=None, packages_select_build_failed=False, packages_skip_build_finished=False, packages_select_test_failures=False, packages_skip_test_passed=False, packages_select=None, packages_skip=None, packages_select_regex=None, packages_skip_regex=None, packages_start=None, packages_end=None, allow_overriding=[], cmake_args=None, cmake_target=None, cmake_target_skip_unavailable=False, cmake_clean_cache=False, cmake_clean_first=False, cmake_force_configure=False, ament_cmake_args=None, catkin_cmake_args=None, catkin_skip_building_tests=False, mixin_files=None, mixin=None, verb_parser=<colcon_mixin.mixin.mixin_argument.MixinArgumentDecorator object at 0x7ff4a8b21b70>, verb_extension=<colcon_core.verb.build.BuildVerb object at 0x7ff4a8b21660>, main=<bound method BuildVerb.main of <colcon_core.verb.build.BuildVerb object at 0x7ff4a8b21660>>, mixin_verb=('build',))
[0.289s] Level 1:colcon.colcon_core.package_discovery:discover_packages(colcon_meta) check parameters
[0.289s] Level 1:colcon.colcon_core.package_discovery:discover_packages(recursive) check parameters
[0.289s] Level 1:colcon.colcon_core.package_discovery:discover_packages(ignore) check parameters
[0.289s] Level 1:colcon.colcon_core.package_discovery:discover_packages(path) check parameters
[0.289s] Level 1:colcon.colcon_core.package_discovery:discover_packages(colcon_meta) discover
[0.289s] Level 1:colcon.colcon_core.package_discovery:discover_packages(recursive) discover
[0.289s] INFO:colcon.colcon_core.package_discovery:Crawling recursively for packages in '/home/evichan/Desktop/2024-tfg-eva-fernandez/GreenNao/greennao'
[0.289s] Level 1:colcon.colcon_core.package_identification:_identify(.) by extensions ['ignore', 'ignore_ament_install']
[0.289s] Level 1:colcon.colcon_core.package_identification:_identify(.) by extension 'ignore'
[0.289s] Level 1:colcon.colcon_core.package_identification:_identify(.) by extension 'ignore_ament_install'
[0.289s] Level 1:colcon.colcon_core.package_identification:_identify(.) by extensions ['colcon_pkg']
[0.289s] Level 1:colcon.colcon_core.package_identification:_identify(.) by extension 'colcon_pkg'
[0.289s] Level 1:colcon.colcon_core.package_identification:_identify(.) by extensions ['colcon_meta']
[0.289s] Level 1:colcon.colcon_core.package_identification:_identify(.) by extension 'colcon_meta'
[0.289s] Level 1:colcon.colcon_core.package_identification:_identify(.) by extensions ['ros']
[0.289s] Level 1:colcon.colcon_core.package_identification:_identify(.) by extension 'ros'
[0.297s] DEBUG:colcon.colcon_core.package_identification:Package '.' with type 'ros.ament_python' and name 'greennao'
[0.297s] Level 1:colcon.colcon_core.package_discovery:discover_packages(recursive) using defaults
[0.297s] Level 1:colcon.colcon_core.package_discovery:discover_packages(ignore) discover
[0.297s] Level 1:colcon.colcon_core.package_discovery:discover_packages(ignore) using defaults
[0.297s] Level 1:colcon.colcon_core.package_discovery:discover_packages(path) discover
[0.297s] Level 1:colcon.colcon_core.package_discovery:discover_packages(path) using defaults
[0.318s] Level 1:colcon.colcon_core.package_discovery:discover_packages(prefix_path) check parameters
[0.318s] Level 1:colcon.colcon_core.package_discovery:discover_packages(prefix_path) discover
[0.322s] DEBUG:colcon.colcon_installed_package_information.package_discovery:Found 1 installed packages in /home/evichan/Desktop/2024-tfg-eva-fernandez/GreenNao/greennao/install
[0.322s] DEBUG:colcon.colcon_installed_package_information.package_discovery:Found 277 installed packages in /opt/ros/humble
[0.323s] Level 1:colcon.colcon_core.package_discovery:discover_packages(prefix_path) using defaults
[0.341s] Level 5:colcon.colcon_core.verb:set package 'greennao' build argument 'cmake_args' from command line to 'None'
[0.341s] Level 5:colcon.colcon_core.verb:set package 'greennao' build argument 'cmake_target' from command line to 'None'
[0.341s] Level 5:colcon.colcon_core.verb:set package 'greennao' build argument 'cmake_target_skip_unavailable' from command line to 'False'
[0.341s] Level 5:colcon.colcon_core.verb:set package 'greennao' build argument 'cmake_clean_cache' from command line to 'False'
[0.341s] Level 5:colcon.colcon_core.verb:set package 'greennao' build argument 'cmake_clean_first' from command line to 'False'
[0.341s] Level 5:colcon.colcon_core.verb:set package 'greennao' build argument 'cmake_force_configure' from command line to 'False'
[0.341s] Level 5:colcon.colcon_core.verb:set package 'greennao' build argument 'ament_cmake_args' from command line to 'None'
[0.341s] Level 5:colcon.colcon_core.verb:set package 'greennao' build argument 'catkin_cmake_args' from command line to 'None'
[0.341s] Level 5:colcon.colcon_core.verb:set package 'greennao' build argument 'catkin_skip_building_tests' from command line to 'False'
[0.341s] DEBUG:colcon.colcon_core.verb:Building package 'greennao' with the following arguments: {'ament_cmake_args': None, 'build_base': '/home/evichan/Desktop/2024-tfg-eva-fernandez/GreenNao/greennao/build/greennao', 'catkin_cmake_args': None, 'catkin_skip_building_tests': False, 'cmake_args': None, 'cmake_clean_cache': False, 'cmake_clean_first': False, 'cmake_force_configure': False, 'cmake_target': None, 'cmake_target_skip_unavailable': False, 'install_base': '/home/evichan/Desktop/2024-tfg-eva-fernandez/GreenNao/greennao/install/greennao', 'merge_install': False, 'path': '/home/evichan/Desktop/2024-tfg-eva-fernandez/GreenNao/greennao', 'symlink_install': False, 'test_result_base': None}
[0.341s] INFO:colcon.colcon_core.executor:Executing jobs using 'parallel' executor
[0.342s] DEBUG:colcon.colcon_parallel_executor.executor.parallel:run_until_complete
[0.342s] INFO:colcon.colcon_ros.task.ament_python.build:Building ROS package in '/home/evichan/Desktop/2024-tfg-eva-fernandez/GreenNao/greennao' with build type 'ament_python'
[0.342s] Level 1:colcon.colcon_core.shell:create_environment_hook('greennao', 'ament_prefix_path')
[0.345s] INFO:colcon.colcon_core.plugin_system:Skipping extension 'colcon_core.shell.bat': Not used on non-Windows systems
[0.345s] INFO:colcon.colcon_core.shell:Creating environment hook '/home/evichan/Desktop/2024-tfg-eva-fernandez/GreenNao/greennao/install/greennao/share/greennao/hook/ament_prefix_path.ps1'
[0.345s] INFO:colcon.colcon_core.shell:Creating environment descriptor '/home/evichan/Desktop/2024-tfg-eva-fernandez/GreenNao/greennao/install/greennao/share/greennao/hook/ament_prefix_path.dsv'
[0.345s] INFO:colcon.colcon_core.shell:Creating environment hook '/home/evichan/Desktop/2024-tfg-eva-fernandez/GreenNao/greennao/install/greennao/share/greennao/hook/ament_prefix_path.sh'
[0.346s] INFO:colcon.colcon_core.shell:Skip shell extension 'powershell' for command environment: Not usable outside of PowerShell
[0.346s] DEBUG:colcon.colcon_core.shell:Skip shell extension 'dsv' for command environment
[0.475s] INFO:colcon.colcon_core.task.python.build:Building Python package in '/home/evichan/Desktop/2024-tfg-eva-fernandez/GreenNao/greennao'
[0.475s] INFO:colcon.colcon_core.shell:Skip shell extension 'powershell' for command environment: Not usable outside of PowerShell
[0.475s] DEBUG:colcon.colcon_core.shell:Skip shell extension 'dsv' for command environment
[0.660s] DEBUG:colcon.colcon_core.event_handler.log_command:Invoking command in '/home/evichan/Desktop/2024-tfg-eva-fernandez/GreenNao/greennao': PYTHONPATH=/home/evichan/Desktop/2024-tfg-eva-fernandez/GreenNao/greennao/build/greennao/prefix_override:/usr/lib/python3/dist-packages/colcon_core/task/python/colcon_distutils_commands:/home/evichan/Desktop/2024-tfg-eva-fernandez/GreenNao/greennao/install/greennao/lib/python3.10/site-packages:${PYTHONPATH} /usr/bin/python3 -W ignore:setup.py install is deprecated -W ignore:easy_install command is deprecated setup.py egg_info --egg-base build/greennao build --build-base /home/evichan/Desktop/2024-tfg-eva-fernandez/GreenNao/greennao/build/greennao/build install --record /home/evichan/Desktop/2024-tfg-eva-fernandez/GreenNao/greennao/build/greennao/install.log --single-version-externally-managed install_data
[0.812s] DEBUG:colcon.colcon_core.event_handler.log_command:Invoked command in '/home/evichan/Desktop/2024-tfg-eva-fernandez/GreenNao/greennao' returned '0': PYTHONPATH=/home/evichan/Desktop/2024-tfg-eva-fernandez/GreenNao/greennao/build/greennao/prefix_override:/usr/lib/python3/dist-packages/colcon_core/task/python/colcon_distutils_commands:/home/evichan/Desktop/2024-tfg-eva-fernandez/GreenNao/greennao/install/greennao/lib/python3.10/site-packages:${PYTHONPATH} /usr/bin/python3 -W ignore:setup.py install is deprecated -W ignore:easy_install command is deprecated setup.py egg_info --egg-base build/greennao build --build-base /home/evichan/Desktop/2024-tfg-eva-fernandez/GreenNao/greennao/build/greennao/build install --record /home/evichan/Desktop/2024-tfg-eva-fernandez/GreenNao/greennao/build/greennao/install.log --single-version-externally-managed install_data
[0.818s] Level 1:colcon.colcon_core.environment:checking '/home/evichan/Desktop/2024-tfg-eva-fernandez/GreenNao/greennao/install/greennao' for CMake module files
[0.818s] Level 1:colcon.colcon_core.environment:checking '/home/evichan/Desktop/2024-tfg-eva-fernandez/GreenNao/greennao/install/greennao' for CMake config files
[0.818s] Level 1:colcon.colcon_core.environment:checking '/home/evichan/Desktop/2024-tfg-eva-fernandez/GreenNao/greennao/install/greennao/lib'
[0.818s] Level 1:colcon.colcon_core.environment:checking '/home/evichan/Desktop/2024-tfg-eva-fernandez/GreenNao/greennao/install/greennao/bin'
[0.818s] Level 1:colcon.colcon_core.environment:checking '/home/evichan/Desktop/2024-tfg-eva-fernandez/GreenNao/greennao/install/greennao/lib/pkgconfig/greennao.pc'
[0.819s] Level 1:colcon.colcon_core.environment:checking '/home/evichan/Desktop/2024-tfg-eva-fernandez/GreenNao/greennao/install/greennao/lib/python3.10/site-packages'
[0.819s] Level 1:colcon.colcon_core.shell:create_environment_hook('greennao', 'pythonpath')
[0.819s] INFO:colcon.colcon_core.shell:Creating environment hook '/home/evichan/Desktop/2024-tfg-eva-fernandez/GreenNao/greennao/install/greennao/share/greennao/hook/pythonpath.ps1'
[0.819s] INFO:colcon.colcon_core.shell:Creating environment descriptor '/home/evichan/Desktop/2024-tfg-eva-fernandez/GreenNao/greennao/install/greennao/share/greennao/hook/pythonpath.dsv'
[0.819s] INFO:colcon.colcon_core.shell:Creating environment hook '/home/evichan/Desktop/2024-tfg-eva-fernandez/GreenNao/greennao/install/greennao/share/greennao/hook/pythonpath.sh'
[0.820s] Level 1:colcon.colcon_core.environment:checking '/home/evichan/Desktop/2024-tfg-eva-fernandez/GreenNao/greennao/install/greennao/bin'
[0.820s] Level 1:colcon.colcon_core.environment:create_environment_scripts_only(greennao)
[0.820s] INFO:colcon.colcon_core.shell:Creating package script '/home/evichan/Desktop/2024-tfg-eva-fernandez/GreenNao/greennao/install/greennao/share/greennao/package.ps1'
[0.820s] INFO:colcon.colcon_core.shell:Creating package descriptor '/home/evichan/Desktop/2024-tfg-eva-fernandez/GreenNao/greennao/install/greennao/share/greennao/package.dsv'
[0.821s] INFO:colcon.colcon_core.shell:Creating package script '/home/evichan/Desktop/2024-tfg-eva-fernandez/GreenNao/greennao/install/greennao/share/greennao/package.sh'
[0.821s] INFO:colcon.colcon_core.shell:Creating package script '/home/evichan/Desktop/2024-tfg-eva-fernandez/GreenNao/greennao/install/greennao/share/greennao/package.bash'
[0.822s] INFO:colcon.colcon_core.shell:Creating package script '/home/evichan/Desktop/2024-tfg-eva-fernandez/GreenNao/greennao/install/greennao/share/greennao/package.zsh'
[0.823s] Level 1:colcon.colcon_core.environment:create_file_with_runtime_dependencies(/home/evichan/Desktop/2024-tfg-eva-fernandez/GreenNao/greennao/install/greennao/share/colcon-core/packages/greennao)
[0.823s] DEBUG:colcon.colcon_parallel_executor.executor.parallel:closing loop
[0.823s] DEBUG:colcon.colcon_parallel_executor.executor.parallel:loop closed
[0.823s] DEBUG:colcon.colcon_parallel_executor.executor.parallel:run_until_complete finished with '0'
[0.823s] DEBUG:colcon.colcon_core.event_reactor:joining thread
[0.828s] INFO:colcon.colcon_core.plugin_system:Skipping extension 'colcon_notification.desktop_notification.terminal_notifier': Not used on non-Darwin systems
[0.828s] INFO:colcon.colcon_core.plugin_system:Skipping extension 'colcon_notification.desktop_notification.win32': Not used on non-Windows systems
[0.828s] INFO:colcon.colcon_notification.desktop_notification:Sending desktop notification using 'notify2'
[0.837s] DEBUG:colcon.colcon_core.event_reactor:joined thread
[0.837s] INFO:colcon.colcon_core.shell:Creating prefix script '/home/evichan/Desktop/2024-tfg-eva-fernandez/GreenNao/greennao/install/local_setup.ps1'
[0.838s] INFO:colcon.colcon_core.shell:Creating prefix util module '/home/evichan/Desktop/2024-tfg-eva-fernandez/GreenNao/greennao/install/_local_setup_util_ps1.py'
[0.839s] INFO:colcon.colcon_core.shell:Creating prefix chain script '/home/evichan/Desktop/2024-tfg-eva-fernandez/GreenNao/greennao/install/setup.ps1'
[0.839s] INFO:colcon.colcon_core.shell:Creating prefix script '/home/evichan/Desktop/2024-tfg-eva-fernandez/GreenNao/greennao/install/local_setup.sh'
[0.840s] INFO:colcon.colcon_core.shell:Creating prefix util module '/home/evichan/Desktop/2024-tfg-eva-fernandez/GreenNao/greennao/install/_local_setup_util_sh.py'
[0.841s] INFO:colcon.colcon_core.shell:Creating prefix chain script '/home/evichan/Desktop/2024-tfg-eva-fernandez/GreenNao/greennao/install/setup.sh'
[0.842s] INFO:colcon.colcon_core.shell:Creating prefix script '/home/evichan/Desktop/2024-tfg-eva-fernandez/GreenNao/greennao/install/local_setup.bash'
[0.842s] INFO:colcon.colcon_core.shell:Creating prefix chain script '/home/evichan/Desktop/2024-tfg-eva-fernandez/GreenNao/greennao/install/setup.bash'
[0.843s] INFO:colcon.colcon_core.shell:Creating prefix script '/home/evichan/Desktop/2024-tfg-eva-fernandez/GreenNao/greennao/install/local_setup.zsh'
[0.844s] INFO:colcon.colcon_core.shell:Creating prefix chain script '/home/evichan/Desktop/2024-tfg-eva-fernandez/GreenNao/greennao/install/setup.zsh'
