/home/pc/Escritorio/2024-tfg-eva-fernandez/pruebas/moving_nao/install/moving_nao/lib/python3.12/site-packages/moving_nao/moving_in_pattern.py
/home/pc/Escritorio/2024-tfg-eva-fernandez/pruebas/moving_nao/install/moving_nao/lib/python3.12/site-packages/moving_nao/__init__.py
/home/pc/Escritorio/2024-tfg-eva-fernandez/pruebas/moving_nao/install/moving_nao/lib/python3.12/site-packages/moving_nao/nao_controller.py
/home/pc/Escritorio/2024-tfg-eva-fernandez/pruebas/moving_nao/install/moving_nao/lib/python3.12/site-packages/moving_nao/moving_in_motion.py
/home/pc/Escritorio/2024-tfg-eva-fernandez/pruebas/moving_nao/install/moving_nao/lib/python3.12/site-packages/moving_nao/walk.py
/home/pc/Escritorio/2024-tfg-eva-fernandez/pruebas/moving_nao/install/moving_nao/lib/python3.12/site-packages/moving_nao/walk_with_json.py
/home/pc/Escritorio/2024-tfg-eva-fernandez/pruebas/moving_nao/install/moving_nao/lib/python3.12/site-packages/moving_nao/butterfly_swim.py
/home/pc/Escritorio/2024-tfg-eva-fernandez/pruebas/moving_nao/install/moving_nao/lib/python3.12/site-packages/moving_nao/walking_gate.py
/home/pc/Escritorio/2024-tfg-eva-fernandez/pruebas/moving_nao/install/moving_nao/lib/python3.12/site-packages/moving_nao/__pycache__/moving_in_pattern.cpython-312.pyc
/home/pc/Escritorio/2024-tfg-eva-fernandez/pruebas/moving_nao/install/moving_nao/lib/python3.12/site-packages/moving_nao/__pycache__/__init__.cpython-312.pyc
/home/pc/Escritorio/2024-tfg-eva-fernandez/pruebas/moving_nao/install/moving_nao/lib/python3.12/site-packages/moving_nao/__pycache__/nao_controller.cpython-312.pyc
/home/pc/Escritorio/2024-tfg-eva-fernandez/pruebas/moving_nao/install/moving_nao/lib/python3.12/site-packages/moving_nao/__pycache__/moving_in_motion.cpython-312.pyc
/home/pc/Escritorio/2024-tfg-eva-fernandez/pruebas/moving_nao/install/moving_nao/lib/python3.12/site-packages/moving_nao/__pycache__/walk.cpython-312.pyc
/home/pc/Escritorio/2024-tfg-eva-fernandez/pruebas/moving_nao/install/moving_nao/lib/python3.12/site-packages/moving_nao/__pycache__/walk_with_json.cpython-312.pyc
/home/pc/Escritorio/2024-tfg-eva-fernandez/pruebas/moving_nao/install/moving_nao/lib/python3.12/site-packages/moving_nao/__pycache__/butterfly_swim.cpython-312.pyc
/home/pc/Escritorio/2024-tfg-eva-fernandez/pruebas/moving_nao/install/moving_nao/lib/python3.12/site-packages/moving_nao/__pycache__/walking_gate.cpython-312.pyc
/home/pc/Escritorio/2024-tfg-eva-fernandez/pruebas/moving_nao/install/moving_nao/share/moving_nao/package.xml
/home/pc/Escritorio/2024-tfg-eva-fernandez/pruebas/moving_nao/install/moving_nao/share/moving_nao/launch/launcher.launch.py
/home/pc/Escritorio/2024-tfg-eva-fernandez/pruebas/moving_nao/install/moving_nao/share/ament_index/resource_index/packages/moving_nao
/home/pc/Escritorio/2024-tfg-eva-fernandez/pruebas/moving_nao/install/moving_nao/lib/python3.12/site-packages/moving_nao-0.0.0-py3.12.egg-info/PKG-INFO
/home/pc/Escritorio/2024-tfg-eva-fernandez/pruebas/moving_nao/install/moving_nao/lib/python3.12/site-packages/moving_nao-0.0.0-py3.12.egg-info/requires.txt
/home/pc/Escritorio/2024-tfg-eva-fernandez/pruebas/moving_nao/install/moving_nao/lib/python3.12/site-packages/moving_nao-0.0.0-py3.12.egg-info/zip-safe
/home/pc/Escritorio/2024-tfg-eva-fernandez/pruebas/moving_nao/install/moving_nao/lib/python3.12/site-packages/moving_nao-0.0.0-py3.12.egg-info/dependency_links.txt
/home/pc/Escritorio/2024-tfg-eva-fernandez/pruebas/moving_nao/install/moving_nao/lib/python3.12/site-packages/moving_nao-0.0.0-py3.12.egg-info/SOURCES.txt
/home/pc/Escritorio/2024-tfg-eva-fernandez/pruebas/moving_nao/install/moving_nao/lib/python3.12/site-packages/moving_nao-0.0.0-py3.12.egg-info/top_level.txt
/home/pc/Escritorio/2024-tfg-eva-fernandez/pruebas/moving_nao/install/moving_nao/lib/python3.12/site-packages/moving_nao-0.0.0-py3.12.egg-info/entry_points.txt
/home/pc/Escritorio/2024-tfg-eva-fernandez/pruebas/moving_nao/install/moving_nao/lib/moving_nao/butterfly_swim
/home/pc/Escritorio/2024-tfg-eva-fernandez/pruebas/moving_nao/install/moving_nao/lib/moving_nao/moving_in_motion
/home/pc/Escritorio/2024-tfg-eva-fernandez/pruebas/moving_nao/install/moving_nao/lib/moving_nao/moving_in_pattern
/home/pc/Escritorio/2024-tfg-eva-fernandez/pruebas/moving_nao/install/moving_nao/lib/moving_nao/nao_controller
/home/pc/Escritorio/2024-tfg-eva-fernandez/pruebas/moving_nao/install/moving_nao/lib/moving_nao/walk
/home/pc/Escritorio/2024-tfg-eva-fernandez/pruebas/moving_nao/install/moving_nao/lib/moving_nao/walk_with_json
