running egg_info
creating ../../build/moving_nao/moving_nao.egg-info
writing ../../build/moving_nao/moving_nao.egg-info/PKG-INFO
writing dependency_links to ../../build/moving_nao/moving_nao.egg-info/dependency_links.txt
writing entry points to ../../build/moving_nao/moving_nao.egg-info/entry_points.txt
writing requirements to ../../build/moving_nao/moving_nao.egg-info/requires.txt
writing top-level names to ../../build/moving_nao/moving_nao.egg-info/top_level.txt
writing manifest file '../../build/moving_nao/moving_nao.egg-info/SOURCES.txt'
reading manifest file '../../build/moving_nao/moving_nao.egg-info/SOURCES.txt'
writing manifest file '../../build/moving_nao/moving_nao.egg-info/SOURCES.txt'
running build
running build_py
creating /home/evichan/Desktop/2024-tfg-eva-fernandez/build/moving_nao/build
creating /home/evichan/Desktop/2024-tfg-eva-fernandez/build/moving_nao/build/lib
creating /home/evichan/Desktop/2024-tfg-eva-fernandez/build/moving_nao/build/lib/moving_nao
copying moving_nao/nao_movement_pattern_creator.py -> /home/evichan/Desktop/2024-tfg-eva-fernandez/build/moving_nao/build/lib/moving_nao
copying moving_nao/nao_controller.py -> /home/evichan/Desktop/2024-tfg-eva-fernandez/build/moving_nao/build/lib/moving_nao
copying moving_nao/butterfly_swim.py -> /home/evichan/Desktop/2024-tfg-eva-fernandez/build/moving_nao/build/lib/moving_nao
copying moving_nao/moving_in_pattern.py -> /home/evichan/Desktop/2024-tfg-eva-fernandez/build/moving_nao/build/lib/moving_nao
copying moving_nao/interpret_movements.py -> /home/evichan/Desktop/2024-tfg-eva-fernandez/build/moving_nao/build/lib/moving_nao
copying moving_nao/walking_gate.py -> /home/evichan/Desktop/2024-tfg-eva-fernandez/build/moving_nao/build/lib/moving_nao
copying moving_nao/walk_with_json.py -> /home/evichan/Desktop/2024-tfg-eva-fernandez/build/moving_nao/build/lib/moving_nao
copying moving_nao/__init__.py -> /home/evichan/Desktop/2024-tfg-eva-fernandez/build/moving_nao/build/lib/moving_nao
copying moving_nao/moving_in_motion.py -> /home/evichan/Desktop/2024-tfg-eva-fernandez/build/moving_nao/build/lib/moving_nao
copying moving_nao/walk.py -> /home/evichan/Desktop/2024-tfg-eva-fernandez/build/moving_nao/build/lib/moving_nao
running install
running install_lib
creating /home/evichan/Desktop/2024-tfg-eva-fernandez/install/moving_nao/lib/python3.10/site-packages/moving_nao
copying /home/evichan/Desktop/2024-tfg-eva-fernandez/build/moving_nao/build/lib/moving_nao/nao_movement_pattern_creator.py -> /home/evichan/Desktop/2024-tfg-eva-fernandez/install/moving_nao/lib/python3.10/site-packages/moving_nao
copying /home/evichan/Desktop/2024-tfg-eva-fernandez/build/moving_nao/build/lib/moving_nao/nao_controller.py -> /home/evichan/Desktop/2024-tfg-eva-fernandez/install/moving_nao/lib/python3.10/site-packages/moving_nao
copying /home/evichan/Desktop/2024-tfg-eva-fernandez/build/moving_nao/build/lib/moving_nao/butterfly_swim.py -> /home/evichan/Desktop/2024-tfg-eva-fernandez/install/moving_nao/lib/python3.10/site-packages/moving_nao
copying /home/evichan/Desktop/2024-tfg-eva-fernandez/build/moving_nao/build/lib/moving_nao/moving_in_pattern.py -> /home/evichan/Desktop/2024-tfg-eva-fernandez/install/moving_nao/lib/python3.10/site-packages/moving_nao
copying /home/evichan/Desktop/2024-tfg-eva-fernandez/build/moving_nao/build/lib/moving_nao/interpret_movements.py -> /home/evichan/Desktop/2024-tfg-eva-fernandez/install/moving_nao/lib/python3.10/site-packages/moving_nao
copying /home/evichan/Desktop/2024-tfg-eva-fernandez/build/moving_nao/build/lib/moving_nao/walking_gate.py -> /home/evichan/Desktop/2024-tfg-eva-fernandez/install/moving_nao/lib/python3.10/site-packages/moving_nao
copying /home/evichan/Desktop/2024-tfg-eva-fernandez/build/moving_nao/build/lib/moving_nao/walk_with_json.py -> /home/evichan/Desktop/2024-tfg-eva-fernandez/install/moving_nao/lib/python3.10/site-packages/moving_nao
copying /home/evichan/Desktop/2024-tfg-eva-fernandez/build/moving_nao/build/lib/moving_nao/__init__.py -> /home/evichan/Desktop/2024-tfg-eva-fernandez/install/moving_nao/lib/python3.10/site-packages/moving_nao
copying /home/evichan/Desktop/2024-tfg-eva-fernandez/build/moving_nao/build/lib/moving_nao/moving_in_motion.py -> /home/evichan/Desktop/2024-tfg-eva-fernandez/install/moving_nao/lib/python3.10/site-packages/moving_nao
copying /home/evichan/Desktop/2024-tfg-eva-fernandez/build/moving_nao/build/lib/moving_nao/walk.py -> /home/evichan/Desktop/2024-tfg-eva-fernandez/install/moving_nao/lib/python3.10/site-packages/moving_nao
byte-compiling /home/evichan/Desktop/2024-tfg-eva-fernandez/install/moving_nao/lib/python3.10/site-packages/moving_nao/nao_movement_pattern_creator.py to nao_movement_pattern_creator.cpython-310.pyc
byte-compiling /home/evichan/Desktop/2024-tfg-eva-fernandez/install/moving_nao/lib/python3.10/site-packages/moving_nao/nao_controller.py to nao_controller.cpython-310.pyc
byte-compiling /home/evichan/Desktop/2024-tfg-eva-fernandez/install/moving_nao/lib/python3.10/site-packages/moving_nao/butterfly_swim.py to butterfly_swim.cpython-310.pyc
byte-compiling /home/evichan/Desktop/2024-tfg-eva-fernandez/install/moving_nao/lib/python3.10/site-packages/moving_nao/moving_in_pattern.py to moving_in_pattern.cpython-310.pyc
byte-compiling /home/evichan/Desktop/2024-tfg-eva-fernandez/install/moving_nao/lib/python3.10/site-packages/moving_nao/interpret_movements.py to interpret_movements.cpython-310.pyc
byte-compiling /home/evichan/Desktop/2024-tfg-eva-fernandez/install/moving_nao/lib/python3.10/site-packages/moving_nao/walking_gate.py to walking_gate.cpython-310.pyc
byte-compiling /home/evichan/Desktop/2024-tfg-eva-fernandez/install/moving_nao/lib/python3.10/site-packages/moving_nao/walk_with_json.py to walk_with_json.cpython-310.pyc
byte-compiling /home/evichan/Desktop/2024-tfg-eva-fernandez/install/moving_nao/lib/python3.10/site-packages/moving_nao/__init__.py to __init__.cpython-310.pyc
byte-compiling /home/evichan/Desktop/2024-tfg-eva-fernandez/install/moving_nao/lib/python3.10/site-packages/moving_nao/moving_in_motion.py to moving_in_motion.cpython-310.pyc
byte-compiling /home/evichan/Desktop/2024-tfg-eva-fernandez/install/moving_nao/lib/python3.10/site-packages/moving_nao/walk.py to walk.cpython-310.pyc
running install_data
copying package.xml -> /home/evichan/Desktop/2024-tfg-eva-fernandez/install/moving_nao/share/moving_nao
creating /home/evichan/Desktop/2024-tfg-eva-fernandez/install/moving_nao/share/moving_nao/launch
copying launch/launcher.launch.py -> /home/evichan/Desktop/2024-tfg-eva-fernandez/install/moving_nao/share/moving_nao/launch
creating /home/evichan/Desktop/2024-tfg-eva-fernandez/install/moving_nao/share/ament_index
creating /home/evichan/Desktop/2024-tfg-eva-fernandez/install/moving_nao/share/ament_index/resource_index
creating /home/evichan/Desktop/2024-tfg-eva-fernandez/install/moving_nao/share/ament_index/resource_index/packages
copying resource/moving_nao -> /home/evichan/Desktop/2024-tfg-eva-fernandez/install/moving_nao/share/ament_index/resource_index/packages
running install_egg_info
Copying ../../build/moving_nao/moving_nao.egg-info to /home/evichan/Desktop/2024-tfg-eva-fernandez/install/moving_nao/lib/python3.10/site-packages/moving_nao-0.0.0-py3.10.egg-info
running install_scripts
Installing butterfly_swim script to /home/evichan/Desktop/2024-tfg-eva-fernandez/install/moving_nao/lib/moving_nao
Installing interpret_movements script to /home/evichan/Desktop/2024-tfg-eva-fernandez/install/moving_nao/lib/moving_nao
Installing moving_in_motion script to /home/evichan/Desktop/2024-tfg-eva-fernandez/install/moving_nao/lib/moving_nao
Installing moving_in_pattern script to /home/evichan/Desktop/2024-tfg-eva-fernandez/install/moving_nao/lib/moving_nao
Installing moving_in_pattern_waypose script to /home/evichan/Desktop/2024-tfg-eva-fernandez/install/moving_nao/lib/moving_nao
Installing nao_controller script to /home/evichan/Desktop/2024-tfg-eva-fernandez/install/moving_nao/lib/moving_nao
Installing nao_movement_pattern_creator script to /home/evichan/Desktop/2024-tfg-eva-fernandez/install/moving_nao/lib/moving_nao
Installing walk script to /home/evichan/Desktop/2024-tfg-eva-fernandez/install/moving_nao/lib/moving_nao
Installing walk_with_json script to /home/evichan/Desktop/2024-tfg-eva-fernandez/install/moving_nao/lib/moving_nao
writing list of installed files to '/home/evichan/Desktop/2024-tfg-eva-fernandez/build/moving_nao/install.log'
