[1.836s] Invoking command in '/home/2024-tfg-eva-fernandez/pruebas/moving_nao': PYTHONPATH=/home/2024-tfg-eva-fernandez/pruebas/moving_nao/build/moving_nao/prefix_override:/usr/lib/python3/dist-packages/colcon_core/task/python/colcon_distutils_commands:/home/2024-tfg-eva-fernandez/pruebas/moving_nao/install/moving_nao/lib/python3.10/site-packages:${PYTHONPATH} /usr/bin/python3 -W ignore:setup.py install is deprecated setup.py egg_info --egg-base build/moving_nao build --build-base /home/2024-tfg-eva-fernandez/pruebas/moving_nao/build/moving_nao/build install --record /home/2024-tfg-eva-fernandez/pruebas/moving_nao/build/moving_nao/install.log --single-version-externally-managed install_data
[2.544s] running egg_info
[2.546s] writing build/moving_nao/moving_nao.egg-info/PKG-INFO
[2.547s] writing dependency_links to build/moving_nao/moving_nao.egg-info/dependency_links.txt
[2.548s] writing entry points to build/moving_nao/moving_nao.egg-info/entry_points.txt
[2.549s] writing requirements to build/moving_nao/moving_nao.egg-info/requires.txt
[2.549s] writing top-level names to build/moving_nao/moving_nao.egg-info/top_level.txt
[2.553s] reading manifest file 'build/moving_nao/moving_nao.egg-info/SOURCES.txt'
[2.556s] writing manifest file 'build/moving_nao/moving_nao.egg-info/SOURCES.txt'
[2.556s] running build
[2.556s] running build_py
[2.557s] copying moving_nao/walk.py -> /home/2024-tfg-eva-fernandez/pruebas/moving_nao/build/moving_nao/build/lib/moving_nao
[2.557s] running install
[2.559s] running install_lib
[2.561s] copying /home/2024-tfg-eva-fernandez/pruebas/moving_nao/build/moving_nao/build/lib/moving_nao/walk.py -> /home/2024-tfg-eva-fernandez/pruebas/moving_nao/install/moving_nao/lib/python3.10/site-packages/moving_nao
[2.563s] byte-compiling /home/2024-tfg-eva-fernandez/pruebas/moving_nao/install/moving_nao/lib/python3.10/site-packages/moving_nao/walk.py to walk.cpython-310.pyc
[2.566s] running install_data
[2.567s] running install_egg_info
[2.575s] removing '/home/2024-tfg-eva-fernandez/pruebas/moving_nao/install/moving_nao/lib/python3.10/site-packages/moving_nao-0.0.0-py3.10.egg-info' (and everything under it)
[2.575s] Copying build/moving_nao/moving_nao.egg-info to /home/2024-tfg-eva-fernandez/pruebas/moving_nao/install/moving_nao/lib/python3.10/site-packages/moving_nao-0.0.0-py3.10.egg-info
[2.576s] running install_scripts
[2.649s] Installing butterfly_swim script to /home/2024-tfg-eva-fernandez/pruebas/moving_nao/install/moving_nao/lib/moving_nao
[2.649s] Installing moving_in_pattern script to /home/2024-tfg-eva-fernandez/pruebas/moving_nao/install/moving_nao/lib/moving_nao
[2.650s] Installing nao_controller script to /home/2024-tfg-eva-fernandez/pruebas/moving_nao/install/moving_nao/lib/moving_nao
[2.650s] Installing walk script to /home/2024-tfg-eva-fernandez/pruebas/moving_nao/install/moving_nao/lib/moving_nao
[2.651s] writing list of installed files to '/home/2024-tfg-eva-fernandez/pruebas/moving_nao/build/moving_nao/install.log'
[2.724s] Invoked command in '/home/2024-tfg-eva-fernandez/pruebas/moving_nao' returned '0': PYTHONPATH=/home/2024-tfg-eva-fernandez/pruebas/moving_nao/build/moving_nao/prefix_override:/usr/lib/python3/dist-packages/colcon_core/task/python/colcon_distutils_commands:/home/2024-tfg-eva-fernandez/pruebas/moving_nao/install/moving_nao/lib/python3.10/site-packages:${PYTHONPATH} /usr/bin/python3 -W ignore:setup.py install is deprecated setup.py egg_info --egg-base build/moving_nao build --build-base /home/2024-tfg-eva-fernandez/pruebas/moving_nao/build/moving_nao/build install --record /home/2024-tfg-eva-fernandez/pruebas/moving_nao/build/moving_nao/install.log --single-version-externally-managed install_data
