[0.800s] Invoking command in '/home/evichan/Desktop/2024-tfg-eva-fernandez/pruebas/moving_nao': PYTHONPATH=/home/evichan/Desktop/2024-tfg-eva-fernandez/pruebas/moving_nao/build/moving_nao/prefix_override:/usr/lib/python3/dist-packages/colcon_core/task/python/colcon_distutils_commands:/home/evichan/Desktop/2024-tfg-eva-fernandez/pruebas/moving_nao/install/moving_nao/lib/python3.10/site-packages:${PYTHONPATH} /usr/bin/python3 -W ignore:setup.py install is deprecated -W ignore:easy_install command is deprecated setup.py egg_info --egg-base build/moving_nao build --build-base /home/evichan/Desktop/2024-tfg-eva-fernandez/pruebas/moving_nao/build/moving_nao/build install --record /home/evichan/Desktop/2024-tfg-eva-fernandez/pruebas/moving_nao/build/moving_nao/install.log --single-version-externally-managed install_data
[1.095s] running egg_info
[1.095s] writing build/moving_nao/moving_nao.egg-info/PKG-INFO
[1.104s] writing dependency_links to build/moving_nao/moving_nao.egg-info/dependency_links.txt
[1.105s] writing entry points to build/moving_nao/moving_nao.egg-info/entry_points.txt
[1.105s] writing requirements to build/moving_nao/moving_nao.egg-info/requires.txt
[1.105s] writing top-level names to build/moving_nao/moving_nao.egg-info/top_level.txt
[1.108s] reading manifest file 'build/moving_nao/moving_nao.egg-info/SOURCES.txt'
[1.109s] writing manifest file 'build/moving_nao/moving_nao.egg-info/SOURCES.txt'
[1.109s] running build
[1.109s] running build_py
[1.110s] copying moving_nao/interpret_movements.py -> /home/evichan/Desktop/2024-tfg-eva-fernandez/pruebas/moving_nao/build/moving_nao/build/lib/moving_nao
[1.111s] running install
[1.112s] running install_lib
[1.113s] copying /home/evichan/Desktop/2024-tfg-eva-fernandez/pruebas/moving_nao/build/moving_nao/build/lib/moving_nao/interpret_movements.py -> /home/evichan/Desktop/2024-tfg-eva-fernandez/pruebas/moving_nao/install/moving_nao/lib/python3.10/site-packages/moving_nao
[1.115s] byte-compiling /home/evichan/Desktop/2024-tfg-eva-fernandez/pruebas/moving_nao/install/moving_nao/lib/python3.10/site-packages/moving_nao/interpret_movements.py to interpret_movements.cpython-310.pyc
[1.116s] running install_data
[1.116s] running install_egg_info
[1.118s] removing '/home/evichan/Desktop/2024-tfg-eva-fernandez/pruebas/moving_nao/install/moving_nao/lib/python3.10/site-packages/moving_nao-0.0.0-py3.10.egg-info' (and everything under it)
[1.119s] Copying build/moving_nao/moving_nao.egg-info to /home/evichan/Desktop/2024-tfg-eva-fernandez/pruebas/moving_nao/install/moving_nao/lib/python3.10/site-packages/moving_nao-0.0.0-py3.10.egg-info
[1.120s] running install_scripts
[1.150s] Installing butterfly_swim script to /home/evichan/Desktop/2024-tfg-eva-fernandez/pruebas/moving_nao/install/moving_nao/lib/moving_nao
[1.151s] Installing interpret_movements script to /home/evichan/Desktop/2024-tfg-eva-fernandez/pruebas/moving_nao/install/moving_nao/lib/moving_nao
[1.151s] Installing moving_in_motion script to /home/evichan/Desktop/2024-tfg-eva-fernandez/pruebas/moving_nao/install/moving_nao/lib/moving_nao
[1.151s] Installing moving_in_pattern script to /home/evichan/Desktop/2024-tfg-eva-fernandez/pruebas/moving_nao/install/moving_nao/lib/moving_nao
[1.151s] Installing moving_in_pattern_waypose script to /home/evichan/Desktop/2024-tfg-eva-fernandez/pruebas/moving_nao/install/moving_nao/lib/moving_nao
[1.151s] Installing nao_controller script to /home/evichan/Desktop/2024-tfg-eva-fernandez/pruebas/moving_nao/install/moving_nao/lib/moving_nao
[1.152s] Installing nao_movement_pattern_creator script to /home/evichan/Desktop/2024-tfg-eva-fernandez/pruebas/moving_nao/install/moving_nao/lib/moving_nao
[1.152s] Installing walk script to /home/evichan/Desktop/2024-tfg-eva-fernandez/pruebas/moving_nao/install/moving_nao/lib/moving_nao
[1.152s] Installing walk_with_json script to /home/evichan/Desktop/2024-tfg-eva-fernandez/pruebas/moving_nao/install/moving_nao/lib/moving_nao
[1.152s] writing list of installed files to '/home/evichan/Desktop/2024-tfg-eva-fernandez/pruebas/moving_nao/build/moving_nao/install.log'
[1.187s] Invoked command in '/home/evichan/Desktop/2024-tfg-eva-fernandez/pruebas/moving_nao' returned '0': PYTHONPATH=/home/evichan/Desktop/2024-tfg-eva-fernandez/pruebas/moving_nao/build/moving_nao/prefix_override:/usr/lib/python3/dist-packages/colcon_core/task/python/colcon_distutils_commands:/home/evichan/Desktop/2024-tfg-eva-fernandez/pruebas/moving_nao/install/moving_nao/lib/python3.10/site-packages:${PYTHONPATH} /usr/bin/python3 -W ignore:setup.py install is deprecated -W ignore:easy_install command is deprecated setup.py egg_info --egg-base build/moving_nao build --build-base /home/evichan/Desktop/2024-tfg-eva-fernandez/pruebas/moving_nao/build/moving_nao/build install --record /home/evichan/Desktop/2024-tfg-eva-fernandez/pruebas/moving_nao/build/moving_nao/install.log --single-version-externally-managed install_data
