2024-10-15 18:47:27.087 [info] [main] Log level: Info
2024-10-15 18:47:27.087 [info] [main] Validating found git in: "git"
2024-10-15 18:47:27.087 [info] [main] Using git "2.34.1" from "git"
2024-10-15 18:47:27.087 [info] [Model][doInitialScan] Initial repository scan started
2024-10-15 18:47:27.087 [info] [Model][doInitialScan] Initial repository scan completed - repositories (0), closed repositories (0), parent repositories (0), unsafe repositories (0)
2024-10-15 18:47:38.587 [info] [main] Log level: Info
2024-10-15 18:47:38.587 [info] [main] Validating found git in: "git"
2024-10-15 18:47:38.587 [info] [main] Using git "2.34.1" from "git"
2024-10-15 18:47:38.587 [info] [Model][doInitialScan] Initial repository scan started
2024-10-15 18:47:38.597 [info] > git rev-parse --show-toplevel [10ms]
2024-10-15 18:47:38.602 [info] > git rev-parse --git-dir --git-common-dir [2ms]
2024-10-15 18:47:38.607 [info] [Model][openRepository] Opened repository: /home/2024-tfg-eva-fernandez
2024-10-15 18:47:38.614 [info] > git config --get commit.template [3ms]
2024-10-15 18:47:38.617 [info] > git rev-parse --show-toplevel [4ms]
2024-10-15 18:47:38.624 [info] > git for-each-ref --format=%(refname)%00%(upstream:short)%00%(objectname)%00%(upstream:track)%00%(upstream:remotename)%00%(upstream:remoteref) refs/heads/main refs/remotes/main [4ms]
2024-10-15 18:47:38.634 [info] > git rev-parse --show-toplevel [11ms]
2024-10-15 18:47:38.646 [info] > git rev-parse --show-toplevel [3ms]
2024-10-15 18:47:38.655 [info] > git status -z -uall [6ms]
2024-10-15 18:47:38.655 [info] > git for-each-ref --sort -committerdate --format %(refname) %(objectname) %(*objectname) [3ms]
2024-10-15 18:47:38.670 [info] > git for-each-ref --format=%(refname)%00%(upstream:short)%00%(objectname)%00%(upstream:track)%00%(upstream:remotename)%00%(upstream:remoteref) refs/heads/main refs/remotes/main [7ms]
2024-10-15 18:47:38.673 [info] > git rev-parse --show-toplevel [19ms]
2024-10-15 18:47:38.678 [info] > git config --local branch.main.vscode-merge-base [5ms]
2024-10-15 18:47:38.678 [warning] [Git][config] git config failed: Failed to execute git
2024-10-15 18:47:38.681 [info] > git config --get commit.template [12ms]
2024-10-15 18:47:38.683 [info] > git rev-parse --show-toplevel [6ms]
2024-10-15 18:47:38.688 [info] > git reflog main --grep-reflog=branch: Created from *. [7ms]
2024-10-15 18:47:38.691 [info] > git rev-parse --show-toplevel [3ms]
2024-10-15 18:47:38.691 [info] > git for-each-ref --format=%(refname)%00%(upstream:short)%00%(objectname)%00%(upstream:track)%00%(upstream:remotename)%00%(upstream:remoteref) refs/heads/main refs/remotes/main [5ms]
2024-10-15 18:47:38.697 [info] > git rev-parse --show-toplevel [2ms]
2024-10-15 18:47:38.697 [info] > git symbolic-ref --short refs/remotes/origin/HEAD [6ms]
2024-10-15 18:47:38.707 [info] > git for-each-ref --format=%(refname)%00%(upstream:short)%00%(objectname)%00%(upstream:track)%00%(upstream:remotename)%00%(upstream:remoteref) refs/heads/origin/main refs/remotes/origin/main [8ms]
2024-10-15 18:47:38.725 [info] > git status -z -uall [21ms]
2024-10-15 18:47:38.725 [info] > git config --local branch.main.vscode-merge-base origin/main [15ms]
2024-10-15 18:47:38.726 [info] > git for-each-ref --sort -committerdate --format %(refname) %(objectname) %(*objectname) [19ms] (cancelled)
2024-10-15 18:47:38.729 [info] > git rev-parse --show-toplevel [27ms]
2024-10-15 18:47:38.734 [info] > git config --get commit.template [2ms]
2024-10-15 18:47:38.734 [info] > git for-each-ref --format=%(refname)%00%(upstream:short)%00%(objectname)%00%(upstream:track)%00%(upstream:remotename)%00%(upstream:remoteref) refs/heads/main refs/remotes/main [5ms]
2024-10-15 18:47:38.737 [info] > git rev-parse --show-toplevel [3ms]
2024-10-15 18:47:38.742 [info] > git config --local branch.main.vscode-merge-base [5ms]
2024-10-15 18:47:38.744 [info] > git rev-parse --show-toplevel [3ms]
2024-10-15 18:47:38.745 [info] > git for-each-ref --format=%(refname)%00%(upstream:short)%00%(objectname)%00%(upstream:track)%00%(upstream:remotename)%00%(upstream:remoteref) refs/heads/main refs/remotes/main [6ms]
2024-10-15 18:47:38.747 [info] > git for-each-ref --format=%(refname)%00%(upstream:short)%00%(objectname)%00%(upstream:track)%00%(upstream:remotename)%00%(upstream:remoteref) refs/heads/origin/main refs/remotes/origin/main [3ms]
2024-10-15 18:47:38.751 [info] > git rev-parse --show-toplevel [4ms]
2024-10-15 18:47:38.758 [info] > git merge-base refs/heads/main refs/remotes/origin/main [8ms]
2024-10-15 18:47:38.761 [info] > git status -z -uall [6ms]
2024-10-15 18:47:38.761 [info] > git for-each-ref --sort -committerdate --format %(refname) %(objectname) %(*objectname) [4ms]
2024-10-15 18:47:38.768 [info] > git rev-parse --show-toplevel [15ms]
2024-10-15 18:47:38.772 [info] > git merge-base refs/heads/main refs/remotes/origin/main [4ms]
2024-10-15 18:47:38.774 [info] > git merge-base refs/heads/main refs/remotes/origin/main [9ms]
2024-10-15 18:47:38.777 [info] > git diff --name-status -z --diff-filter=ADMR 8f3f87ae67e1852490807da792d7f4c8e288170b...refs/remotes/origin/main [17ms]
2024-10-15 18:47:38.778 [info] > git diff --name-status -z --diff-filter=ADMR 8f3f87ae67e1852490807da792d7f4c8e288170b...refs/remotes/origin/main [4ms]
2024-10-15 18:47:38.778 [info] > git rev-parse --show-toplevel [6ms]
2024-10-15 18:47:38.781 [info] > git diff --name-status -z --diff-filter=ADMR 8f3f87ae67e1852490807da792d7f4c8e288170b...refs/remotes/origin/main [4ms]
2024-10-15 18:47:38.781 [info] > git rev-parse --show-toplevel [1ms]
2024-10-15 18:47:38.784 [info] > git rev-parse --show-toplevel [1ms]
2024-10-15 18:47:38.787 [info] > git rev-parse --show-toplevel [0ms]
2024-10-15 18:47:38.791 [info] > git rev-parse --show-toplevel [1ms]
2024-10-15 18:47:38.794 [info] > git rev-parse --show-toplevel [1ms]
2024-10-15 18:47:38.797 [info] > git rev-parse --show-toplevel [1ms]
2024-10-15 18:47:38.800 [info] > git rev-parse --show-toplevel [1ms]
2024-10-15 18:47:38.801 [info] [Model][doInitialScan] Initial repository scan completed - repositories (1), closed repositories (0), parent repositories (0), unsafe repositories (0)
2024-10-15 18:47:39.139 [info] > git check-ignore -v -z --stdin [1ms]
2024-10-15 18:47:40.044 [info] > git check-ignore -v -z --stdin [2ms]
2024-10-15 18:47:40.870 [info] > git config --get commit.template [6ms]
2024-10-15 18:47:40.872 [info] > git for-each-ref --format=%(refname)%00%(upstream:short)%00%(objectname)%00%(upstream:track)%00%(upstream:remotename)%00%(upstream:remoteref) refs/heads/main refs/remotes/main [2ms]
2024-10-15 18:47:40.883 [info] > git status -z -uall [5ms]
2024-10-15 18:47:40.884 [info] > git for-each-ref --sort -committerdate --format %(refname) %(objectname) %(*objectname) [2ms]
2024-10-15 18:47:48.145 [info] > git config --get commit.template [7ms]
2024-10-15 18:47:48.146 [info] > git for-each-ref --format=%(refname)%00%(upstream:short)%00%(objectname)%00%(upstream:track)%00%(upstream:remotename)%00%(upstream:remoteref) refs/heads/main refs/remotes/main [2ms]
2024-10-15 18:47:48.158 [info] > git status -z -uall [6ms]
2024-10-15 18:47:48.159 [info] > git for-each-ref --sort -committerdate --format %(refname) %(objectname) %(*objectname) [2ms]
2024-10-15 18:47:58.096 [info] > git config --get commit.template [7ms]
2024-10-15 18:47:58.097 [info] > git for-each-ref --format=%(refname)%00%(upstream:short)%00%(objectname)%00%(upstream:track)%00%(upstream:remotename)%00%(upstream:remoteref) refs/heads/main refs/remotes/main [2ms]
2024-10-15 18:47:58.110 [info] > git status -z -uall [6ms]
2024-10-15 18:47:58.112 [info] > git for-each-ref --sort -committerdate --format %(refname) %(objectname) %(*objectname) [3ms]
2024-10-15 18:47:59.689 [info] > git check-ignore -v -z --stdin [2ms]
2024-10-15 18:48:03.129 [info] > git config --get commit.template [6ms]
2024-10-15 18:48:03.131 [info] > git for-each-ref --format=%(refname)%00%(upstream:short)%00%(objectname)%00%(upstream:track)%00%(upstream:remotename)%00%(upstream:remoteref) refs/heads/main refs/remotes/main [3ms]
2024-10-15 18:48:03.143 [info] > git for-each-ref --sort -committerdate --format %(refname) %(objectname) %(*objectname) [2ms]
2024-10-15 18:48:03.144 [info] > git status -z -uall [7ms]
2024-10-15 18:48:03.189 [info] > git check-ignore -v -z --stdin [2ms]
2024-10-15 18:48:05.573 [info] > git check-ignore -v -z --stdin [2ms]
2024-10-15 18:48:06.585 [info] > git check-ignore -v -z --stdin [2ms]
2024-10-15 18:48:08.164 [info] > git config --get commit.template [6ms]
2024-10-15 18:48:08.165 [info] > git for-each-ref --format=%(refname)%00%(upstream:short)%00%(objectname)%00%(upstream:track)%00%(upstream:remotename)%00%(upstream:remoteref) refs/heads/main refs/remotes/main [2ms]
2024-10-15 18:48:08.173 [info] > git status -z -uall [4ms]
2024-10-15 18:48:08.174 [info] > git for-each-ref --sort -committerdate --format %(refname) %(objectname) %(*objectname) [1ms]
2024-10-15 18:48:09.211 [info] > git check-ignore -v -z --stdin [2ms]
2024-10-15 18:48:11.163 [info] > git show --textconv :pruebas/Modelo_NAO/model.config [5ms]
2024-10-15 18:48:11.165 [info] > git ls-files --stage -- /home/2024-tfg-eva-fernandez/pruebas/Modelo_NAO/model.config [2ms]
2024-10-15 18:48:11.169 [info] > git cat-file -s d351cdd074ad6c3abe3ecdbb20cd5f3d4b3d4bef [1ms]
2024-10-15 18:48:13.193 [info] > git config --get commit.template [7ms]
2024-10-15 18:48:13.194 [info] > git for-each-ref --format=%(refname)%00%(upstream:short)%00%(objectname)%00%(upstream:track)%00%(upstream:remotename)%00%(upstream:remoteref) refs/heads/main refs/remotes/main [2ms]
2024-10-15 18:48:13.203 [info] > git status -z -uall [4ms]
2024-10-15 18:48:13.204 [info] > git for-each-ref --sort -committerdate --format %(refname) %(objectname) %(*objectname) [2ms]
2024-10-15 18:48:18.225 [info] > git config --get commit.template [7ms]
2024-10-15 18:48:18.226 [info] > git for-each-ref --format=%(refname)%00%(upstream:short)%00%(objectname)%00%(upstream:track)%00%(upstream:remotename)%00%(upstream:remoteref) refs/heads/main refs/remotes/main [2ms]
2024-10-15 18:48:18.237 [info] > git status -z -uall [6ms]
2024-10-15 18:48:18.237 [info] > git for-each-ref --sort -committerdate --format %(refname) %(objectname) %(*objectname) [2ms]
2024-10-15 18:48:23.252 [info] > git config --get commit.template [4ms]
2024-10-15 18:48:23.254 [info] > git for-each-ref --format=%(refname)%00%(upstream:short)%00%(objectname)%00%(upstream:track)%00%(upstream:remotename)%00%(upstream:remoteref) refs/heads/main refs/remotes/main [3ms]
2024-10-15 18:48:23.267 [info] > git status -z -uall [7ms]
2024-10-15 18:48:23.268 [info] > git for-each-ref --sort -committerdate --format %(refname) %(objectname) %(*objectname) [2ms]
2024-10-15 18:49:01.670 [info] > git config --get commit.template [4ms]
2024-10-15 18:49:01.671 [info] > git for-each-ref --format=%(refname)%00%(upstream:short)%00%(objectname)%00%(upstream:track)%00%(upstream:remotename)%00%(upstream:remoteref) refs/heads/main refs/remotes/main [2ms]
2024-10-15 18:49:01.679 [info] > git status -z -uall [3ms]
2024-10-15 18:49:01.680 [info] > git for-each-ref --sort -committerdate --format %(refname) %(objectname) %(*objectname) [2ms]
