[0.009s] Invoking command in '/home/2024-tfg-eva-fernandez/pruebas/nao_controller/build/nao_controller': CMAKE_PREFIX_PATH=${CMAKE_PREFIX_PATH}:/opt/ros/humble /usr/bin/cmake --build /home/2024-tfg-eva-fernandez/pruebas/nao_controller/build/nao_controller -- -j20 -l20
[0.037s] Invoked command in '/home/2024-tfg-eva-fernandez/pruebas/nao_controller/build/nao_controller' returned '0': CMAKE_PREFIX_PATH=${CMAKE_PREFIX_PATH}:/opt/ros/humble /usr/bin/cmake --build /home/2024-tfg-eva-fernandez/pruebas/nao_controller/build/nao_controller -- -j20 -l20
[0.059s] Invoking command in '/home/2024-tfg-eva-fernandez/pruebas/nao_controller/build/nao_controller': CMAKE_PREFIX_PATH=${CMAKE_PREFIX_PATH}:/opt/ros/humble /usr/bin/cmake --install /home/2024-tfg-eva-fernandez/pruebas/nao_controller/build/nao_controller
[0.065s] -- Install configuration: ""
[0.065s] -- Up-to-date: /home/2024-tfg-eva-fernandez/pruebas/nao_controller/install/nao_controller/share/nao_controller/launch
[0.065s] -- Installing: /home/2024-tfg-eva-fernandez/pruebas/nao_controller/install/nao_controller/share/nao_controller/launch/launcher.launch.py
[0.065s] -- Up-to-date: /home/2024-tfg-eva-fernandez/pruebas/nao_controller/install/nao_controller/share/ament_index/resource_index/package_run_dependencies/nao_controller
[0.065s] -- Up-to-date: /home/2024-tfg-eva-fernandez/pruebas/nao_controller/install/nao_controller/share/ament_index/resource_index/parent_prefix_path/nao_controller
[0.065s] -- Up-to-date: /home/2024-tfg-eva-fernandez/pruebas/nao_controller/install/nao_controller/share/nao_controller/environment/ament_prefix_path.sh
[0.065s] -- Up-to-date: /home/2024-tfg-eva-fernandez/pruebas/nao_controller/install/nao_controller/share/nao_controller/environment/ament_prefix_path.dsv
[0.065s] -- Up-to-date: /home/2024-tfg-eva-fernandez/pruebas/nao_controller/install/nao_controller/share/nao_controller/environment/path.sh
[0.065s] -- Up-to-date: /home/2024-tfg-eva-fernandez/pruebas/nao_controller/install/nao_controller/share/nao_controller/environment/path.dsv
[0.065s] -- Up-to-date: /home/2024-tfg-eva-fernandez/pruebas/nao_controller/install/nao_controller/share/nao_controller/local_setup.bash
[0.065s] -- Up-to-date: /home/2024-tfg-eva-fernandez/pruebas/nao_controller/install/nao_controller/share/nao_controller/local_setup.sh
[0.065s] -- Up-to-date: /home/2024-tfg-eva-fernandez/pruebas/nao_controller/install/nao_controller/share/nao_controller/local_setup.zsh
[0.065s] -- Up-to-date: /home/2024-tfg-eva-fernandez/pruebas/nao_controller/install/nao_controller/share/nao_controller/local_setup.dsv
[0.065s] -- Installing: /home/2024-tfg-eva-fernandez/pruebas/nao_controller/install/nao_controller/share/nao_controller/package.dsv
[0.065s] -- Up-to-date: /home/2024-tfg-eva-fernandez/pruebas/nao_controller/install/nao_controller/share/ament_index/resource_index/packages/nao_controller
[0.065s] -- Up-to-date: /home/2024-tfg-eva-fernandez/pruebas/nao_controller/install/nao_controller/share/nao_controller/cmake/nao_controllerConfig.cmake
[0.065s] -- Up-to-date: /home/2024-tfg-eva-fernandez/pruebas/nao_controller/install/nao_controller/share/nao_controller/cmake/nao_controllerConfig-version.cmake
[0.065s] -- Up-to-date: /home/2024-tfg-eva-fernandez/pruebas/nao_controller/install/nao_controller/share/nao_controller/package.xml
[0.067s] Invoked command in '/home/2024-tfg-eva-fernandez/pruebas/nao_controller/build/nao_controller' returned '0': CMAKE_PREFIX_PATH=${CMAKE_PREFIX_PATH}:/opt/ros/humble /usr/bin/cmake --install /home/2024-tfg-eva-fernandez/pruebas/nao_controller/build/nao_controller
