2024-10-15 18:57:10.138 [info] Extension host with pid 459 started
2024-10-15 18:57:10.257 [info] ExtensionService#_doActivateExtension vscode.git-base, startup: true, activationEvent: '*', root cause: vscode.git
2024-10-15 18:57:10.298 [info] ExtensionService#_doActivateExtension vscode.git, startup: true, activationEvent: '*'
2024-10-15 18:57:10.338 [info] ExtensionService#_doActivateExtension vscode.github, startup: true, activationEvent: '*'
2024-10-15 18:57:10.397 [info] Eager extensions activated
2024-10-15 18:57:10.403 [info] ExtensionService#_doActivateExtension vscode.debug-auto-launch, startup: false, activationEvent: 'onStartupFinished'
2024-10-15 18:57:10.405 [info] ExtensionService#_doActivateExtension vscode.merge-conflict, startup: false, activationEvent: 'onStartupFinished'
2024-10-15 18:57:19.827 [info] Extension host terminating: renderer closed the MessagePort
2024-10-15 18:57:19.840 [info] Extension host with pid 459 exiting with code 0
2024-10-15 18:57:20.365 [info] Extension host with pid 559 started
2024-10-15 18:57:20.365 [info] Skipping acquiring lock for /home/2024-tfg-eva-fernandez/pruebas/prueba_controlador/my_gazebo_controller/User/workspaceStorage/37493e165fe19cd969d6b955910a1e77.
2024-10-15 18:57:20.404 [info] ExtensionService#_doActivateExtension vscode.git-base, startup: true, activationEvent: '*'
2024-10-15 18:57:20.409 [info] ExtensionService#_doActivateExtension vscode.github, startup: true, activationEvent: '*'
2024-10-15 18:57:20.437 [info] Eager extensions activated
2024-10-15 18:57:20.460 [info] ExtensionService#_doActivateExtension vscode.debug-auto-launch, startup: false, activationEvent: 'onStartupFinished'
2024-10-15 18:57:20.461 [info] ExtensionService#_doActivateExtension vscode.merge-conflict, startup: false, activationEvent: 'onStartupFinished'
2024-10-15 18:57:22.433 [info] ExtensionService#_doActivateExtension vscode.git, startup: false, activationEvent: 'api', root cause: vscode.github
2024-10-15 18:57:25.621 [info] ExtensionService#_doActivateExtension vscode.emmet, startup: false, activationEvent: 'onLanguage'
2024-10-15 19:24:32.386 [info] Extension host terminating: renderer closed the MessagePort
2024-10-15 19:24:32.396 [info] Extension host with pid 559 exiting with code 0
