[0.843s] Invoking command in '/home/evichan/Desktop/2024-tfg-eva-fernandez/GreenNao/greennao': PYTHONPATH=/home/evichan/Desktop/2024-tfg-eva-fernandez/GreenNao/greennao/build/greennao/prefix_override:/usr/lib/python3/dist-packages/colcon_core/task/python/colcon_distutils_commands:/home/evichan/Desktop/2024-tfg-eva-fernandez/GreenNao/greennao/install/greennao/lib/python3.10/site-packages:${PYTHONPATH} /usr/bin/python3 -W ignore:setup.py install is deprecated -W ignore:easy_install command is deprecated setup.py egg_info --egg-base build/greennao build --build-base /home/evichan/Desktop/2024-tfg-eva-fernandez/GreenNao/greennao/build/greennao/build install --record /home/evichan/Desktop/2024-tfg-eva-fernandez/GreenNao/greennao/build/greennao/install.log --single-version-externally-managed install_data
[1.161s] running egg_info
[1.162s] writing build/greennao/greennao.egg-info/PKG-INFO
[1.163s] writing dependency_links to build/greennao/greennao.egg-info/dependency_links.txt
[1.163s] writing entry points to build/greennao/greennao.egg-info/entry_points.txt
[1.163s] writing requirements to build/greennao/greennao.egg-info/requires.txt
[1.163s] writing top-level names to build/greennao/greennao.egg-info/top_level.txt
[1.166s] reading manifest file 'build/greennao/greennao.egg-info/SOURCES.txt'
[1.167s] writing manifest file 'build/greennao/greennao.egg-info/SOURCES.txt'
[1.167s] running build
[1.167s] running build_py
[1.168s] running install
[1.168s] running install_lib
[1.170s] running install_data
[1.170s] running install_egg_info
[1.173s] removing '/home/evichan/Desktop/2024-tfg-eva-fernandez/GreenNao/greennao/install/greennao/lib/python3.10/site-packages/greennao-0.0.0-py3.10.egg-info' (and everything under it)
[1.173s] Copying build/greennao/greennao.egg-info to /home/evichan/Desktop/2024-tfg-eva-fernandez/GreenNao/greennao/install/greennao/lib/python3.10/site-packages/greennao-0.0.0-py3.10.egg-info
[1.174s] running install_scripts
[1.208s] Installing GreenNaoLib script to /home/evichan/Desktop/2024-tfg-eva-fernandez/GreenNao/greennao/install/greennao/lib/greennao
[1.208s] Installing movement_interpreter script to /home/evichan/Desktop/2024-tfg-eva-fernandez/GreenNao/greennao/install/greennao/lib/greennao
[1.208s] writing list of installed files to '/home/evichan/Desktop/2024-tfg-eva-fernandez/GreenNao/greennao/build/greennao/install.log'
[1.249s] Invoked command in '/home/evichan/Desktop/2024-tfg-eva-fernandez/GreenNao/greennao' returned '0': PYTHONPATH=/home/evichan/Desktop/2024-tfg-eva-fernandez/GreenNao/greennao/build/greennao/prefix_override:/usr/lib/python3/dist-packages/colcon_core/task/python/colcon_distutils_commands:/home/evichan/Desktop/2024-tfg-eva-fernandez/GreenNao/greennao/install/greennao/lib/python3.10/site-packages:${PYTHONPATH} /usr/bin/python3 -W ignore:setup.py install is deprecated -W ignore:easy_install command is deprecated setup.py egg_info --egg-base build/greennao build --build-base /home/evichan/Desktop/2024-tfg-eva-fernandez/GreenNao/greennao/build/greennao/build install --record /home/evichan/Desktop/2024-tfg-eva-fernandez/GreenNao/greennao/build/greennao/install.log --single-version-externally-managed install_data
