running egg_info
writing build/greennao/greennao.egg-info/PKG-INFO
writing dependency_links to build/greennao/greennao.egg-info/dependency_links.txt
writing entry points to build/greennao/greennao.egg-info/entry_points.txt
writing requirements to build/greennao/greennao.egg-info/requires.txt
writing top-level names to build/greennao/greennao.egg-info/top_level.txt
reading manifest file 'build/greennao/greennao.egg-info/SOURCES.txt'
writing manifest file 'build/greennao/greennao.egg-info/SOURCES.txt'
running build
running build_py
copying greennao/GreenNaoLib.py -> /home/evichan/Desktop/2024-tfg-eva-fernandez/GreenNao/greennao/build/greennao/build/lib/greennao
running install
running install_lib
copying /home/evichan/Desktop/2024-tfg-eva-fernandez/GreenNao/greennao/build/greennao/build/lib/greennao/GreenNaoLib.py -> /home/evichan/Desktop/2024-tfg-eva-fernandez/GreenNao/greennao/install/greennao/lib/python3.10/site-packages/greennao
byte-compiling /home/evichan/Desktop/2024-tfg-eva-fernandez/GreenNao/greennao/install/greennao/lib/python3.10/site-packages/greennao/GreenNaoLib.py to GreenNaoLib.cpython-310.pyc
running install_data
running install_egg_info
removing '/home/evichan/Desktop/2024-tfg-eva-fernandez/GreenNao/greennao/install/greennao/lib/python3.10/site-packages/greennao-0.0.0-py3.10.egg-info' (and everything under it)
Copying build/greennao/greennao.egg-info to /home/evichan/Desktop/2024-tfg-eva-fernandez/GreenNao/greennao/install/greennao/lib/python3.10/site-packages/greennao-0.0.0-py3.10.egg-info
running install_scripts
Installing movement_interpreter script to /home/evichan/Desktop/2024-tfg-eva-fernandez/GreenNao/greennao/install/greennao/lib/greennao
writing list of installed files to '/home/evichan/Desktop/2024-tfg-eva-fernandez/GreenNao/greennao/build/greennao/install.log'
