[0.640s] Invoking command in '/home/evichan/Desktop/2024-tfg-eva-fernandez/GreenNao/greennao': PYTHONPATH=/home/evichan/Desktop/2024-tfg-eva-fernandez/GreenNao/greennao/build/greennao/prefix_override:/usr/lib/python3/dist-packages/colcon_core/task/python/colcon_distutils_commands:/home/evichan/Desktop/2024-tfg-eva-fernandez/GreenNao/greennao/install/greennao/lib/python3.10/site-packages:${PYTHONPATH} /usr/bin/python3 -W ignore:setup.py install is deprecated -W ignore:easy_install command is deprecated setup.py egg_info --egg-base build/greennao build --build-base /home/evichan/Desktop/2024-tfg-eva-fernandez/GreenNao/greennao/build/greennao/build install --record /home/evichan/Desktop/2024-tfg-eva-fernandez/GreenNao/greennao/build/greennao/install.log --single-version-externally-managed install_data
[0.893s] running egg_info
[0.893s] creating build/greennao/greennao.egg-info
[0.893s] writing build/greennao/greennao.egg-info/PKG-INFO
[0.894s] writing dependency_links to build/greennao/greennao.egg-info/dependency_links.txt
[0.894s] writing entry points to build/greennao/greennao.egg-info/entry_points.txt
[0.894s] writing requirements to build/greennao/greennao.egg-info/requires.txt
[0.894s] writing top-level names to build/greennao/greennao.egg-info/top_level.txt
[0.894s] writing manifest file 'build/greennao/greennao.egg-info/SOURCES.txt'
[0.896s] reading manifest file 'build/greennao/greennao.egg-info/SOURCES.txt'
[0.897s] writing manifest file 'build/greennao/greennao.egg-info/SOURCES.txt'
[0.897s] running build
[0.897s] running build_py
[0.898s] creating /home/evichan/Desktop/2024-tfg-eva-fernandez/GreenNao/greennao/build/greennao/build
[0.898s] creating /home/evichan/Desktop/2024-tfg-eva-fernandez/GreenNao/greennao/build/greennao/build/lib
[0.898s] creating /home/evichan/Desktop/2024-tfg-eva-fernandez/GreenNao/greennao/build/greennao/build/lib/greennao
[0.898s] copying greennao/GreenNaoLib.py -> /home/evichan/Desktop/2024-tfg-eva-fernandez/GreenNao/greennao/build/greennao/build/lib/greennao
[0.898s] copying greennao/GreenNao.py -> /home/evichan/Desktop/2024-tfg-eva-fernandez/GreenNao/greennao/build/greennao/build/lib/greennao
[0.898s] copying greennao/__init__.py -> /home/evichan/Desktop/2024-tfg-eva-fernandez/GreenNao/greennao/build/greennao/build/lib/greennao
[0.898s] running install
[0.898s] running install_lib
[0.899s] creating /home/evichan/Desktop/2024-tfg-eva-fernandez/GreenNao/greennao/install/greennao/lib/python3.10/site-packages/greennao
[0.899s] copying /home/evichan/Desktop/2024-tfg-eva-fernandez/GreenNao/greennao/build/greennao/build/lib/greennao/GreenNaoLib.py -> /home/evichan/Desktop/2024-tfg-eva-fernandez/GreenNao/greennao/install/greennao/lib/python3.10/site-packages/greennao
[0.899s] copying /home/evichan/Desktop/2024-tfg-eva-fernandez/GreenNao/greennao/build/greennao/build/lib/greennao/GreenNao.py -> /home/evichan/Desktop/2024-tfg-eva-fernandez/GreenNao/greennao/install/greennao/lib/python3.10/site-packages/greennao
[0.899s] copying /home/evichan/Desktop/2024-tfg-eva-fernandez/GreenNao/greennao/build/greennao/build/lib/greennao/__init__.py -> /home/evichan/Desktop/2024-tfg-eva-fernandez/GreenNao/greennao/install/greennao/lib/python3.10/site-packages/greennao
[0.900s] byte-compiling /home/evichan/Desktop/2024-tfg-eva-fernandez/GreenNao/greennao/install/greennao/lib/python3.10/site-packages/greennao/GreenNaoLib.py to GreenNaoLib.cpython-310.pyc
[0.902s] byte-compiling /home/evichan/Desktop/2024-tfg-eva-fernandez/GreenNao/greennao/install/greennao/lib/python3.10/site-packages/greennao/GreenNao.py to GreenNao.cpython-310.pyc
[0.902s] byte-compiling /home/evichan/Desktop/2024-tfg-eva-fernandez/GreenNao/greennao/install/greennao/lib/python3.10/site-packages/greennao/__init__.py to __init__.cpython-310.pyc
[0.903s] running install_data
[0.903s] copying package.xml -> /home/evichan/Desktop/2024-tfg-eva-fernandez/GreenNao/greennao/install/greennao/share/greennao
[0.903s] creating /home/evichan/Desktop/2024-tfg-eva-fernandez/GreenNao/greennao/install/greennao/share/greennao/launch
[0.903s] copying launch/launcher.launch.py -> /home/evichan/Desktop/2024-tfg-eva-fernandez/GreenNao/greennao/install/greennao/share/greennao/launch
[0.904s] creating /home/evichan/Desktop/2024-tfg-eva-fernandez/GreenNao/greennao/install/greennao/share/ament_index
[0.904s] creating /home/evichan/Desktop/2024-tfg-eva-fernandez/GreenNao/greennao/install/greennao/share/ament_index/resource_index
[0.904s] creating /home/evichan/Desktop/2024-tfg-eva-fernandez/GreenNao/greennao/install/greennao/share/ament_index/resource_index/packages
[0.904s] copying resource/greennao -> /home/evichan/Desktop/2024-tfg-eva-fernandez/GreenNao/greennao/install/greennao/share/ament_index/resource_index/packages
[0.904s] running install_egg_info
[0.907s] Copying build/greennao/greennao.egg-info to /home/evichan/Desktop/2024-tfg-eva-fernandez/GreenNao/greennao/install/greennao/lib/python3.10/site-packages/greennao-0.0.0-py3.10.egg-info
[0.908s] running install_scripts
[0.927s] Installing GreenNaoLib script to /home/evichan/Desktop/2024-tfg-eva-fernandez/GreenNao/greennao/install/greennao/lib/greennao
[0.928s] writing list of installed files to '/home/evichan/Desktop/2024-tfg-eva-fernandez/GreenNao/greennao/build/greennao/install.log'
[0.958s] Invoked command in '/home/evichan/Desktop/2024-tfg-eva-fernandez/GreenNao/greennao' returned '0': PYTHONPATH=/home/evichan/Desktop/2024-tfg-eva-fernandez/GreenNao/greennao/build/greennao/prefix_override:/usr/lib/python3/dist-packages/colcon_core/task/python/colcon_distutils_commands:/home/evichan/Desktop/2024-tfg-eva-fernandez/GreenNao/greennao/install/greennao/lib/python3.10/site-packages:${PYTHONPATH} /usr/bin/python3 -W ignore:setup.py install is deprecated -W ignore:easy_install command is deprecated setup.py egg_info --egg-base build/greennao build --build-base /home/evichan/Desktop/2024-tfg-eva-fernandez/GreenNao/greennao/build/greennao/build install --record /home/evichan/Desktop/2024-tfg-eva-fernandez/GreenNao/greennao/build/greennao/install.log --single-version-externally-managed install_data
