[1.117s] Invoking command in '/home/2024-tfg-eva-fernandez/pruebas/moving_nao': PYTHONPATH=/home/2024-tfg-eva-fernandez/pruebas/moving_nao/build/moving_nao/prefix_override:/usr/lib/python3/dist-packages/colcon_core/task/python/colcon_distutils_commands:/home/2024-tfg-eva-fernandez/pruebas/moving_nao/install/moving_nao/lib/python3.10/site-packages:${PYTHONPATH} /usr/bin/python3 -W ignore:setup.py install is deprecated setup.py egg_info --egg-base build/moving_nao build --build-base /home/2024-tfg-eva-fernandez/pruebas/moving_nao/build/moving_nao/build install --record /home/2024-tfg-eva-fernandez/pruebas/moving_nao/build/moving_nao/install.log --single-version-externally-managed install_data
[1.523s] running egg_info
[1.524s] writing build/moving_nao/moving_nao.egg-info/PKG-INFO
[1.525s] writing dependency_links to build/moving_nao/moving_nao.egg-info/dependency_links.txt
[1.525s] writing entry points to build/moving_nao/moving_nao.egg-info/entry_points.txt
[1.526s] writing requirements to build/moving_nao/moving_nao.egg-info/requires.txt
[1.526s] writing top-level names to build/moving_nao/moving_nao.egg-info/top_level.txt
[1.530s] reading manifest file 'build/moving_nao/moving_nao.egg-info/SOURCES.txt'
[1.533s] writing manifest file 'build/moving_nao/moving_nao.egg-info/SOURCES.txt'
[1.533s] running build
[1.533s] running build_py
[1.533s] copying moving_nao/moving_in_pattern.py -> /home/2024-tfg-eva-fernandez/pruebas/moving_nao/build/moving_nao/build/lib/moving_nao
[1.534s] running install
[1.535s] running install_lib
[1.537s] copying /home/2024-tfg-eva-fernandez/pruebas/moving_nao/build/moving_nao/build/lib/moving_nao/moving_in_pattern.py -> /home/2024-tfg-eva-fernandez/pruebas/moving_nao/install/moving_nao/lib/python3.10/site-packages/moving_nao
[1.538s] byte-compiling /home/2024-tfg-eva-fernandez/pruebas/moving_nao/install/moving_nao/lib/python3.10/site-packages/moving_nao/moving_in_pattern.py to moving_in_pattern.cpython-310.pyc
[1.539s] running install_data
[1.540s] running install_egg_info
[1.544s] removing '/home/2024-tfg-eva-fernandez/pruebas/moving_nao/install/moving_nao/lib/python3.10/site-packages/moving_nao-0.0.0-py3.10.egg-info' (and everything under it)
[1.544s] Copying build/moving_nao/moving_nao.egg-info to /home/2024-tfg-eva-fernandez/pruebas/moving_nao/install/moving_nao/lib/python3.10/site-packages/moving_nao-0.0.0-py3.10.egg-info
[1.545s] running install_scripts
[1.596s] Installing butterfly_swim script to /home/2024-tfg-eva-fernandez/pruebas/moving_nao/install/moving_nao/lib/moving_nao
[1.597s] Installing nao_controller script to /home/2024-tfg-eva-fernandez/pruebas/moving_nao/install/moving_nao/lib/moving_nao
[1.597s] writing list of installed files to '/home/2024-tfg-eva-fernandez/pruebas/moving_nao/build/moving_nao/install.log'
[1.647s] Invoked command in '/home/2024-tfg-eva-fernandez/pruebas/moving_nao' returned '0': PYTHONPATH=/home/2024-tfg-eva-fernandez/pruebas/moving_nao/build/moving_nao/prefix_override:/usr/lib/python3/dist-packages/colcon_core/task/python/colcon_distutils_commands:/home/2024-tfg-eva-fernandez/pruebas/moving_nao/install/moving_nao/lib/python3.10/site-packages:${PYTHONPATH} /usr/bin/python3 -W ignore:setup.py install is deprecated setup.py egg_info --egg-base build/moving_nao build --build-base /home/2024-tfg-eva-fernandez/pruebas/moving_nao/build/moving_nao/build install --record /home/2024-tfg-eva-fernandez/pruebas/moving_nao/build/moving_nao/install.log --single-version-externally-managed install_data
