running egg_info
writing build/moving_nao/moving_nao.egg-info/PKG-INFO
writing dependency_links to build/moving_nao/moving_nao.egg-info/dependency_links.txt
writing entry points to build/moving_nao/moving_nao.egg-info/entry_points.txt
writing requirements to build/moving_nao/moving_nao.egg-info/requires.txt
writing top-level names to build/moving_nao/moving_nao.egg-info/top_level.txt
reading manifest file 'build/moving_nao/moving_nao.egg-info/SOURCES.txt'
writing manifest file 'build/moving_nao/moving_nao.egg-info/SOURCES.txt'
running build
running build_py
running install
running install_lib
creating /home/pc/Escritorio/2024-tfg-eva-fernandez/pruebas/moving_nao/install/moving_nao/lib/python3.12/site-packages/moving_nao
copying /home/pc/Escritorio/2024-tfg-eva-fernandez/pruebas/moving_nao/build/moving_nao/build/lib/moving_nao/camina.py -> /home/pc/Escritorio/2024-tfg-eva-fernandez/pruebas/moving_nao/install/moving_nao/lib/python3.12/site-packages/moving_nao
copying /home/pc/Escritorio/2024-tfg-eva-fernandez/pruebas/moving_nao/build/moving_nao/build/lib/moving_nao/moving_in_pattern.py -> /home/pc/Escritorio/2024-tfg-eva-fernandez/pruebas/moving_nao/install/moving_nao/lib/python3.12/site-packages/moving_nao
copying /home/pc/Escritorio/2024-tfg-eva-fernandez/pruebas/moving_nao/build/moving_nao/build/lib/moving_nao/__init__.py -> /home/pc/Escritorio/2024-tfg-eva-fernandez/pruebas/moving_nao/install/moving_nao/lib/python3.12/site-packages/moving_nao
copying /home/pc/Escritorio/2024-tfg-eva-fernandez/pruebas/moving_nao/build/moving_nao/build/lib/moving_nao/nao_controller.py -> /home/pc/Escritorio/2024-tfg-eva-fernandez/pruebas/moving_nao/install/moving_nao/lib/python3.12/site-packages/moving_nao
copying /home/pc/Escritorio/2024-tfg-eva-fernandez/pruebas/moving_nao/build/moving_nao/build/lib/moving_nao/moving_in_motion.py -> /home/pc/Escritorio/2024-tfg-eva-fernandez/pruebas/moving_nao/install/moving_nao/lib/python3.12/site-packages/moving_nao
copying /home/pc/Escritorio/2024-tfg-eva-fernandez/pruebas/moving_nao/build/moving_nao/build/lib/moving_nao/walk.py -> /home/pc/Escritorio/2024-tfg-eva-fernandez/pruebas/moving_nao/install/moving_nao/lib/python3.12/site-packages/moving_nao
copying /home/pc/Escritorio/2024-tfg-eva-fernandez/pruebas/moving_nao/build/moving_nao/build/lib/moving_nao/walk_with_json.py -> /home/pc/Escritorio/2024-tfg-eva-fernandez/pruebas/moving_nao/install/moving_nao/lib/python3.12/site-packages/moving_nao
copying /home/pc/Escritorio/2024-tfg-eva-fernandez/pruebas/moving_nao/build/moving_nao/build/lib/moving_nao/launcher.launch.py -> /home/pc/Escritorio/2024-tfg-eva-fernandez/pruebas/moving_nao/install/moving_nao/lib/python3.12/site-packages/moving_nao
copying /home/pc/Escritorio/2024-tfg-eva-fernandez/pruebas/moving_nao/build/moving_nao/build/lib/moving_nao/butterfly_swim.py -> /home/pc/Escritorio/2024-tfg-eva-fernandez/pruebas/moving_nao/install/moving_nao/lib/python3.12/site-packages/moving_nao
copying /home/pc/Escritorio/2024-tfg-eva-fernandez/pruebas/moving_nao/build/moving_nao/build/lib/moving_nao/walking_gate.py -> /home/pc/Escritorio/2024-tfg-eva-fernandez/pruebas/moving_nao/install/moving_nao/lib/python3.12/site-packages/moving_nao
byte-compiling /home/pc/Escritorio/2024-tfg-eva-fernandez/pruebas/moving_nao/install/moving_nao/lib/python3.12/site-packages/moving_nao/camina.py to camina.cpython-312.pyc
byte-compiling /home/pc/Escritorio/2024-tfg-eva-fernandez/pruebas/moving_nao/install/moving_nao/lib/python3.12/site-packages/moving_nao/moving_in_pattern.py to moving_in_pattern.cpython-312.pyc
byte-compiling /home/pc/Escritorio/2024-tfg-eva-fernandez/pruebas/moving_nao/install/moving_nao/lib/python3.12/site-packages/moving_nao/__init__.py to __init__.cpython-312.pyc
byte-compiling /home/pc/Escritorio/2024-tfg-eva-fernandez/pruebas/moving_nao/install/moving_nao/lib/python3.12/site-packages/moving_nao/nao_controller.py to nao_controller.cpython-312.pyc
byte-compiling /home/pc/Escritorio/2024-tfg-eva-fernandez/pruebas/moving_nao/install/moving_nao/lib/python3.12/site-packages/moving_nao/moving_in_motion.py to moving_in_motion.cpython-312.pyc
byte-compiling /home/pc/Escritorio/2024-tfg-eva-fernandez/pruebas/moving_nao/install/moving_nao/lib/python3.12/site-packages/moving_nao/walk.py to walk.cpython-312.pyc
byte-compiling /home/pc/Escritorio/2024-tfg-eva-fernandez/pruebas/moving_nao/install/moving_nao/lib/python3.12/site-packages/moving_nao/walk_with_json.py to walk_with_json.cpython-312.pyc
byte-compiling /home/pc/Escritorio/2024-tfg-eva-fernandez/pruebas/moving_nao/install/moving_nao/lib/python3.12/site-packages/moving_nao/launcher.launch.py to launcher.launch.cpython-312.pyc
byte-compiling /home/pc/Escritorio/2024-tfg-eva-fernandez/pruebas/moving_nao/install/moving_nao/lib/python3.12/site-packages/moving_nao/butterfly_swim.py to butterfly_swim.cpython-312.pyc
byte-compiling /home/pc/Escritorio/2024-tfg-eva-fernandez/pruebas/moving_nao/install/moving_nao/lib/python3.12/site-packages/moving_nao/walking_gate.py to walking_gate.cpython-312.pyc
running install_data
copying resource/moving_nao -> /home/pc/Escritorio/2024-tfg-eva-fernandez/pruebas/moving_nao/install/moving_nao/share/ament_index/resource_index/packages
running install_egg_info
Copying build/moving_nao/moving_nao.egg-info to /home/pc/Escritorio/2024-tfg-eva-fernandez/pruebas/moving_nao/install/moving_nao/lib/python3.12/site-packages/moving_nao-0.0.0-py3.12.egg-info
running install_scripts
Installing butterfly_swim script to /home/pc/Escritorio/2024-tfg-eva-fernandez/pruebas/moving_nao/install/moving_nao/lib/moving_nao
Installing moving_in_motion script to /home/pc/Escritorio/2024-tfg-eva-fernandez/pruebas/moving_nao/install/moving_nao/lib/moving_nao
Installing moving_in_pattern script to /home/pc/Escritorio/2024-tfg-eva-fernandez/pruebas/moving_nao/install/moving_nao/lib/moving_nao
Installing nao_controller script to /home/pc/Escritorio/2024-tfg-eva-fernandez/pruebas/moving_nao/install/moving_nao/lib/moving_nao
Installing walk script to /home/pc/Escritorio/2024-tfg-eva-fernandez/pruebas/moving_nao/install/moving_nao/lib/moving_nao
Installing walk_with_json script to /home/pc/Escritorio/2024-tfg-eva-fernandez/pruebas/moving_nao/install/moving_nao/lib/moving_nao
writing list of installed files to '/home/pc/Escritorio/2024-tfg-eva-fernandez/pruebas/moving_nao/build/moving_nao/install.log'
