[1.268s] Invoking command in '/home/pc/Escritorio/2024-tfg-eva-fernandez/pruebas/moving_nao': DEBUGINFOD_URLS=https://debuginfod.ubuntu.com PYTHONPATH=/home/pc/Escritorio/2024-tfg-eva-fernandez/pruebas/moving_nao/build/moving_nao/prefix_override:/usr/lib/python3/dist-packages/colcon_core/task/python/colcon_distutils_commands:/home/pc/Escritorio/2024-tfg-eva-fernandez/pruebas/moving_nao/install/moving_nao/lib/python3.12/site-packages:${PYTHONPATH} /usr/bin/python3 -W ignore:setup.py install is deprecated -W ignore:easy_install command is deprecated setup.py egg_info --egg-base build/moving_nao build --build-base /home/pc/Escritorio/2024-tfg-eva-fernandez/pruebas/moving_nao/build/moving_nao/build install --record /home/pc/Escritorio/2024-tfg-eva-fernandez/pruebas/moving_nao/build/moving_nao/install.log --single-version-externally-managed install_data
[1.608s] running egg_info
[1.631s] writing build/moving_nao/moving_nao.egg-info/PKG-INFO
[1.632s] writing dependency_links to build/moving_nao/moving_nao.egg-info/dependency_links.txt
[1.632s] writing entry points to build/moving_nao/moving_nao.egg-info/entry_points.txt
[1.632s] writing requirements to build/moving_nao/moving_nao.egg-info/requires.txt
[1.632s] writing top-level names to build/moving_nao/moving_nao.egg-info/top_level.txt
[1.678s] reading manifest file 'build/moving_nao/moving_nao.egg-info/SOURCES.txt'
[1.678s] writing manifest file 'build/moving_nao/moving_nao.egg-info/SOURCES.txt'
[1.679s] running build
[1.679s] running build_py
[1.679s] running install
[1.683s] running install_lib
[1.706s] creating /home/pc/Escritorio/2024-tfg-eva-fernandez/pruebas/moving_nao/install/moving_nao/lib/python3.12/site-packages/moving_nao
[1.706s] copying /home/pc/Escritorio/2024-tfg-eva-fernandez/pruebas/moving_nao/build/moving_nao/build/lib/moving_nao/camina.py -> /home/pc/Escritorio/2024-tfg-eva-fernandez/pruebas/moving_nao/install/moving_nao/lib/python3.12/site-packages/moving_nao
[1.707s] copying /home/pc/Escritorio/2024-tfg-eva-fernandez/pruebas/moving_nao/build/moving_nao/build/lib/moving_nao/moving_in_pattern.py -> /home/pc/Escritorio/2024-tfg-eva-fernandez/pruebas/moving_nao/install/moving_nao/lib/python3.12/site-packages/moving_nao
[1.707s] copying /home/pc/Escritorio/2024-tfg-eva-fernandez/pruebas/moving_nao/build/moving_nao/build/lib/moving_nao/__init__.py -> /home/pc/Escritorio/2024-tfg-eva-fernandez/pruebas/moving_nao/install/moving_nao/lib/python3.12/site-packages/moving_nao
[1.707s] copying /home/pc/Escritorio/2024-tfg-eva-fernandez/pruebas/moving_nao/build/moving_nao/build/lib/moving_nao/nao_controller.py -> /home/pc/Escritorio/2024-tfg-eva-fernandez/pruebas/moving_nao/install/moving_nao/lib/python3.12/site-packages/moving_nao
[1.708s] copying /home/pc/Escritorio/2024-tfg-eva-fernandez/pruebas/moving_nao/build/moving_nao/build/lib/moving_nao/moving_in_motion.py -> /home/pc/Escritorio/2024-tfg-eva-fernandez/pruebas/moving_nao/install/moving_nao/lib/python3.12/site-packages/moving_nao
[1.708s] copying /home/pc/Escritorio/2024-tfg-eva-fernandez/pruebas/moving_nao/build/moving_nao/build/lib/moving_nao/walk.py -> /home/pc/Escritorio/2024-tfg-eva-fernandez/pruebas/moving_nao/install/moving_nao/lib/python3.12/site-packages/moving_nao
[1.709s] copying /home/pc/Escritorio/2024-tfg-eva-fernandez/pruebas/moving_nao/build/moving_nao/build/lib/moving_nao/walk_with_json.py -> /home/pc/Escritorio/2024-tfg-eva-fernandez/pruebas/moving_nao/install/moving_nao/lib/python3.12/site-packages/moving_nao
[1.709s] copying /home/pc/Escritorio/2024-tfg-eva-fernandez/pruebas/moving_nao/build/moving_nao/build/lib/moving_nao/launcher.launch.py -> /home/pc/Escritorio/2024-tfg-eva-fernandez/pruebas/moving_nao/install/moving_nao/lib/python3.12/site-packages/moving_nao
[1.709s] copying /home/pc/Escritorio/2024-tfg-eva-fernandez/pruebas/moving_nao/build/moving_nao/build/lib/moving_nao/butterfly_swim.py -> /home/pc/Escritorio/2024-tfg-eva-fernandez/pruebas/moving_nao/install/moving_nao/lib/python3.12/site-packages/moving_nao
[1.710s] copying /home/pc/Escritorio/2024-tfg-eva-fernandez/pruebas/moving_nao/build/moving_nao/build/lib/moving_nao/walking_gate.py -> /home/pc/Escritorio/2024-tfg-eva-fernandez/pruebas/moving_nao/install/moving_nao/lib/python3.12/site-packages/moving_nao
[1.711s] byte-compiling /home/pc/Escritorio/2024-tfg-eva-fernandez/pruebas/moving_nao/install/moving_nao/lib/python3.12/site-packages/moving_nao/camina.py to camina.cpython-312.pyc
[1.712s] byte-compiling /home/pc/Escritorio/2024-tfg-eva-fernandez/pruebas/moving_nao/install/moving_nao/lib/python3.12/site-packages/moving_nao/moving_in_pattern.py to moving_in_pattern.cpython-312.pyc
[1.712s] byte-compiling /home/pc/Escritorio/2024-tfg-eva-fernandez/pruebas/moving_nao/install/moving_nao/lib/python3.12/site-packages/moving_nao/__init__.py to __init__.cpython-312.pyc
[1.712s] byte-compiling /home/pc/Escritorio/2024-tfg-eva-fernandez/pruebas/moving_nao/install/moving_nao/lib/python3.12/site-packages/moving_nao/nao_controller.py to nao_controller.cpython-312.pyc
[1.712s] byte-compiling /home/pc/Escritorio/2024-tfg-eva-fernandez/pruebas/moving_nao/install/moving_nao/lib/python3.12/site-packages/moving_nao/moving_in_motion.py to moving_in_motion.cpython-312.pyc
[1.713s] byte-compiling /home/pc/Escritorio/2024-tfg-eva-fernandez/pruebas/moving_nao/install/moving_nao/lib/python3.12/site-packages/moving_nao/walk.py to walk.cpython-312.pyc
[1.714s] byte-compiling /home/pc/Escritorio/2024-tfg-eva-fernandez/pruebas/moving_nao/install/moving_nao/lib/python3.12/site-packages/moving_nao/walk_with_json.py to walk_with_json.cpython-312.pyc
[1.714s] byte-compiling /home/pc/Escritorio/2024-tfg-eva-fernandez/pruebas/moving_nao/install/moving_nao/lib/python3.12/site-packages/moving_nao/launcher.launch.py to launcher.launch.cpython-312.pyc
[1.715s] byte-compiling /home/pc/Escritorio/2024-tfg-eva-fernandez/pruebas/moving_nao/install/moving_nao/lib/python3.12/site-packages/moving_nao/butterfly_swim.py to butterfly_swim.cpython-312.pyc
[1.715s] byte-compiling /home/pc/Escritorio/2024-tfg-eva-fernandez/pruebas/moving_nao/install/moving_nao/lib/python3.12/site-packages/moving_nao/walking_gate.py to walking_gate.cpython-312.pyc
[1.716s] running install_data
[1.716s] copying resource/moving_nao -> /home/pc/Escritorio/2024-tfg-eva-fernandez/pruebas/moving_nao/install/moving_nao/share/ament_index/resource_index/packages
[1.716s] running install_egg_info
[1.743s] Copying build/moving_nao/moving_nao.egg-info to /home/pc/Escritorio/2024-tfg-eva-fernandez/pruebas/moving_nao/install/moving_nao/lib/python3.12/site-packages/moving_nao-0.0.0-py3.12.egg-info
[1.745s] running install_scripts
[1.899s] Installing butterfly_swim script to /home/pc/Escritorio/2024-tfg-eva-fernandez/pruebas/moving_nao/install/moving_nao/lib/moving_nao
[1.900s] Installing moving_in_motion script to /home/pc/Escritorio/2024-tfg-eva-fernandez/pruebas/moving_nao/install/moving_nao/lib/moving_nao
[1.900s] Installing moving_in_pattern script to /home/pc/Escritorio/2024-tfg-eva-fernandez/pruebas/moving_nao/install/moving_nao/lib/moving_nao
[1.900s] Installing nao_controller script to /home/pc/Escritorio/2024-tfg-eva-fernandez/pruebas/moving_nao/install/moving_nao/lib/moving_nao
[1.900s] Installing walk script to /home/pc/Escritorio/2024-tfg-eva-fernandez/pruebas/moving_nao/install/moving_nao/lib/moving_nao
[1.900s] Installing walk_with_json script to /home/pc/Escritorio/2024-tfg-eva-fernandez/pruebas/moving_nao/install/moving_nao/lib/moving_nao
[1.900s] writing list of installed files to '/home/pc/Escritorio/2024-tfg-eva-fernandez/pruebas/moving_nao/build/moving_nao/install.log'
[1.918s] Invoked command in '/home/pc/Escritorio/2024-tfg-eva-fernandez/pruebas/moving_nao' returned '0': DEBUGINFOD_URLS=https://debuginfod.ubuntu.com PYTHONPATH=/home/pc/Escritorio/2024-tfg-eva-fernandez/pruebas/moving_nao/build/moving_nao/prefix_override:/usr/lib/python3/dist-packages/colcon_core/task/python/colcon_distutils_commands:/home/pc/Escritorio/2024-tfg-eva-fernandez/pruebas/moving_nao/install/moving_nao/lib/python3.12/site-packages:${PYTHONPATH} /usr/bin/python3 -W ignore:setup.py install is deprecated -W ignore:easy_install command is deprecated setup.py egg_info --egg-base build/moving_nao build --build-base /home/pc/Escritorio/2024-tfg-eva-fernandez/pruebas/moving_nao/build/moving_nao/build install --record /home/pc/Escritorio/2024-tfg-eva-fernandez/pruebas/moving_nao/build/moving_nao/install.log --single-version-externally-managed install_data
