running egg_info
writing build/moving_nao/moving_nao.egg-info/PKG-INFO
writing dependency_links to build/moving_nao/moving_nao.egg-info/dependency_links.txt
writing entry points to build/moving_nao/moving_nao.egg-info/entry_points.txt
writing requirements to build/moving_nao/moving_nao.egg-info/requires.txt
writing top-level names to build/moving_nao/moving_nao.egg-info/top_level.txt
reading manifest file 'build/moving_nao/moving_nao.egg-info/SOURCES.txt'
writing manifest file 'build/moving_nao/moving_nao.egg-info/SOURCES.txt'
running build
running build_py
running install
running install_lib
running install_data
running install_egg_info
removing '/home/2024-tfg-eva-fernandez/pruebas/moving_nao/install/moving_nao/lib/python3.10/site-packages/moving_nao-0.0.0-py3.10.egg-info' (and everything under it)
Copying build/moving_nao/moving_nao.egg-info to /home/2024-tfg-eva-fernandez/pruebas/moving_nao/install/moving_nao/lib/python3.10/site-packages/moving_nao-0.0.0-py3.10.egg-info
running install_scripts
Installing butterfly_swim script to /home/2024-tfg-eva-fernandez/pruebas/moving_nao/install/moving_nao/lib/moving_nao
Installing camina script to /home/2024-tfg-eva-fernandez/pruebas/moving_nao/install/moving_nao/lib/moving_nao
Installing moving_in_pattern script to /home/2024-tfg-eva-fernandez/pruebas/moving_nao/install/moving_nao/lib/moving_nao
Installing nao_controller script to /home/2024-tfg-eva-fernandez/pruebas/moving_nao/install/moving_nao/lib/moving_nao
writing list of installed files to '/home/2024-tfg-eva-fernandez/pruebas/moving_nao/build/moving_nao/install.log'
