[0.421s] DEBUG:colcon:Command line arguments: ['/usr/bin/colcon', 'build']
[0.421s] DEBUG:colcon:Parsed command line arguments: Namespace(log_base=None, log_level=None, verb_name='build', build_base='build', install_base='install', merge_install=False, symlink_install=False, test_result_base=None, continue_on_error=False, executor='parallel', parallel_workers=20, event_handlers=None, ignore_user_meta=False, metas=['./colcon.meta'], base_paths=['.'], packages_ignore=None, packages_ignore_regex=None, paths=None, packages_up_to=None, packages_up_to_regex=None, packages_above=None, packages_above_and_dependencies=None, packages_above_depth=None, packages_select_by_dep=None, packages_skip_by_dep=None, packages_skip_up_to=None, packages_select_build_failed=False, packages_skip_build_finished=False, packages_select_test_failures=False, packages_skip_test_passed=False, packages_select=None, packages_skip=None, packages_select_regex=None, packages_skip_regex=None, packages_start=None, packages_end=None, cmake_args=None, cmake_target=None, cmake_target_skip_unavailable=False, cmake_clean_cache=False, cmake_clean_first=False, cmake_force_configure=False, ament_cmake_args=None, catkin_cmake_args=None, catkin_skip_building_tests=False, mixin_files=None, mixin=None, verb_parser=<colcon_mixin.mixin.mixin_argument.MixinArgumentDecorator object at 0x775e0249baf0>, verb_extension=<colcon_core.verb.build.BuildVerb object at 0x775e0249b0d0>, main=<bound method BuildVerb.main of <colcon_core.verb.build.BuildVerb object at 0x775e0249b0d0>>, mixin_verb=('build',))
[0.730s] Level 1:colcon.colcon_core.package_discovery:discover_packages(colcon_meta) check parameters
[0.733s] INFO:colcon.colcon_metadata.package_discovery.colcon_meta:Using configuration from '/root/.colcon/metadata/default/Gazebo.meta'
[0.734s] INFO:colcon.colcon_metadata.package_discovery.colcon_meta:Using configuration from '/root/.colcon/metadata/default/fastrtps.meta'
[0.735s] Level 1:colcon.colcon_core.package_discovery:discover_packages(recursive) check parameters
[0.735s] Level 1:colcon.colcon_core.package_discovery:discover_packages(ignore) check parameters
[0.735s] Level 1:colcon.colcon_core.package_discovery:discover_packages(path) check parameters
[0.735s] Level 1:colcon.colcon_core.package_discovery:discover_packages(colcon_meta) discover
[0.735s] Level 1:colcon.colcon_core.package_discovery:discover_packages(recursive) discover
[0.735s] INFO:colcon.colcon_core.package_discovery:Crawling recursively for packages in '/home/2024-tfg-eva-fernandez/pruebas/nao_controller'
[0.735s] Level 1:colcon.colcon_core.package_identification:_identify(.) by extensions ['ignore', 'ignore_ament_install']
[0.735s] Level 1:colcon.colcon_core.package_identification:_identify(.) by extension 'ignore'
[0.735s] Level 1:colcon.colcon_core.package_identification:_identify(.) by extension 'ignore_ament_install'
[0.735s] Level 1:colcon.colcon_core.package_identification:_identify(.) by extensions ['colcon_pkg']
[0.735s] Level 1:colcon.colcon_core.package_identification:_identify(.) by extension 'colcon_pkg'
[0.736s] Level 1:colcon.colcon_core.package_identification:_identify(.) by extensions ['colcon_meta']
[0.736s] Level 1:colcon.colcon_core.package_identification:_identify(.) by extension 'colcon_meta'
[0.736s] Level 1:colcon.colcon_core.package_identification:_identify(.) by extensions ['ros']
[0.736s] Level 1:colcon.colcon_core.package_identification:_identify(.) by extension 'ros'
[0.766s] DEBUG:colcon.colcon_core.package_identification:Package '.' with type 'ros.ament_cmake' and name 'nao_controller'
[0.766s] Level 1:colcon.colcon_core.package_discovery:discover_packages(recursive) using defaults
[0.766s] Level 1:colcon.colcon_core.package_discovery:discover_packages(ignore) discover
[0.766s] Level 1:colcon.colcon_core.package_discovery:discover_packages(ignore) using defaults
[0.766s] Level 1:colcon.colcon_core.package_discovery:discover_packages(path) discover
[0.766s] Level 1:colcon.colcon_core.package_discovery:discover_packages(path) using defaults
[0.816s] Level 5:colcon.colcon_core.verb:set package 'nao_controller' build argument 'cmake_args' from command line to 'None'
[0.816s] Level 5:colcon.colcon_core.verb:set package 'nao_controller' build argument 'cmake_target' from command line to 'None'
[0.816s] Level 5:colcon.colcon_core.verb:set package 'nao_controller' build argument 'cmake_target_skip_unavailable' from command line to 'False'
[0.816s] Level 5:colcon.colcon_core.verb:set package 'nao_controller' build argument 'cmake_clean_cache' from command line to 'False'
[0.816s] Level 5:colcon.colcon_core.verb:set package 'nao_controller' build argument 'cmake_clean_first' from command line to 'False'
[0.816s] Level 5:colcon.colcon_core.verb:set package 'nao_controller' build argument 'cmake_force_configure' from command line to 'False'
[0.816s] Level 5:colcon.colcon_core.verb:set package 'nao_controller' build argument 'ament_cmake_args' from command line to 'None'
[0.816s] Level 5:colcon.colcon_core.verb:set package 'nao_controller' build argument 'catkin_cmake_args' from command line to 'None'
[0.816s] Level 5:colcon.colcon_core.verb:set package 'nao_controller' build argument 'catkin_skip_building_tests' from command line to 'False'
[0.816s] DEBUG:colcon.colcon_core.verb:Building package 'nao_controller' with the following arguments: {'ament_cmake_args': None, 'build_base': '/home/2024-tfg-eva-fernandez/pruebas/nao_controller/build/nao_controller', 'catkin_cmake_args': None, 'catkin_skip_building_tests': False, 'cmake_args': None, 'cmake_clean_cache': False, 'cmake_clean_first': False, 'cmake_force_configure': False, 'cmake_target': None, 'cmake_target_skip_unavailable': False, 'install_base': '/home/2024-tfg-eva-fernandez/pruebas/nao_controller/install/nao_controller', 'merge_install': False, 'path': '/home/2024-tfg-eva-fernandez/pruebas/nao_controller', 'symlink_install': False, 'test_result_base': None}
[0.817s] INFO:colcon.colcon_core.executor:Executing jobs using 'parallel' executor
[0.818s] DEBUG:colcon.colcon_parallel_executor.executor.parallel:run_until_complete
[0.818s] INFO:colcon.colcon_ros.task.ament_cmake.build:Building ROS package in '/home/2024-tfg-eva-fernandez/pruebas/nao_controller' with build type 'ament_cmake'
[0.818s] INFO:colcon.colcon_cmake.task.cmake.build:Building CMake package in '/home/2024-tfg-eva-fernandez/pruebas/nao_controller'
[0.824s] INFO:colcon.colcon_core.plugin_system:Skipping extension 'colcon_core.shell.bat': Not used on non-Windows systems
[0.825s] INFO:colcon.colcon_core.shell:Skip shell extension 'powershell' for command environment: Not usable outside of PowerShell
[0.825s] DEBUG:colcon.colcon_core.shell:Skip shell extension 'dsv' for command environment
[0.849s] DEBUG:colcon.colcon_core.event_handler.log_command:Invoking command in '/home/2024-tfg-eva-fernandez/pruebas/nao_controller/build/nao_controller': CMAKE_PREFIX_PATH=/opt/ros/humble /usr/bin/cmake --build /home/2024-tfg-eva-fernandez/pruebas/nao_controller/build/nao_controller -- -j20 -l20
[0.938s] DEBUG:colcon.colcon_core.event_handler.log_command:Invoked command in '/home/2024-tfg-eva-fernandez/pruebas/nao_controller/build/nao_controller' returned '0': CMAKE_PREFIX_PATH=/opt/ros/humble /usr/bin/cmake --build /home/2024-tfg-eva-fernandez/pruebas/nao_controller/build/nao_controller -- -j20 -l20
[0.982s] DEBUG:colcon.colcon_core.event_handler.log_command:Invoking command in '/home/2024-tfg-eva-fernandez/pruebas/nao_controller/build/nao_controller': CMAKE_PREFIX_PATH=/opt/ros/humble /usr/bin/cmake --install /home/2024-tfg-eva-fernandez/pruebas/nao_controller/build/nao_controller
[0.993s] Level 1:colcon.colcon_core.environment:create_environment_scripts_only(nao_controller)
[0.994s] DEBUG:colcon.colcon_core.event_handler.log_command:Invoked command in '/home/2024-tfg-eva-fernandez/pruebas/nao_controller/build/nao_controller' returned '0': CMAKE_PREFIX_PATH=/opt/ros/humble /usr/bin/cmake --install /home/2024-tfg-eva-fernandez/pruebas/nao_controller/build/nao_controller
[1.002s] Level 1:colcon.colcon_core.environment:checking '/home/2024-tfg-eva-fernandez/pruebas/nao_controller/install/nao_controller' for CMake module files
[1.003s] Level 1:colcon.colcon_core.environment:checking '/home/2024-tfg-eva-fernandez/pruebas/nao_controller/install/nao_controller' for CMake config files
[1.003s] Level 1:colcon.colcon_core.shell:create_environment_hook('nao_controller', 'cmake_prefix_path')
[1.004s] INFO:colcon.colcon_core.shell:Creating environment hook '/home/2024-tfg-eva-fernandez/pruebas/nao_controller/install/nao_controller/share/nao_controller/hook/cmake_prefix_path.ps1'
[1.005s] INFO:colcon.colcon_core.shell:Creating environment descriptor '/home/2024-tfg-eva-fernandez/pruebas/nao_controller/install/nao_controller/share/nao_controller/hook/cmake_prefix_path.dsv'
[1.006s] INFO:colcon.colcon_core.shell:Creating environment hook '/home/2024-tfg-eva-fernandez/pruebas/nao_controller/install/nao_controller/share/nao_controller/hook/cmake_prefix_path.sh'
[1.008s] Level 1:colcon.colcon_core.environment:checking '/home/2024-tfg-eva-fernandez/pruebas/nao_controller/install/nao_controller/bin'
[1.008s] Level 1:colcon.colcon_core.environment:checking '/home/2024-tfg-eva-fernandez/pruebas/nao_controller/install/nao_controller/lib/pkgconfig/nao_controller.pc'
[1.011s] Level 1:colcon.colcon_core.environment:checking '/home/2024-tfg-eva-fernandez/pruebas/nao_controller/install/nao_controller/lib/python3.10/site-packages'
[1.012s] Level 1:colcon.colcon_core.environment:checking '/home/2024-tfg-eva-fernandez/pruebas/nao_controller/install/nao_controller/bin'
[1.012s] INFO:colcon.colcon_core.shell:Creating package script '/home/2024-tfg-eva-fernandez/pruebas/nao_controller/install/nao_controller/share/nao_controller/package.ps1'
[1.013s] INFO:colcon.colcon_core.shell:Creating package descriptor '/home/2024-tfg-eva-fernandez/pruebas/nao_controller/install/nao_controller/share/nao_controller/package.dsv'
[1.014s] INFO:colcon.colcon_core.shell:Creating package script '/home/2024-tfg-eva-fernandez/pruebas/nao_controller/install/nao_controller/share/nao_controller/package.sh'
[1.016s] INFO:colcon.colcon_core.shell:Creating package script '/home/2024-tfg-eva-fernandez/pruebas/nao_controller/install/nao_controller/share/nao_controller/package.bash'
[1.017s] INFO:colcon.colcon_core.shell:Creating package script '/home/2024-tfg-eva-fernandez/pruebas/nao_controller/install/nao_controller/share/nao_controller/package.zsh'
[1.018s] Level 1:colcon.colcon_core.environment:create_file_with_runtime_dependencies(/home/2024-tfg-eva-fernandez/pruebas/nao_controller/install/nao_controller/share/colcon-core/packages/nao_controller)
[1.052s] Level 1:colcon.colcon_core.environment:create_environment_scripts_only(nao_controller)
[1.053s] Level 1:colcon.colcon_core.environment:checking '/home/2024-tfg-eva-fernandez/pruebas/nao_controller/install/nao_controller' for CMake module files
[1.053s] Level 1:colcon.colcon_core.environment:checking '/home/2024-tfg-eva-fernandez/pruebas/nao_controller/install/nao_controller' for CMake config files
[1.053s] Level 1:colcon.colcon_core.shell:create_environment_hook('nao_controller', 'cmake_prefix_path')
[1.054s] INFO:colcon.colcon_core.shell:Creating environment hook '/home/2024-tfg-eva-fernandez/pruebas/nao_controller/install/nao_controller/share/nao_controller/hook/cmake_prefix_path.ps1'
[1.054s] INFO:colcon.colcon_core.shell:Creating environment descriptor '/home/2024-tfg-eva-fernandez/pruebas/nao_controller/install/nao_controller/share/nao_controller/hook/cmake_prefix_path.dsv'
[1.054s] INFO:colcon.colcon_core.shell:Creating environment hook '/home/2024-tfg-eva-fernandez/pruebas/nao_controller/install/nao_controller/share/nao_controller/hook/cmake_prefix_path.sh'
[1.055s] Level 1:colcon.colcon_core.environment:checking '/home/2024-tfg-eva-fernandez/pruebas/nao_controller/install/nao_controller/bin'
[1.055s] Level 1:colcon.colcon_core.environment:checking '/home/2024-tfg-eva-fernandez/pruebas/nao_controller/install/nao_controller/lib/pkgconfig/nao_controller.pc'
[1.055s] Level 1:colcon.colcon_core.environment:checking '/home/2024-tfg-eva-fernandez/pruebas/nao_controller/install/nao_controller/lib/python3.10/site-packages'
[1.056s] Level 1:colcon.colcon_core.environment:checking '/home/2024-tfg-eva-fernandez/pruebas/nao_controller/install/nao_controller/bin'
[1.056s] INFO:colcon.colcon_core.shell:Creating package script '/home/2024-tfg-eva-fernandez/pruebas/nao_controller/install/nao_controller/share/nao_controller/package.ps1'
[1.056s] INFO:colcon.colcon_core.shell:Creating package descriptor '/home/2024-tfg-eva-fernandez/pruebas/nao_controller/install/nao_controller/share/nao_controller/package.dsv'
[1.057s] INFO:colcon.colcon_core.shell:Creating package script '/home/2024-tfg-eva-fernandez/pruebas/nao_controller/install/nao_controller/share/nao_controller/package.sh'
[1.057s] INFO:colcon.colcon_core.shell:Creating package script '/home/2024-tfg-eva-fernandez/pruebas/nao_controller/install/nao_controller/share/nao_controller/package.bash'
[1.058s] INFO:colcon.colcon_core.shell:Creating package script '/home/2024-tfg-eva-fernandez/pruebas/nao_controller/install/nao_controller/share/nao_controller/package.zsh'
[1.058s] Level 1:colcon.colcon_core.environment:create_file_with_runtime_dependencies(/home/2024-tfg-eva-fernandez/pruebas/nao_controller/install/nao_controller/share/colcon-core/packages/nao_controller)
[1.058s] DEBUG:colcon.colcon_parallel_executor.executor.parallel:closing loop
[1.059s] DEBUG:colcon.colcon_parallel_executor.executor.parallel:loop closed
[1.059s] DEBUG:colcon.colcon_parallel_executor.executor.parallel:run_until_complete finished with '0'
[1.059s] DEBUG:colcon.colcon_core.event_reactor:joining thread
[1.072s] INFO:colcon.colcon_core.plugin_system:Skipping extension 'colcon_notification.desktop_notification.notify_send': Could not find 'notify-send'
[1.072s] INFO:colcon.colcon_core.plugin_system:Skipping extension 'colcon_notification.desktop_notification.terminal_notifier': Not used on non-Darwin systems
[1.072s] INFO:colcon.colcon_core.plugin_system:Skipping extension 'colcon_notification.desktop_notification.win32': Not used on non-Windows systems
[1.072s] INFO:colcon.colcon_notification.desktop_notification:Sending desktop notification using 'notify2'
[1.076s] DEBUG:colcon.colcon_notification.desktop_notification.notify2:Failed to initialize notify2: org.freedesktop.DBus.Error.Spawn.ExecFailed: /usr/bin/dbus-launch terminated abnormally without any error message
[1.076s] DEBUG:colcon.colcon_core.event_reactor:joined thread
[1.077s] INFO:colcon.colcon_core.shell:Creating prefix script '/home/2024-tfg-eva-fernandez/pruebas/nao_controller/install/local_setup.ps1'
[1.079s] INFO:colcon.colcon_core.shell:Creating prefix util module '/home/2024-tfg-eva-fernandez/pruebas/nao_controller/install/_local_setup_util_ps1.py'
[1.082s] INFO:colcon.colcon_core.shell:Creating prefix chain script '/home/2024-tfg-eva-fernandez/pruebas/nao_controller/install/setup.ps1'
[1.084s] INFO:colcon.colcon_core.shell:Creating prefix script '/home/2024-tfg-eva-fernandez/pruebas/nao_controller/install/local_setup.sh'
[1.085s] INFO:colcon.colcon_core.shell:Creating prefix util module '/home/2024-tfg-eva-fernandez/pruebas/nao_controller/install/_local_setup_util_sh.py'
[1.086s] INFO:colcon.colcon_core.shell:Creating prefix chain script '/home/2024-tfg-eva-fernandez/pruebas/nao_controller/install/setup.sh'
[1.088s] INFO:colcon.colcon_core.shell:Creating prefix script '/home/2024-tfg-eva-fernandez/pruebas/nao_controller/install/local_setup.bash'
[1.089s] INFO:colcon.colcon_core.shell:Creating prefix chain script '/home/2024-tfg-eva-fernandez/pruebas/nao_controller/install/setup.bash'
[1.090s] INFO:colcon.colcon_core.shell:Creating prefix script '/home/2024-tfg-eva-fernandez/pruebas/nao_controller/install/local_setup.zsh'
[1.091s] INFO:colcon.colcon_core.shell:Creating prefix chain script '/home/2024-tfg-eva-fernandez/pruebas/nao_controller/install/setup.zsh'
