[0.142s] DEBUG:colcon:Command line arguments: ['/usr/bin/colcon', 'build']
[0.142s] DEBUG:colcon:Parsed command line arguments: Namespace(log_base=None, log_level=None, verb_name='build', build_base='build', install_base='install', merge_install=False, symlink_install=False, test_result_base=None, continue_on_error=False, executor='parallel', parallel_workers=20, event_handlers=None, ignore_user_meta=False, metas=['./colcon.meta'], base_paths=['.'], packages_ignore=None, packages_ignore_regex=None, paths=None, packages_up_to=None, packages_up_to_regex=None, packages_above=None, packages_above_and_dependencies=None, packages_above_depth=None, packages_select_by_dep=None, packages_skip_by_dep=None, packages_skip_up_to=None, packages_select_build_failed=False, packages_skip_build_finished=False, packages_select_test_failures=False, packages_skip_test_passed=False, packages_select=None, packages_skip=None, packages_select_regex=None, packages_skip_regex=None, packages_start=None, packages_end=None, cmake_args=None, cmake_target=None, cmake_target_skip_unavailable=False, cmake_clean_cache=False, cmake_clean_first=False, cmake_force_configure=False, ament_cmake_args=None, catkin_cmake_args=None, catkin_skip_building_tests=False, mixin_files=None, mixin=None, verb_parser=<colcon_mixin.mixin.mixin_argument.MixinArgumentDecorator object at 0x79be26af8040>, verb_extension=<colcon_core.verb.build.BuildVerb object at 0x79be26abf5b0>, main=<bound method BuildVerb.main of <colcon_core.verb.build.BuildVerb object at 0x79be26abf5b0>>, mixin_verb=('build',))
[0.302s] Level 1:colcon.colcon_core.package_discovery:discover_packages(colcon_meta) check parameters
[0.302s] INFO:colcon.colcon_metadata.package_discovery.colcon_meta:Using configuration from '/root/.colcon/metadata/default/Gazebo.meta'
[0.303s] INFO:colcon.colcon_metadata.package_discovery.colcon_meta:Using configuration from '/root/.colcon/metadata/default/fastrtps.meta'
[0.303s] Level 1:colcon.colcon_core.package_discovery:discover_packages(recursive) check parameters
[0.303s] Level 1:colcon.colcon_core.package_discovery:discover_packages(ignore) check parameters
[0.303s] Level 1:colcon.colcon_core.package_discovery:discover_packages(path) check parameters
[0.303s] Level 1:colcon.colcon_core.package_discovery:discover_packages(colcon_meta) discover
[0.303s] Level 1:colcon.colcon_core.package_discovery:discover_packages(recursive) discover
[0.303s] INFO:colcon.colcon_core.package_discovery:Crawling recursively for packages in '/home/2024-tfg-eva-fernandez/pruebas/moving_nao'
[0.303s] Level 1:colcon.colcon_core.package_identification:_identify(.) by extensions ['ignore', 'ignore_ament_install']
[0.304s] Level 1:colcon.colcon_core.package_identification:_identify(.) by extension 'ignore'
[0.304s] Level 1:colcon.colcon_core.package_identification:_identify(.) by extension 'ignore_ament_install'
[0.304s] Level 1:colcon.colcon_core.package_identification:_identify(.) by extensions ['colcon_pkg']
[0.304s] Level 1:colcon.colcon_core.package_identification:_identify(.) by extension 'colcon_pkg'
[0.304s] Level 1:colcon.colcon_core.package_identification:_identify(.) by extensions ['colcon_meta']
[0.304s] Level 1:colcon.colcon_core.package_identification:_identify(.) by extension 'colcon_meta'
[0.304s] Level 1:colcon.colcon_core.package_identification:_identify(.) by extensions ['ros']
[0.304s] Level 1:colcon.colcon_core.package_identification:_identify(.) by extension 'ros'
[0.320s] DEBUG:colcon.colcon_core.package_identification:Package '.' with type 'ros.ament_python' and name 'moving_nao'
[0.320s] Level 1:colcon.colcon_core.package_discovery:discover_packages(recursive) using defaults
[0.320s] Level 1:colcon.colcon_core.package_discovery:discover_packages(ignore) discover
[0.320s] Level 1:colcon.colcon_core.package_discovery:discover_packages(ignore) using defaults
[0.320s] Level 1:colcon.colcon_core.package_discovery:discover_packages(path) discover
[0.320s] Level 1:colcon.colcon_core.package_discovery:discover_packages(path) using defaults
[0.345s] Level 5:colcon.colcon_core.verb:set package 'moving_nao' build argument 'cmake_args' from command line to 'None'
[0.345s] Level 5:colcon.colcon_core.verb:set package 'moving_nao' build argument 'cmake_target' from command line to 'None'
[0.345s] Level 5:colcon.colcon_core.verb:set package 'moving_nao' build argument 'cmake_target_skip_unavailable' from command line to 'False'
[0.345s] Level 5:colcon.colcon_core.verb:set package 'moving_nao' build argument 'cmake_clean_cache' from command line to 'False'
[0.345s] Level 5:colcon.colcon_core.verb:set package 'moving_nao' build argument 'cmake_clean_first' from command line to 'False'
[0.345s] Level 5:colcon.colcon_core.verb:set package 'moving_nao' build argument 'cmake_force_configure' from command line to 'False'
[0.346s] Level 5:colcon.colcon_core.verb:set package 'moving_nao' build argument 'ament_cmake_args' from command line to 'None'
[0.346s] Level 5:colcon.colcon_core.verb:set package 'moving_nao' build argument 'catkin_cmake_args' from command line to 'None'
[0.346s] Level 5:colcon.colcon_core.verb:set package 'moving_nao' build argument 'catkin_skip_building_tests' from command line to 'False'
[0.346s] DEBUG:colcon.colcon_core.verb:Building package 'moving_nao' with the following arguments: {'ament_cmake_args': None, 'build_base': '/home/2024-tfg-eva-fernandez/pruebas/moving_nao/build/moving_nao', 'catkin_cmake_args': None, 'catkin_skip_building_tests': False, 'cmake_args': None, 'cmake_clean_cache': False, 'cmake_clean_first': False, 'cmake_force_configure': False, 'cmake_target': None, 'cmake_target_skip_unavailable': False, 'install_base': '/home/2024-tfg-eva-fernandez/pruebas/moving_nao/install/moving_nao', 'merge_install': False, 'path': '/home/2024-tfg-eva-fernandez/pruebas/moving_nao', 'symlink_install': False, 'test_result_base': None}
[0.346s] INFO:colcon.colcon_core.executor:Executing jobs using 'parallel' executor
[0.347s] DEBUG:colcon.colcon_parallel_executor.executor.parallel:run_until_complete
[0.347s] INFO:colcon.colcon_ros.task.ament_python.build:Building ROS package in '/home/2024-tfg-eva-fernandez/pruebas/moving_nao' with build type 'ament_python'
[0.347s] Level 1:colcon.colcon_core.shell:create_environment_hook('moving_nao', 'ament_prefix_path')
[0.350s] INFO:colcon.colcon_core.plugin_system:Skipping extension 'colcon_core.shell.bat': Not used on non-Windows systems
[0.350s] INFO:colcon.colcon_core.shell:Creating environment hook '/home/2024-tfg-eva-fernandez/pruebas/moving_nao/install/moving_nao/share/moving_nao/hook/ament_prefix_path.ps1'
[0.351s] INFO:colcon.colcon_core.shell:Creating environment descriptor '/home/2024-tfg-eva-fernandez/pruebas/moving_nao/install/moving_nao/share/moving_nao/hook/ament_prefix_path.dsv'
[0.351s] INFO:colcon.colcon_core.shell:Creating environment hook '/home/2024-tfg-eva-fernandez/pruebas/moving_nao/install/moving_nao/share/moving_nao/hook/ament_prefix_path.sh'
[0.352s] INFO:colcon.colcon_core.shell:Skip shell extension 'powershell' for command environment: Not usable outside of PowerShell
[0.352s] DEBUG:colcon.colcon_core.shell:Skip shell extension 'dsv' for command environment
[0.659s] INFO:colcon.colcon_core.task.python.build:Building Python package in '/home/2024-tfg-eva-fernandez/pruebas/moving_nao'
[0.660s] INFO:colcon.colcon_core.shell:Skip shell extension 'powershell' for command environment: Not usable outside of PowerShell
[0.660s] DEBUG:colcon.colcon_core.shell:Skip shell extension 'dsv' for command environment
[1.079s] DEBUG:colcon.colcon_core.event_handler.log_command:Invoking command in '/home/2024-tfg-eva-fernandez/pruebas/moving_nao': PYTHONPATH=/home/2024-tfg-eva-fernandez/pruebas/moving_nao/build/moving_nao/prefix_override:/usr/lib/python3/dist-packages/colcon_core/task/python/colcon_distutils_commands:/home/2024-tfg-eva-fernandez/pruebas/moving_nao/install/moving_nao/lib/python3.10/site-packages:${PYTHONPATH} /usr/bin/python3 -W ignore:setup.py install is deprecated setup.py egg_info --egg-base build/moving_nao build --build-base /home/2024-tfg-eva-fernandez/pruebas/moving_nao/build/moving_nao/build install --record /home/2024-tfg-eva-fernandez/pruebas/moving_nao/build/moving_nao/install.log --single-version-externally-managed install_data
[1.425s] DEBUG:colcon.colcon_core.event_handler.log_command:Invoked command in '/home/2024-tfg-eva-fernandez/pruebas/moving_nao' returned '0': PYTHONPATH=/home/2024-tfg-eva-fernandez/pruebas/moving_nao/build/moving_nao/prefix_override:/usr/lib/python3/dist-packages/colcon_core/task/python/colcon_distutils_commands:/home/2024-tfg-eva-fernandez/pruebas/moving_nao/install/moving_nao/lib/python3.10/site-packages:${PYTHONPATH} /usr/bin/python3 -W ignore:setup.py install is deprecated setup.py egg_info --egg-base build/moving_nao build --build-base /home/2024-tfg-eva-fernandez/pruebas/moving_nao/build/moving_nao/build install --record /home/2024-tfg-eva-fernandez/pruebas/moving_nao/build/moving_nao/install.log --single-version-externally-managed install_data
[1.428s] Level 1:colcon.colcon_core.environment:checking '/home/2024-tfg-eva-fernandez/pruebas/moving_nao/install/moving_nao' for CMake module files
[1.429s] Level 1:colcon.colcon_core.environment:checking '/home/2024-tfg-eva-fernandez/pruebas/moving_nao/install/moving_nao' for CMake config files
[1.430s] Level 1:colcon.colcon_core.environment:checking '/home/2024-tfg-eva-fernandez/pruebas/moving_nao/install/moving_nao/lib'
[1.430s] Level 1:colcon.colcon_core.environment:checking '/home/2024-tfg-eva-fernandez/pruebas/moving_nao/install/moving_nao/bin'
[1.430s] Level 1:colcon.colcon_core.environment:checking '/home/2024-tfg-eva-fernandez/pruebas/moving_nao/install/moving_nao/lib/pkgconfig/moving_nao.pc'
[1.431s] Level 1:colcon.colcon_core.environment:checking '/home/2024-tfg-eva-fernandez/pruebas/moving_nao/install/moving_nao/lib/python3.10/site-packages'
[1.431s] Level 1:colcon.colcon_core.shell:create_environment_hook('moving_nao', 'pythonpath')
[1.431s] INFO:colcon.colcon_core.shell:Creating environment hook '/home/2024-tfg-eva-fernandez/pruebas/moving_nao/install/moving_nao/share/moving_nao/hook/pythonpath.ps1'
[1.432s] INFO:colcon.colcon_core.shell:Creating environment descriptor '/home/2024-tfg-eva-fernandez/pruebas/moving_nao/install/moving_nao/share/moving_nao/hook/pythonpath.dsv'
[1.432s] INFO:colcon.colcon_core.shell:Creating environment hook '/home/2024-tfg-eva-fernandez/pruebas/moving_nao/install/moving_nao/share/moving_nao/hook/pythonpath.sh'
[1.433s] Level 1:colcon.colcon_core.environment:checking '/home/2024-tfg-eva-fernandez/pruebas/moving_nao/install/moving_nao/bin'
[1.433s] Level 1:colcon.colcon_core.environment:create_environment_scripts_only(moving_nao)
[1.433s] INFO:colcon.colcon_core.shell:Creating package script '/home/2024-tfg-eva-fernandez/pruebas/moving_nao/install/moving_nao/share/moving_nao/package.ps1'
[1.435s] INFO:colcon.colcon_core.shell:Creating package descriptor '/home/2024-tfg-eva-fernandez/pruebas/moving_nao/install/moving_nao/share/moving_nao/package.dsv'
[1.435s] INFO:colcon.colcon_core.shell:Creating package script '/home/2024-tfg-eva-fernandez/pruebas/moving_nao/install/moving_nao/share/moving_nao/package.sh'
[1.436s] INFO:colcon.colcon_core.shell:Creating package script '/home/2024-tfg-eva-fernandez/pruebas/moving_nao/install/moving_nao/share/moving_nao/package.bash'
[1.437s] INFO:colcon.colcon_core.shell:Creating package script '/home/2024-tfg-eva-fernandez/pruebas/moving_nao/install/moving_nao/share/moving_nao/package.zsh'
[1.438s] Level 1:colcon.colcon_core.environment:create_file_with_runtime_dependencies(/home/2024-tfg-eva-fernandez/pruebas/moving_nao/install/moving_nao/share/colcon-core/packages/moving_nao)
[1.438s] DEBUG:colcon.colcon_parallel_executor.executor.parallel:closing loop
[1.439s] DEBUG:colcon.colcon_parallel_executor.executor.parallel:loop closed
[1.439s] DEBUG:colcon.colcon_parallel_executor.executor.parallel:run_until_complete finished with '0'
[1.439s] DEBUG:colcon.colcon_core.event_reactor:joining thread
[1.446s] INFO:colcon.colcon_core.plugin_system:Skipping extension 'colcon_notification.desktop_notification.notify_send': Could not find 'notify-send'
[1.446s] INFO:colcon.colcon_core.plugin_system:Skipping extension 'colcon_notification.desktop_notification.terminal_notifier': Not used on non-Darwin systems
[1.447s] INFO:colcon.colcon_core.plugin_system:Skipping extension 'colcon_notification.desktop_notification.win32': Not used on non-Windows systems
[1.447s] INFO:colcon.colcon_notification.desktop_notification:Sending desktop notification using 'notify2'
[1.450s] DEBUG:colcon.colcon_notification.desktop_notification.notify2:Failed to initialize notify2: org.freedesktop.DBus.Error.Spawn.ExecFailed: /usr/bin/dbus-launch terminated abnormally without any error message
[1.450s] DEBUG:colcon.colcon_core.event_reactor:joined thread
[1.452s] INFO:colcon.colcon_core.shell:Creating prefix script '/home/2024-tfg-eva-fernandez/pruebas/moving_nao/install/local_setup.ps1'
[1.454s] INFO:colcon.colcon_core.shell:Creating prefix util module '/home/2024-tfg-eva-fernandez/pruebas/moving_nao/install/_local_setup_util_ps1.py'
[1.456s] INFO:colcon.colcon_core.shell:Creating prefix chain script '/home/2024-tfg-eva-fernandez/pruebas/moving_nao/install/setup.ps1'
[1.458s] INFO:colcon.colcon_core.shell:Creating prefix script '/home/2024-tfg-eva-fernandez/pruebas/moving_nao/install/local_setup.sh'
[1.458s] INFO:colcon.colcon_core.shell:Creating prefix util module '/home/2024-tfg-eva-fernandez/pruebas/moving_nao/install/_local_setup_util_sh.py'
[1.459s] INFO:colcon.colcon_core.shell:Creating prefix chain script '/home/2024-tfg-eva-fernandez/pruebas/moving_nao/install/setup.sh'
[1.460s] INFO:colcon.colcon_core.shell:Creating prefix script '/home/2024-tfg-eva-fernandez/pruebas/moving_nao/install/local_setup.bash'
[1.461s] INFO:colcon.colcon_core.shell:Creating prefix chain script '/home/2024-tfg-eva-fernandez/pruebas/moving_nao/install/setup.bash'
[1.462s] INFO:colcon.colcon_core.shell:Creating prefix script '/home/2024-tfg-eva-fernandez/pruebas/moving_nao/install/local_setup.zsh'
[1.463s] INFO:colcon.colcon_core.shell:Creating prefix chain script '/home/2024-tfg-eva-fernandez/pruebas/moving_nao/install/setup.zsh'
