[0.321s] Invoking command in '/home/evichan/Desktop/2024-tfg-eva-fernandez/CoordMoves/coordmoves': PYTHONPATH=/home/evichan/Desktop/2024-tfg-eva-fernandez/CoordMoves/coordmoves/build/coordmoves/prefix_override:/usr/lib/python3/dist-packages/colcon_core/task/python/colcon_distutils_commands:/home/evichan/Desktop/2024-tfg-eva-fernandez/CoordMoves/coordmoves/install/coordmoves/lib/python3.10/site-packages:${PYTHONPATH} /usr/bin/python3 -W ignore:setup.py install is deprecated -W ignore:easy_install command is deprecated setup.py egg_info --egg-base build/coordmoves build --build-base /home/evichan/Desktop/2024-tfg-eva-fernandez/CoordMoves/coordmoves/build/coordmoves/build install --record /home/evichan/Desktop/2024-tfg-eva-fernandez/CoordMoves/coordmoves/build/coordmoves/install.log --single-version-externally-managed install_data
[0.437s] running egg_info
[0.437s] writing build/coordmoves/coordmoves.egg-info/PKG-INFO
[0.446s] writing dependency_links to build/coordmoves/coordmoves.egg-info/dependency_links.txt
[0.446s] writing entry points to build/coordmoves/coordmoves.egg-info/entry_points.txt
[0.446s] writing requirements to build/coordmoves/coordmoves.egg-info/requires.txt
[0.446s] writing top-level names to build/coordmoves/coordmoves.egg-info/top_level.txt
[0.447s] reading manifest file 'build/coordmoves/coordmoves.egg-info/SOURCES.txt'
[0.448s] writing manifest file 'build/coordmoves/coordmoves.egg-info/SOURCES.txt'
[0.448s] running build
[0.448s] running build_py
[0.449s] copying coordmoves/CoordMovesLib.py -> /home/evichan/Desktop/2024-tfg-eva-fernandez/CoordMoves/coordmoves/build/coordmoves/build/lib/coordmoves
[0.449s] running install
[0.449s] running install_lib
[0.450s] copying /home/evichan/Desktop/2024-tfg-eva-fernandez/CoordMoves/coordmoves/build/coordmoves/build/lib/coordmoves/CoordMovesLib.py -> /home/evichan/Desktop/2024-tfg-eva-fernandez/CoordMoves/coordmoves/install/coordmoves/lib/python3.10/site-packages/coordmoves
[0.450s] byte-compiling /home/evichan/Desktop/2024-tfg-eva-fernandez/CoordMoves/coordmoves/install/coordmoves/lib/python3.10/site-packages/coordmoves/CoordMovesLib.py to CoordMovesLib.cpython-310.pyc
[0.453s] running install_data
[0.454s] running install_egg_info
[0.455s] removing '/home/evichan/Desktop/2024-tfg-eva-fernandez/CoordMoves/coordmoves/install/coordmoves/lib/python3.10/site-packages/coordmoves-0.0.0-py3.10.egg-info' (and everything under it)
[0.455s] Copying build/coordmoves/coordmoves.egg-info to /home/evichan/Desktop/2024-tfg-eva-fernandez/CoordMoves/coordmoves/install/coordmoves/lib/python3.10/site-packages/coordmoves-0.0.0-py3.10.egg-info
[0.455s] running install_scripts
[0.465s] Installing CoordMoves script to /home/evichan/Desktop/2024-tfg-eva-fernandez/CoordMoves/coordmoves/install/coordmoves/lib/coordmoves
[0.466s] writing list of installed files to '/home/evichan/Desktop/2024-tfg-eva-fernandez/CoordMoves/coordmoves/build/coordmoves/install.log'
[0.477s] Invoked command in '/home/evichan/Desktop/2024-tfg-eva-fernandez/CoordMoves/coordmoves' returned '0': PYTHONPATH=/home/evichan/Desktop/2024-tfg-eva-fernandez/CoordMoves/coordmoves/build/coordmoves/prefix_override:/usr/lib/python3/dist-packages/colcon_core/task/python/colcon_distutils_commands:/home/evichan/Desktop/2024-tfg-eva-fernandez/CoordMoves/coordmoves/install/coordmoves/lib/python3.10/site-packages:${PYTHONPATH} /usr/bin/python3 -W ignore:setup.py install is deprecated -W ignore:easy_install command is deprecated setup.py egg_info --egg-base build/coordmoves build --build-base /home/evichan/Desktop/2024-tfg-eva-fernandez/CoordMoves/coordmoves/build/coordmoves/build install --record /home/evichan/Desktop/2024-tfg-eva-fernandez/CoordMoves/coordmoves/build/coordmoves/install.log --single-version-externally-managed install_data
