/home/evichan/Desktop/2024-tfg-eva-fernandez/CoordMoves/coordmoves/install/coordmoves/lib/python3.10/site-packages/coordmoves/GreenNao.py
/home/evichan/Desktop/2024-tfg-eva-fernandez/CoordMoves/coordmoves/install/coordmoves/lib/python3.10/site-packages/coordmoves/gr.py
/home/evichan/Desktop/2024-tfg-eva-fernandez/CoordMoves/coordmoves/install/coordmoves/lib/python3.10/site-packages/coordmoves/stand.py
/home/evichan/Desktop/2024-tfg-eva-fernandez/CoordMoves/coordmoves/install/coordmoves/lib/python3.10/site-packages/coordmoves/return.py
/home/evichan/Desktop/2024-tfg-eva-fernandez/CoordMoves/coordmoves/install/coordmoves/lib/python3.10/site-packages/coordmoves/__init__.py
/home/evichan/Desktop/2024-tfg-eva-fernandez/CoordMoves/coordmoves/install/coordmoves/lib/python3.10/site-packages/coordmoves/CoordMovesLib.py
/home/evichan/Desktop/2024-tfg-eva-fernandez/CoordMoves/coordmoves/install/coordmoves/lib/python3.10/site-packages/coordmoves/__pycache__/GreenNao.cpython-310.pyc
/home/evichan/Desktop/2024-tfg-eva-fernandez/CoordMoves/coordmoves/install/coordmoves/lib/python3.10/site-packages/coordmoves/__pycache__/gr.cpython-310.pyc
/home/evichan/Desktop/2024-tfg-eva-fernandez/CoordMoves/coordmoves/install/coordmoves/lib/python3.10/site-packages/coordmoves/__pycache__/stand.cpython-310.pyc
/home/evichan/Desktop/2024-tfg-eva-fernandez/CoordMoves/coordmoves/install/coordmoves/lib/python3.10/site-packages/coordmoves/__pycache__/return.cpython-310.pyc
/home/evichan/Desktop/2024-tfg-eva-fernandez/CoordMoves/coordmoves/install/coordmoves/lib/python3.10/site-packages/coordmoves/__pycache__/__init__.cpython-310.pyc
/home/evichan/Desktop/2024-tfg-eva-fernandez/CoordMoves/coordmoves/install/coordmoves/lib/python3.10/site-packages/coordmoves/__pycache__/CoordMovesLib.cpython-310.pyc
/home/evichan/Desktop/2024-tfg-eva-fernandez/CoordMoves/coordmoves/install/coordmoves/share/coordmoves/package.xml
/home/evichan/Desktop/2024-tfg-eva-fernandez/CoordMoves/coordmoves/install/coordmoves/share/coordmoves/launch/launcher.launch.py
/home/evichan/Desktop/2024-tfg-eva-fernandez/CoordMoves/coordmoves/install/coordmoves/share/ament_index/resource_index/packages/coordmoves
/home/evichan/Desktop/2024-tfg-eva-fernandez/CoordMoves/coordmoves/install/coordmoves/lib/python3.10/site-packages/coordmoves-0.0.0-py3.10.egg-info/entry_points.txt
/home/evichan/Desktop/2024-tfg-eva-fernandez/CoordMoves/coordmoves/install/coordmoves/lib/python3.10/site-packages/coordmoves-0.0.0-py3.10.egg-info/SOURCES.txt
/home/evichan/Desktop/2024-tfg-eva-fernandez/CoordMoves/coordmoves/install/coordmoves/lib/python3.10/site-packages/coordmoves-0.0.0-py3.10.egg-info/dependency_links.txt
/home/evichan/Desktop/2024-tfg-eva-fernandez/CoordMoves/coordmoves/install/coordmoves/lib/python3.10/site-packages/coordmoves-0.0.0-py3.10.egg-info/PKG-INFO
/home/evichan/Desktop/2024-tfg-eva-fernandez/CoordMoves/coordmoves/install/coordmoves/lib/python3.10/site-packages/coordmoves-0.0.0-py3.10.egg-info/zip-safe
/home/evichan/Desktop/2024-tfg-eva-fernandez/CoordMoves/coordmoves/install/coordmoves/lib/python3.10/site-packages/coordmoves-0.0.0-py3.10.egg-info/requires.txt
/home/evichan/Desktop/2024-tfg-eva-fernandez/CoordMoves/coordmoves/install/coordmoves/lib/python3.10/site-packages/coordmoves-0.0.0-py3.10.egg-info/top_level.txt
/home/evichan/Desktop/2024-tfg-eva-fernandez/CoordMoves/coordmoves/install/coordmoves/lib/coordmoves/CoordMoves
