[0.305s] Invoking command in '/home/2024-tfg-eva-fernandez/pruebas/prueba_controlador/my_gazebo_controller': PYTHONPATH=/home/2024-tfg-eva-fernandez/pruebas/prueba_controlador/my_gazebo_controller/build/my_gazebo_controller/prefix_override:/usr/lib/python3/dist-packages/colcon_core/task/python/colcon_distutils_commands:/home/2024-tfg-eva-fernandez/pruebas/prueba_controlador/my_gazebo_controller/install/my_gazebo_controller/lib/python3.10/site-packages:${PYTHONPATH} /usr/bin/python3 -W ignore:setup.py install is deprecated setup.py egg_info --egg-base build/my_gazebo_controller build --build-base /home/2024-tfg-eva-fernandez/pruebas/prueba_controlador/my_gazebo_controller/build/my_gazebo_controller/build install --record /home/2024-tfg-eva-fernandez/pruebas/prueba_controlador/my_gazebo_controller/build/my_gazebo_controller/install.log --single-version-externally-managed
[0.412s] running egg_info
[0.413s] creating build/my_gazebo_controller/my_gazebo_controller.egg-info
[0.413s] writing build/my_gazebo_controller/my_gazebo_controller.egg-info/PKG-INFO
[0.413s] writing dependency_links to build/my_gazebo_controller/my_gazebo_controller.egg-info/dependency_links.txt
[0.413s] writing entry points to build/my_gazebo_controller/my_gazebo_controller.egg-info/entry_points.txt
[0.413s] writing requirements to build/my_gazebo_controller/my_gazebo_controller.egg-info/requires.txt
[0.413s] writing top-level names to build/my_gazebo_controller/my_gazebo_controller.egg-info/top_level.txt
[0.413s] writing manifest file 'build/my_gazebo_controller/my_gazebo_controller.egg-info/SOURCES.txt'
[0.414s] reading manifest file 'build/my_gazebo_controller/my_gazebo_controller.egg-info/SOURCES.txt'
[0.414s] writing manifest file 'build/my_gazebo_controller/my_gazebo_controller.egg-info/SOURCES.txt'
[0.414s] running build
[0.414s] running build_py
[0.414s] creating /home/2024-tfg-eva-fernandez/pruebas/prueba_controlador/my_gazebo_controller/build/my_gazebo_controller/build
[0.414s] creating /home/2024-tfg-eva-fernandez/pruebas/prueba_controlador/my_gazebo_controller/build/my_gazebo_controller/build/lib
[0.414s] creating /home/2024-tfg-eva-fernandez/pruebas/prueba_controlador/my_gazebo_controller/build/my_gazebo_controller/build/lib/my_gazebo_controller
[0.414s] copying my_gazebo_controller/__init__.py -> /home/2024-tfg-eva-fernandez/pruebas/prueba_controlador/my_gazebo_controller/build/my_gazebo_controller/build/lib/my_gazebo_controller
[0.414s] copying my_gazebo_controller/controller.py -> /home/2024-tfg-eva-fernandez/pruebas/prueba_controlador/my_gazebo_controller/build/my_gazebo_controller/build/lib/my_gazebo_controller
[0.415s] running install
[0.415s] running install_lib
[0.415s] creating /home/2024-tfg-eva-fernandez/pruebas/prueba_controlador/my_gazebo_controller/install/my_gazebo_controller/lib/python3.10/site-packages/my_gazebo_controller
[0.415s] copying /home/2024-tfg-eva-fernandez/pruebas/prueba_controlador/my_gazebo_controller/build/my_gazebo_controller/build/lib/my_gazebo_controller/__init__.py -> /home/2024-tfg-eva-fernandez/pruebas/prueba_controlador/my_gazebo_controller/install/my_gazebo_controller/lib/python3.10/site-packages/my_gazebo_controller
[0.415s] copying /home/2024-tfg-eva-fernandez/pruebas/prueba_controlador/my_gazebo_controller/build/my_gazebo_controller/build/lib/my_gazebo_controller/controller.py -> /home/2024-tfg-eva-fernandez/pruebas/prueba_controlador/my_gazebo_controller/install/my_gazebo_controller/lib/python3.10/site-packages/my_gazebo_controller
[0.415s] byte-compiling /home/2024-tfg-eva-fernandez/pruebas/prueba_controlador/my_gazebo_controller/install/my_gazebo_controller/lib/python3.10/site-packages/my_gazebo_controller/__init__.py to __init__.cpython-310.pyc
[0.415s] byte-compiling /home/2024-tfg-eva-fernandez/pruebas/prueba_controlador/my_gazebo_controller/install/my_gazebo_controller/lib/python3.10/site-packages/my_gazebo_controller/controller.py to controller.cpython-310.pyc
[0.416s] running install_egg_info
[0.416s] Copying build/my_gazebo_controller/my_gazebo_controller.egg-info to /home/2024-tfg-eva-fernandez/pruebas/prueba_controlador/my_gazebo_controller/install/my_gazebo_controller/lib/python3.10/site-packages/my_gazebo_controller-0.0.1-py3.10.egg-info
[0.417s] running install_scripts
[0.428s] Installing gazebo_controller script to /home/2024-tfg-eva-fernandez/pruebas/prueba_controlador/my_gazebo_controller/install/my_gazebo_controller/lib/my_gazebo_controller
[0.428s] writing list of installed files to '/home/2024-tfg-eva-fernandez/pruebas/prueba_controlador/my_gazebo_controller/build/my_gazebo_controller/install.log'
[0.440s] Invoked command in '/home/2024-tfg-eva-fernandez/pruebas/prueba_controlador/my_gazebo_controller' returned '0': PYTHONPATH=/home/2024-tfg-eva-fernandez/pruebas/prueba_controlador/my_gazebo_controller/build/my_gazebo_controller/prefix_override:/usr/lib/python3/dist-packages/colcon_core/task/python/colcon_distutils_commands:/home/2024-tfg-eva-fernandez/pruebas/prueba_controlador/my_gazebo_controller/install/my_gazebo_controller/lib/python3.10/site-packages:${PYTHONPATH} /usr/bin/python3 -W ignore:setup.py install is deprecated setup.py egg_info --egg-base build/my_gazebo_controller build --build-base /home/2024-tfg-eva-fernandez/pruebas/prueba_controlador/my_gazebo_controller/build/my_gazebo_controller/build install --record /home/2024-tfg-eva-fernandez/pruebas/prueba_controlador/my_gazebo_controller/build/my_gazebo_controller/install.log --single-version-externally-managed
